[ 2017-05-13T01:33:47+08:00 ] 127.0.0.1 /Admin/login/login.html
INFO: [ app_init ] --START--
INFO: Run Behavior\BuildLiteBehavior [ RunTime:0.000017s ]
INFO: [ app_init ] --END-- [ RunTime:0.000406s ]
INFO: [ app_begin ] --START--
INFO: Run Behavior\ReadHtmlCacheBehavior [ RunTime:0.000575s ]
INFO: [ app_begin ] --END-- [ RunTime:0.000637s ]
INFO: [ view_parse ] --START--
INFO: [ template_filter ] --START--
INFO: Run Behavior\ContentReplaceBehavior [ RunTime:0.000049s ]
INFO: [ template_filter ] --END-- [ RunTime:0.000129s ]
INFO: Run Behavior\ParseTemplateBehavior [ RunTime:0.007433s ]
INFO: [ view_parse ] --END-- [ RunTime:0.007510s ]
INFO: [ view_filter ] --START--
INFO: Run Behavior\WriteHtmlCacheBehavior [ RunTime:0.000449s ]
INFO: [ view_filter ] --END-- [ RunTime:0.000508s ]
INFO: [ app_end ] --START--
INFO: Run Behavior\ShowPageTraceBehavior [ RunTime:0.000644s ]
INFO: [ app_end ] --END-- [ RunTime:0.000700s ]

[ 2017-05-13T01:33:55+08:00 ] 127.0.0.1 /index.php/Admin/login/login.html
INFO: [ app_init ] --START--
INFO: Run Behavior\BuildLiteBehavior [ RunTime:0.000024s ]
INFO: [ app_init ] --END-- [ RunTime:0.000535s ]
INFO: [ app_begin ] --START--
INFO: Run Behavior\ReadHtmlCacheBehavior [ RunTime:0.000656s ]
INFO: [ app_begin ] --END-- [ RunTime:0.000733s ]
SQL: SELECT * FROM `jgbs_user` WHERE ( user_username='admin' ) LIMIT 1   [ RunTime:0.0006s ]
SQL: SELECT * FROM `jgbs_user` WHERE ( user_id='1' ) LIMIT 1   [ RunTime:0.0004s ]

[ 2017-05-13T01:33:55+08:00 ] 127.0.0.1 /index.php/Admin/index/index.html
INFO: [ app_init ] --START--
INFO: Run Behavior\BuildLiteBehavior [ RunTime:0.000017s ]
INFO: [ app_init ] --END-- [ RunTime:0.000350s ]
INFO: [ app_begin ] --START--
INFO: Run Behavior\ReadHtmlCacheBehavior [ RunTime:0.000870s ]
INFO: [ app_begin ] --END-- [ RunTime:0.000954s ]
INFO: [ view_parse ] --START--
INFO: [ template_filter ] --START--
INFO: Run Behavior\ContentReplaceBehavior [ RunTime:0.000086s ]
INFO: [ template_filter ] --END-- [ RunTime:0.000172s ]
INFO: Run Behavior\ParseTemplateBehavior [ RunTime:0.031739s ]
INFO: [ view_parse ] --END-- [ RunTime:0.031835s ]
INFO: [ view_filter ] --START--
INFO: Run Behavior\WriteHtmlCacheBehavior [ RunTime:0.000457s ]
INFO: [ view_filter ] --END-- [ RunTime:0.000517s ]
INFO: [ app_end ] --START--
INFO: Run Behavior\ShowPageTraceBehavior [ RunTime:0.001110s ]
INFO: [ app_end ] --END-- [ RunTime:0.001244s ]

[ 2017-05-13T01:33:56+08:00 ] 127.0.0.1 /index.php/Admin/Index/menu
INFO: [ app_init ] --START--
INFO: Run Behavior\BuildLiteBehavior [ RunTime:0.000030s ]
INFO: [ app_init ] --END-- [ RunTime:0.000544s ]
INFO: [ app_begin ] --START--
INFO: Run Behavior\ReadHtmlCacheBehavior [ RunTime:0.000786s ]
INFO: [ app_begin ] --END-- [ RunTime:0.000919s ]
SQL: SELECT COUNT(*) AS tp_count FROM `jgbs_project` WHERE ( pro_type=1 AND pro_examine=0 ) LIMIT 1   [ RunTime:0.0003s ]
SQL: SELECT COUNT(*) AS tp_count FROM `jgbs_project` WHERE ( pro_type=2 AND pro_examine=0 ) LIMIT 1   [ RunTime:0.0003s ]
SQL: SELECT COUNT(*) AS tp_count FROM `jgbs_project` WHERE ( pro_type=3 AND pro_examine=0 ) LIMIT 1   [ RunTime:0.0002s ]
SQL: SELECT COUNT(*) AS tp_count FROM `jgbs_project` WHERE ( pro_type=4 AND pro_examine=0 ) LIMIT 1   [ RunTime:0.0003s ]
INFO: [ app_end ] --START--
INFO: Run Behavior\ShowPageTraceBehavior [ RunTime:0.000816s ]
INFO: [ app_end ] --END-- [ RunTime:0.000878s ]

[ 2017-05-13T01:34:04+08:00 ] 127.0.0.1 /index.php/Admin/index/project.html
INFO: [ app_init ] --START--
INFO: Run Behavior\BuildLiteBehavior [ RunTime:0.000025s ]
INFO: [ app_init ] --END-- [ RunTime:0.000425s ]
INFO: [ app_begin ] --START--
INFO: Run Behavior\ReadHtmlCacheBehavior [ RunTime:0.000510s ]
INFO: [ app_begin ] --END-- [ RunTime:0.000575s ]
SQL: SELECT * FROM `jgbs_project` WHERE ( pro_type=1 AND pro_examine=0 )  [ RunTime:0.0005s ]
SQL: SELECT * FROM `jgbs_project` WHERE ( pro_type=1 AND pro_examine=1 )  [ RunTime:0.0004s ]
SQL: SELECT * FROM `jgbs_project` WHERE ( pro_type=1 AND pro_examine=2 )  [ RunTime:0.0003s ]
INFO: [ view_parse ] --START--
INFO: [ template_filter ] --START--
INFO: Run Behavior\ContentReplaceBehavior [ RunTime:0.000138s ]
INFO: [ template_filter ] --END-- [ RunTime:0.000214s ]
INFO: Run Behavior\ParseTemplateBehavior [ RunTime:0.077600s ]
INFO: [ view_parse ] --END-- [ RunTime:0.077704s ]
INFO: [ view_filter ] --START--
INFO: Run Behavior\WriteHtmlCacheBehavior [ RunTime:0.000516s ]
INFO: [ view_filter ] --END-- [ RunTime:0.000594s ]
INFO: [ app_end ] --START--
INFO: Run Behavior\ShowPageTraceBehavior [ RunTime:0.001158s ]
INFO: [ app_end ] --END-- [ RunTime:0.001303s ]

[ 2017-05-13T01:34:05+08:00 ] 127.0.0.1 /index.php/Admin/Index/menu
INFO: [ app_init ] --START--
INFO: Run Behavior\BuildLiteBehavior [ RunTime:0.000031s ]
INFO: [ app_init ] --END-- [ RunTime:0.000638s ]
INFO: [ app_begin ] --START--
INFO: Run Behavior\ReadHtmlCacheBehavior [ RunTime:0.001091s ]
INFO: [ app_begin ] --END-- [ RunTime:0.001231s ]
SQL: SELECT COUNT(*) AS tp_count FROM `jgbs_project` WHERE ( pro_type=1 AND pro_examine=0 ) LIMIT 1   [ RunTime:0.0003s ]
SQL: SELECT COUNT(*) AS tp_count FROM `jgbs_project` WHERE ( pro_type=2 AND pro_examine=0 ) LIMIT 1   [ RunTime:0.0003s ]
SQL: SELECT COUNT(*) AS tp_count FROM `jgbs_project` WHERE ( pro_type=3 AND pro_examine=0 ) LIMIT 1   [ RunTime:0.0002s ]
SQL: SELECT COUNT(*) AS tp_count FROM `jgbs_project` WHERE ( pro_type=4 AND pro_examine=0 ) LIMIT 1   [ RunTime:0.0003s ]
INFO: [ app_end ] --START--
INFO: Run Behavior\ShowPageTraceBehavior [ RunTime:0.001149s ]
INFO: [ app_end ] --END-- [ RunTime:0.001240s ]

[ 2017-05-13T01:35:29+08:00 ] 127.0.0.1 /index.php/Admin/index/project_team.html
INFO: [ app_init ] --START--
INFO: Run Behavior\BuildLiteBehavior [ RunTime:0.000018s ]
INFO: [ app_init ] --END-- [ RunTime:0.000399s ]
INFO: [ app_begin ] --START--
INFO: Run Behavior\ReadHtmlCacheBehavior [ RunTime:0.000775s ]
INFO: [ app_begin ] --END-- [ RunTime:0.000876s ]
SQL: SELECT * FROM `jgbs_project` WHERE ( pro_type=2 AND pro_examine=0 )  [ RunTime:0.0005s ]
SQL: SELECT * FROM `jgbs_project` WHERE ( pro_type=2 AND pro_examine=1 )  [ RunTime:0.0005s ]
SQL: SELECT * FROM `jgbs_project` WHERE ( pro_type=2 AND pro_examine=2 )  [ RunTime:0.0003s ]
INFO: [ view_parse ] --START--
INFO: [ template_filter ] --START--
INFO: Run Behavior\ContentReplaceBehavior [ RunTime:0.000183s ]
INFO: [ template_filter ] --END-- [ RunTime:0.000263s ]
INFO: Run Behavior\ParseTemplateBehavior [ RunTime:0.077589s ]
INFO: [ view_parse ] --END-- [ RunTime:0.077700s ]
INFO: [ view_filter ] --START--
INFO: Run Behavior\WriteHtmlCacheBehavior [ RunTime:0.000414s ]
INFO: [ view_filter ] --END-- [ RunTime:0.000472s ]
INFO: [ app_end ] --START--
INFO: Run Behavior\ShowPageTraceBehavior [ RunTime:0.002547s ]
INFO: [ app_end ] --END-- [ RunTime:0.002820s ]

[ 2017-05-13T01:35:30+08:00 ] 127.0.0.1 /index.php/Admin/Index/menu
INFO: [ app_init ] --START--
INFO: Run Behavior\BuildLiteBehavior [ RunTime:0.000019s ]
INFO: [ app_init ] --END-- [ RunTime:0.000436s ]
INFO: [ app_begin ] --START--
INFO: Run Behavior\ReadHtmlCacheBehavior [ RunTime:0.001078s ]
INFO: [ app_begin ] --END-- [ RunTime:0.001188s ]
SQL: SELECT COUNT(*) AS tp_count FROM `jgbs_project` WHERE ( pro_type=1 AND pro_examine=0 ) LIMIT 1   [ RunTime:0.0003s ]
SQL: SELECT COUNT(*) AS tp_count FROM `jgbs_project` WHERE ( pro_type=2 AND pro_examine=0 ) LIMIT 1   [ RunTime:0.0002s ]
SQL: SELECT COUNT(*) AS tp_count FROM `jgbs_project` WHERE ( pro_type=3 AND pro_examine=0 ) LIMIT 1   [ RunTime:0.0002s ]
SQL: SELECT COUNT(*) AS tp_count FROM `jgbs_project` WHERE ( pro_type=4 AND pro_examine=0 ) LIMIT 1   [ RunTime:0.0002s ]
INFO: [ app_end ] --START--
INFO: Run Behavior\ShowPageTraceBehavior [ RunTime:0.000788s ]
INFO: [ app_end ] --END-- [ RunTime:0.000845s ]

[ 2017-05-13T01:36:12+08:00 ] 127.0.0.1 /index.php/Admin/index/consultation.html
INFO: [ app_init ] --START--
INFO: Run Behavior\BuildLiteBehavior [ RunTime:0.000016s ]
INFO: [ app_init ] --END-- [ RunTime:0.000348s ]
INFO: [ app_begin ] --START--
INFO: Run Behavior\ReadHtmlCacheBehavior [ RunTime:0.000598s ]
INFO: [ app_begin ] --END-- [ RunTime:0.000661s ]
SQL: select * from jgbs_consult [ RunTime:0.0009s ]
SQL: select * from jgbs_reply [ RunTime:0.0002s ]
INFO: [ view_parse ] --START--
INFO: [ template_filter ] --START--
INFO: Run Behavior\ContentReplaceBehavior [ RunTime:0.000103s ]
INFO: [ template_filter ] --END-- [ RunTime:0.000193s ]
NOTIC: [8] Undefined index: replies D:\Office software\phpStudy\WWW\JgbsGR\Application\Runtime\Cache\Admin\188964e63be8798e8ff6d89de1a2576c.php 第 133 行.
NOTIC: [8] Undefined index: replies D:\Office software\phpStudy\WWW\JgbsGR\Application\Runtime\Cache\Admin\188964e63be8798e8ff6d89de1a2576c.php 第 133 行.
NOTIC: [8] Undefined index: replies D:\Office software\phpStudy\WWW\JgbsGR\Application\Runtime\Cache\Admin\188964e63be8798e8ff6d89de1a2576c.php 第 133 行.
INFO: Run Behavior\ParseTemplateBehavior [ RunTime:0.052481s ]
INFO: [ view_parse ] --END-- [ RunTime:0.052599s ]
INFO: [ view_filter ] --START--
INFO: Run Behavior\WriteHtmlCacheBehavior [ RunTime:0.000696s ]
INFO: [ view_filter ] --END-- [ RunTime:0.000790s ]
INFO: [ app_end ] --START--
INFO: Run Behavior\ShowPageTraceBehavior [ RunTime:0.001351s ]
INFO: [ app_end ] --END-- [ RunTime:0.001531s ]

[ 2017-05-13T01:36:13+08:00 ] 127.0.0.1 /index.php/Admin/Index/menu
INFO: [ app_init ] --START--
INFO: Run Behavior\BuildLiteBehavior [ RunTime:0.000018s ]
INFO: [ app_init ] --END-- [ RunTime:0.000401s ]
INFO: [ app_begin ] --START--
INFO: Run Behavior\ReadHtmlCacheBehavior [ RunTime:0.000640s ]
INFO: [ app_begin ] --END-- [ RunTime:0.000718s ]
SQL: SELECT COUNT(*) AS tp_count FROM `jgbs_project` WHERE ( pro_type=1 AND pro_examine=0 ) LIMIT 1   [ RunTime:0.0003s ]
SQL: SELECT COUNT(*) AS tp_count FROM `jgbs_project` WHERE ( pro_type=2 AND pro_examine=0 ) LIMIT 1   [ RunTime:0.0002s ]
SQL: SELECT COUNT(*) AS tp_count FROM `jgbs_project` WHERE ( pro_type=3 AND pro_examine=0 ) LIMIT 1   [ RunTime:0.0002s ]
SQL: SELECT COUNT(*) AS tp_count FROM `jgbs_project` WHERE ( pro_type=4 AND pro_examine=0 ) LIMIT 1   [ RunTime:0.0001s ]
INFO: [ app_end ] --START--
INFO: Run Behavior\ShowPageTraceBehavior [ RunTime:0.000789s ]
INFO: [ app_end ] --END-- [ RunTime:0.000850s ]

[ 2017-05-13T01:37:38+08:00 ] 127.0.0.1 /index.php/Admin/index/user_information.html
INFO: [ app_init ] --START--
INFO: Run Behavior\BuildLiteBehavior [ RunTime:0.000017s ]
INFO: [ app_init ] --END-- [ RunTime:0.000381s ]
INFO: [ app_begin ] --START--
INFO: Run Behavior\ReadHtmlCacheBehavior [ RunTime:0.000558s ]
INFO: [ app_begin ] --END-- [ RunTime:0.000620s ]
SQL: select * from jgbs_user [ RunTime:0.0007s ]
SQL: select * from jgbs_reply [ RunTime:0.0005s ]
SQL: select * from jgbs_consult [ RunTime:0.0005s ]
SQL: select * from jgbs_project [ RunTime:0.0007s ]
INFO: [ view_parse ] --START--
INFO: [ template_filter ] --START--
INFO: Run Behavior\ContentReplaceBehavior [ RunTime:0.000100s ]
INFO: [ template_filter ] --END-- [ RunTime:0.000176s ]
NOTIC: [8] Undefined index: cst_id D:\Office software\phpStudy\WWW\JgbsGR\Application\Runtime\Cache\Admin\0654ec9f378ca58131d0ec2fe095c1f3.php 第 128 行.
NOTIC: [8] Undefined index: cst_id D:\Office software\phpStudy\WWW\JgbsGR\Application\Runtime\Cache\Admin\0654ec9f378ca58131d0ec2fe095c1f3.php 第 135 行.
NOTIC: [8] Undefined index: cst_id D:\Office software\phpStudy\WWW\JgbsGR\Application\Runtime\Cache\Admin\0654ec9f378ca58131d0ec2fe095c1f3.php 第 136 行.
NOTIC: [8] Undefined index: cst_id D:\Office software\phpStudy\WWW\JgbsGR\Application\Runtime\Cache\Admin\0654ec9f378ca58131d0ec2fe095c1f3.php 第 128 行.
NOTIC: [8] Undefined index: cst_id D:\Office software\phpStudy\WWW\JgbsGR\Application\Runtime\Cache\Admin\0654ec9f378ca58131d0ec2fe095c1f3.php 第 135 行.
NOTIC: [8] Undefined index: cst_id D:\Office software\phpStudy\WWW\JgbsGR\Application\Runtime\Cache\Admin\0654ec9f378ca58131d0ec2fe095c1f3.php 第 136 行.
NOTIC: [8] Undefined index: cst_id D:\Office software\phpStudy\WWW\JgbsGR\Application\Runtime\Cache\Admin\0654ec9f378ca58131d0ec2fe095c1f3.php 第 128 行.
NOTIC: [8] Undefined index: cst_id D:\Office software\phpStudy\WWW\JgbsGR\Application\Runtime\Cache\Admin\0654ec9f378ca58131d0ec2fe095c1f3.php 第 135 行.
NOTIC: [8] Undefined index: cst_id D:\Office software\phpStudy\WWW\JgbsGR\Application\Runtime\Cache\Admin\0654ec9f378ca58131d0ec2fe095c1f3.php 第 136 行.
NOTIC: [8] Undefined index: cst_id D:\Office software\phpStudy\WWW\JgbsGR\Application\Runtime\Cache\Admin\0654ec9f378ca58131d0ec2fe095c1f3.php 第 128 行.
NOTIC: [8] Undefined index: cst_id D:\Office software\phpStudy\WWW\JgbsGR\Application\Runtime\Cache\Admin\0654ec9f378ca58131d0ec2fe095c1f3.php 第 135 行.
NOTIC: [8] Undefined index: cst_id D:\Office software\phpStudy\WWW\JgbsGR\Application\Runtime\Cache\Admin\0654ec9f378ca58131d0ec2fe095c1f3.php 第 136 行.
NOTIC: [8] Undefined index: cst_id D:\Office software\phpStudy\WWW\JgbsGR\Application\Runtime\Cache\Admin\0654ec9f378ca58131d0ec2fe095c1f3.php 第 128 行.
NOTIC: [8] Undefined index: cst_id D:\Office software\phpStudy\WWW\JgbsGR\Application\Runtime\Cache\Admin\0654ec9f378ca58131d0ec2fe095c1f3.php 第 135 行.
NOTIC: [8] Undefined index: cst_id D:\Office software\phpStudy\WWW\JgbsGR\Application\Runtime\Cache\Admin\0654ec9f378ca58131d0ec2fe095c1f3.php 第 136 行.
INFO: Run Behavior\ParseTemplateBehavior [ RunTime:0.053453s ]
INFO: [ view_parse ] --END-- [ RunTime:0.053523s ]
INFO: [ view_filter ] --START--
INFO: Run Behavior\WriteHtmlCacheBehavior [ RunTime:0.000396s ]
INFO: [ view_filter ] --END-- [ RunTime:0.000448s ]
INFO: [ app_end ] --START--
INFO: Run Behavior\ShowPageTraceBehavior [ RunTime:0.001049s ]
INFO: [ app_end ] --END-- [ RunTime:0.001191s ]

[ 2017-05-13T01:37:39+08:00 ] 127.0.0.1 /index.php/Admin/Index/menu
INFO: [ app_init ] --START--
INFO: Run Behavior\BuildLiteBehavior [ RunTime:0.000017s ]
INFO: [ app_init ] --END-- [ RunTime:0.000394s ]
INFO: [ app_begin ] --START--
INFO: Run Behavior\ReadHtmlCacheBehavior [ RunTime:0.000659s ]
INFO: [ app_begin ] --END-- [ RunTime:0.000739s ]
SQL: SELECT COUNT(*) AS tp_count FROM `jgbs_project` WHERE ( pro_type=1 AND pro_examine=0 ) LIMIT 1   [ RunTime:0.0003s ]
SQL: SELECT COUNT(*) AS tp_count FROM `jgbs_project` WHERE ( pro_type=2 AND pro_examine=0 ) LIMIT 1   [ RunTime:0.0002s ]
SQL: SELECT COUNT(*) AS tp_count FROM `jgbs_project` WHERE ( pro_type=3 AND pro_examine=0 ) LIMIT 1   [ RunTime:0.0002s ]
SQL: SELECT COUNT(*) AS tp_count FROM `jgbs_project` WHERE ( pro_type=4 AND pro_examine=0 ) LIMIT 1   [ RunTime:0.0002s ]
INFO: [ app_end ] --START--
INFO: Run Behavior\ShowPageTraceBehavior [ RunTime:0.000752s ]
INFO: [ app_end ] --END-- [ RunTime:0.000810s ]

[ 2017-05-13T09:25:44+08:00 ] 127.0.0.1 /Admin/login/login.html
INFO: [ app_init ] --START--
INFO: Run Behavior\BuildLiteBehavior [ RunTime:0.000016s ]
INFO: [ app_init ] --END-- [ RunTime:0.000304s ]
INFO: [ app_begin ] --START--
INFO: Run Behavior\ReadHtmlCacheBehavior [ RunTime:0.000621s ]
INFO: [ app_begin ] --END-- [ RunTime:0.000719s ]
INFO: [ view_parse ] --START--
INFO: [ template_filter ] --START--
INFO: Run Behavior\ContentReplaceBehavior [ RunTime:0.000048s ]
INFO: [ template_filter ] --END-- [ RunTime:0.000139s ]
INFO: Run Behavior\ParseTemplateBehavior [ RunTime:0.030636s ]
INFO: [ view_parse ] --END-- [ RunTime:0.030745s ]
INFO: [ view_filter ] --START--
INFO: Run Behavior\WriteHtmlCacheBehavior [ RunTime:0.000392s ]
INFO: [ view_filter ] --END-- [ RunTime:0.000453s ]
INFO: [ app_end ] --START--
INFO: Run Behavior\ShowPageTraceBehavior [ RunTime:0.000596s ]
INFO: [ app_end ] --END-- [ RunTime:0.000663s ]

[ 2017-05-13T09:25:54+08:00 ] 127.0.0.1 /index.php/Admin/login/login.html
INFO: [ app_init ] --START--
INFO: Run Behavior\BuildLiteBehavior [ RunTime:0.000017s ]
INFO: [ app_init ] --END-- [ RunTime:0.000334s ]
INFO: [ app_begin ] --START--
INFO: Run Behavior\ReadHtmlCacheBehavior [ RunTime:0.000429s ]
INFO: [ app_begin ] --END-- [ RunTime:0.000492s ]
SQL: SELECT * FROM `jgbs_user` WHERE ( user_username='admin' ) LIMIT 1   [ RunTime:0.0003s ]
SQL: SELECT * FROM `jgbs_user` WHERE ( user_id='1' ) LIMIT 1   [ RunTime:0.0003s ]

[ 2017-05-13T09:25:55+08:00 ] 127.0.0.1 /index.php/Admin/index/index.html
INFO: [ app_init ] --START--
INFO: Run Behavior\BuildLiteBehavior [ RunTime:0.000016s ]
INFO: [ app_init ] --END-- [ RunTime:0.000308s ]
INFO: [ app_begin ] --START--
INFO: Run Behavior\ReadHtmlCacheBehavior [ RunTime:0.000407s ]
INFO: [ app_begin ] --END-- [ RunTime:0.000469s ]
INFO: [ view_parse ] --START--
INFO: [ template_filter ] --START--
INFO: Run Behavior\ContentReplaceBehavior [ RunTime:0.000083s ]
INFO: [ template_filter ] --END-- [ RunTime:0.000168s ]
INFO: Run Behavior\ParseTemplateBehavior [ RunTime:0.076094s ]
INFO: [ view_parse ] --END-- [ RunTime:0.076205s ]
INFO: [ view_filter ] --START--
INFO: Run Behavior\WriteHtmlCacheBehavior [ RunTime:0.000394s ]
INFO: [ view_filter ] --END-- [ RunTime:0.000455s ]
INFO: [ app_end ] --START--
INFO: Run Behavior\ShowPageTraceBehavior [ RunTime:0.000979s ]
INFO: [ app_end ] --END-- [ RunTime:0.001112s ]

[ 2017-05-13T09:25:56+08:00 ] 127.0.0.1 /index.php/Admin/Index/menu
INFO: [ app_init ] --START--
INFO: Run Behavior\BuildLiteBehavior [ RunTime:0.000019s ]
INFO: [ app_init ] --END-- [ RunTime:0.000353s ]
INFO: [ app_begin ] --START--
INFO: Run Behavior\ReadHtmlCacheBehavior [ RunTime:0.000493s ]
INFO: [ app_begin ] --END-- [ RunTime:0.000589s ]
SQL: SELECT COUNT(*) AS tp_count FROM `jgbs_project` WHERE ( pro_type=1 AND pro_examine=0 ) LIMIT 1   [ RunTime:0.0004s ]
SQL: SELECT COUNT(*) AS tp_count FROM `jgbs_project` WHERE ( pro_type=2 AND pro_examine=0 ) LIMIT 1   [ RunTime:0.0003s ]
SQL: SELECT COUNT(*) AS tp_count FROM `jgbs_project` WHERE ( pro_type=3 AND pro_examine=0 ) LIMIT 1   [ RunTime:0.0002s ]
SQL: SELECT COUNT(*) AS tp_count FROM `jgbs_project` WHERE ( pro_type=4 AND pro_examine=0 ) LIMIT 1   [ RunTime:0.0002s ]
INFO: [ app_end ] --START--
INFO: Run Behavior\ShowPageTraceBehavior [ RunTime:0.001054s ]
INFO: [ app_end ] --END-- [ RunTime:0.001144s ]

[ 2017-05-13T09:26:04+08:00 ] 127.0.0.1 /index.php/Admin/index/project.html
INFO: [ app_init ] --START--
INFO: Run Behavior\BuildLiteBehavior [ RunTime:0.000015s ]
INFO: [ app_init ] --END-- [ RunTime:0.000340s ]
INFO: [ app_begin ] --START--
INFO: Run Behavior\ReadHtmlCacheBehavior [ RunTime:0.000405s ]
INFO: [ app_begin ] --END-- [ RunTime:0.000467s ]
SQL: SELECT * FROM `jgbs_project` WHERE ( pro_type=1 AND pro_examine=0 )  [ RunTime:0.0004s ]
SQL: SELECT * FROM `jgbs_project` WHERE ( pro_type=1 AND pro_examine=1 )  [ RunTime:0.0004s ]
SQL: SELECT * FROM `jgbs_project` WHERE ( pro_type=1 AND pro_examine=2 )  [ RunTime:0.0003s ]
INFO: [ view_parse ] --START--
INFO: [ template_filter ] --START--
INFO: Run Behavior\ContentReplaceBehavior [ RunTime:0.000148s ]
INFO: [ template_filter ] --END-- [ RunTime:0.000236s ]
INFO: Run Behavior\ParseTemplateBehavior [ RunTime:0.192632s ]
INFO: [ view_parse ] --END-- [ RunTime:0.192743s ]
INFO: [ view_filter ] --START--
INFO: Run Behavior\WriteHtmlCacheBehavior [ RunTime:0.000384s ]
INFO: [ view_filter ] --END-- [ RunTime:0.000445s ]
INFO: [ app_end ] --START--
INFO: Run Behavior\ShowPageTraceBehavior [ RunTime:0.001493s ]
INFO: [ app_end ] --END-- [ RunTime:0.001733s ]

[ 2017-05-13T09:26:05+08:00 ] 127.0.0.1 /index.php/Admin/Index/menu
INFO: [ app_init ] --START--
INFO: Run Behavior\BuildLiteBehavior [ RunTime:0.000019s ]
INFO: [ app_init ] --END-- [ RunTime:0.000357s ]
INFO: [ app_begin ] --START--
INFO: Run Behavior\ReadHtmlCacheBehavior [ RunTime:0.000963s ]
INFO: [ app_begin ] --END-- [ RunTime:0.001106s ]
SQL: SELECT COUNT(*) AS tp_count FROM `jgbs_project` WHERE ( pro_type=1 AND pro_examine=0 ) LIMIT 1   [ RunTime:0.0006s ]
SQL: SELECT COUNT(*) AS tp_count FROM `jgbs_project` WHERE ( pro_type=2 AND pro_examine=0 ) LIMIT 1   [ RunTime:0.0003s ]
SQL: SELECT COUNT(*) AS tp_count FROM `jgbs_project` WHERE ( pro_type=3 AND pro_examine=0 ) LIMIT 1   [ RunTime:0.0002s ]
SQL: SELECT COUNT(*) AS tp_count FROM `jgbs_project` WHERE ( pro_type=4 AND pro_examine=0 ) LIMIT 1   [ RunTime:0.0002s ]
INFO: [ app_end ] --START--
INFO: Run Behavior\ShowPageTraceBehavior [ RunTime:0.000722s ]
INFO: [ app_end ] --END-- [ RunTime:0.000778s ]

[ 2017-05-13T09:26:10+08:00 ] 127.0.0.1 /index.php/Admin/Index/pass_btn/pro_id/49
INFO: [ app_init ] --START--
INFO: Run Behavior\BuildLiteBehavior [ RunTime:0.000018s ]
INFO: [ app_init ] --END-- [ RunTime:0.000343s ]
INFO: [ app_begin ] --START--
INFO: Run Behavior\ReadHtmlCacheBehavior [ RunTime:0.000566s ]
INFO: [ app_begin ] --END-- [ RunTime:0.000631s ]
SQL: SELECT * FROM `jgbs_project` WHERE ( pro_id='49' ) LIMIT 1   [ RunTime:0.0003s ]
SQL: UPDATE `jgbs_project` SET `pro_examine`='1' WHERE ( pro_id='49' ) [ RunTime:0.0002s ]

[ 2017-05-13T09:26:12+08:00 ] 127.0.0.1 /index.php/Admin/index/project.html
INFO: [ app_init ] --START--
INFO: Run Behavior\BuildLiteBehavior [ RunTime:0.000018s ]
INFO: [ app_init ] --END-- [ RunTime:0.000333s ]
INFO: [ app_begin ] --START--
INFO: Run Behavior\ReadHtmlCacheBehavior [ RunTime:0.000674s ]
INFO: [ app_begin ] --END-- [ RunTime:0.000796s ]
SQL: SELECT * FROM `jgbs_project` WHERE ( pro_type=1 AND pro_examine=0 )  [ RunTime:0.0005s ]
SQL: SELECT * FROM `jgbs_project` WHERE ( pro_type=1 AND pro_examine=1 )  [ RunTime:0.0004s ]
SQL: SELECT * FROM `jgbs_project` WHERE ( pro_type=1 AND pro_examine=2 )  [ RunTime:0.0003s ]
INFO: [ view_parse ] --START--
INFO: [ template_filter ] --START--
INFO: Run Behavior\ContentReplaceBehavior [ RunTime:0.000140s ]
INFO: [ template_filter ] --END-- [ RunTime:0.000236s ]
INFO: Run Behavior\ParseTemplateBehavior [ RunTime:0.075237s ]
INFO: [ view_parse ] --END-- [ RunTime:0.075353s ]
INFO: [ view_filter ] --START--
INFO: Run Behavior\WriteHtmlCacheBehavior [ RunTime:0.000427s ]
INFO: [ view_filter ] --END-- [ RunTime:0.000488s ]
INFO: [ app_end ] --START--
INFO: Run Behavior\ShowPageTraceBehavior [ RunTime:0.000811s ]
INFO: [ app_end ] --END-- [ RunTime:0.000897s ]

[ 2017-05-13T09:26:13+08:00 ] 127.0.0.1 /index.php/Admin/Index/menu
INFO: [ app_init ] --START--
INFO: Run Behavior\BuildLiteBehavior [ RunTime:0.000021s ]
INFO: [ app_init ] --END-- [ RunTime:0.000356s ]
INFO: [ app_begin ] --START--
INFO: Run Behavior\ReadHtmlCacheBehavior [ RunTime:0.000474s ]
INFO: [ app_begin ] --END-- [ RunTime:0.000554s ]
SQL: SELECT COUNT(*) AS tp_count FROM `jgbs_project` WHERE ( pro_type=1 AND pro_examine=0 ) LIMIT 1   [ RunTime:0.0003s ]
SQL: SELECT COUNT(*) AS tp_count FROM `jgbs_project` WHERE ( pro_type=2 AND pro_examine=0 ) LIMIT 1   [ RunTime:0.0004s ]
SQL: SELECT COUNT(*) AS tp_count FROM `jgbs_project` WHERE ( pro_type=3 AND pro_examine=0 ) LIMIT 1   [ RunTime:0.0003s ]
SQL: SELECT COUNT(*) AS tp_count FROM `jgbs_project` WHERE ( pro_type=4 AND pro_examine=0 ) LIMIT 1   [ RunTime:0.0003s ]
INFO: [ app_end ] --START--
INFO: Run Behavior\ShowPageTraceBehavior [ RunTime:0.000736s ]
INFO: [ app_end ] --END-- [ RunTime:0.000802s ]

[ 2017-05-13T09:27:16+08:00 ] 127.0.0.1 /index.php/Admin/Index/edit_btn
INFO: [ app_init ] --START--
INFO: Run Behavior\BuildLiteBehavior [ RunTime:0.000042s ]
INFO: [ app_init ] --END-- [ RunTime:0.000540s ]
INFO: [ app_begin ] --START--
INFO: Run Behavior\ReadHtmlCacheBehavior [ RunTime:0.000864s ]
INFO: [ app_begin ] --END-- [ RunTime:0.001041s ]
SQL: SELECT * FROM `jgbs_project` WHERE ( pro_id='1' ) LIMIT 1   [ RunTime:0.0003s ]
INFO: [ app_end ] --START--
INFO: Run Behavior\ShowPageTraceBehavior [ RunTime:0.000996s ]
INFO: [ app_end ] --END-- [ RunTime:0.001070s ]

[ 2017-05-13T09:27:33+08:00 ] 127.0.0.1 /index.php/Admin/index/notice.html
INFO: [ app_init ] --START--
INFO: Run Behavior\BuildLiteBehavior [ RunTime:0.000018s ]
INFO: [ app_init ] --END-- [ RunTime:0.000348s ]
INFO: [ app_begin ] --START--
INFO: Run Behavior\ReadHtmlCacheBehavior [ RunTime:0.000463s ]
INFO: [ app_begin ] --END-- [ RunTime:0.000525s ]
SQL: SELECT * FROM `jgbs_notice`  [ RunTime:0.0005s ]
INFO: [ view_parse ] --START--
INFO: [ template_filter ] --START--
INFO: Run Behavior\ContentReplaceBehavior [ RunTime:0.000104s ]
INFO: [ template_filter ] --END-- [ RunTime:0.000186s ]
INFO: Run Behavior\ParseTemplateBehavior [ RunTime:0.092401s ]
INFO: [ view_parse ] --END-- [ RunTime:0.092533s ]
INFO: [ view_filter ] --START--
INFO: Run Behavior\WriteHtmlCacheBehavior [ RunTime:0.000381s ]
INFO: [ view_filter ] --END-- [ RunTime:0.000444s ]
INFO: [ app_end ] --START--
INFO: Run Behavior\ShowPageTraceBehavior [ RunTime:0.001162s ]
INFO: [ app_end ] --END-- [ RunTime:0.001341s ]

[ 2017-05-13T09:27:34+08:00 ] 127.0.0.1 /index.php/Admin/Index/menu
INFO: [ app_init ] --START--
INFO: Run Behavior\BuildLiteBehavior [ RunTime:0.000029s ]
INFO: [ app_init ] --END-- [ RunTime:0.000503s ]
INFO: [ app_begin ] --START--
INFO: Run Behavior\ReadHtmlCacheBehavior [ RunTime:0.000681s ]
INFO: [ app_begin ] --END-- [ RunTime:0.000789s ]
SQL: SELECT COUNT(*) AS tp_count FROM `jgbs_project` WHERE ( pro_type=1 AND pro_examine=0 ) LIMIT 1   [ RunTime:0.0004s ]
SQL: SELECT COUNT(*) AS tp_count FROM `jgbs_project` WHERE ( pro_type=2 AND pro_examine=0 ) LIMIT 1   [ RunTime:0.0003s ]
SQL: SELECT COUNT(*) AS tp_count FROM `jgbs_project` WHERE ( pro_type=3 AND pro_examine=0 ) LIMIT 1   [ RunTime:0.0002s ]
SQL: SELECT COUNT(*) AS tp_count FROM `jgbs_project` WHERE ( pro_type=4 AND pro_examine=0 ) LIMIT 1   [ RunTime:0.0002s ]
INFO: [ app_end ] --START--
INFO: Run Behavior\ShowPageTraceBehavior [ RunTime:0.000855s ]
INFO: [ app_end ] --END-- [ RunTime:0.000930s ]

[ 2017-05-13T09:27:39+08:00 ] 127.0.0.1 /index.php/Admin/index/user_information.html
INFO: [ app_init ] --START--
INFO: Run Behavior\BuildLiteBehavior [ RunTime:0.000020s ]
INFO: [ app_init ] --END-- [ RunTime:0.000345s ]
INFO: [ app_begin ] --START--
INFO: Run Behavior\ReadHtmlCacheBehavior [ RunTime:0.000432s ]
INFO: [ app_begin ] --END-- [ RunTime:0.000503s ]
SQL: select * from jgbs_user [ RunTime:0.0005s ]
SQL: select * from jgbs_reply [ RunTime:0.0004s ]
SQL: select * from jgbs_consult [ RunTime:0.0003s ]
SQL: select * from jgbs_project [ RunTime:0.0006s ]
INFO: [ view_parse ] --START--
INFO: [ template_filter ] --START--
INFO: Run Behavior\ContentReplaceBehavior [ RunTime:0.000114s ]
INFO: [ template_filter ] --END-- [ RunTime:0.000202s ]
NOTIC: [8] Undefined index: cst_id D:\Office software\phpStudy\WWW\JgbsGR\Application\Runtime\Cache\Admin\0654ec9f378ca58131d0ec2fe095c1f3.php 第 128 行.
NOTIC: [8] Undefined index: cst_id D:\Office software\phpStudy\WWW\JgbsGR\Application\Runtime\Cache\Admin\0654ec9f378ca58131d0ec2fe095c1f3.php 第 135 行.
NOTIC: [8] Undefined index: cst_id D:\Office software\phpStudy\WWW\JgbsGR\Application\Runtime\Cache\Admin\0654ec9f378ca58131d0ec2fe095c1f3.php 第 136 行.
NOTIC: [8] Undefined index: cst_id D:\Office software\phpStudy\WWW\JgbsGR\Application\Runtime\Cache\Admin\0654ec9f378ca58131d0ec2fe095c1f3.php 第 128 行.
NOTIC: [8] Undefined index: cst_id D:\Office software\phpStudy\WWW\JgbsGR\Application\Runtime\Cache\Admin\0654ec9f378ca58131d0ec2fe095c1f3.php 第 135 行.
NOTIC: [8] Undefined index: cst_id D:\Office software\phpStudy\WWW\JgbsGR\Application\Runtime\Cache\Admin\0654ec9f378ca58131d0ec2fe095c1f3.php 第 136 行.
NOTIC: [8] Undefined index: cst_id D:\Office software\phpStudy\WWW\JgbsGR\Application\Runtime\Cache\Admin\0654ec9f378ca58131d0ec2fe095c1f3.php 第 128 行.
NOTIC: [8] Undefined index: cst_id D:\Office software\phpStudy\WWW\JgbsGR\Application\Runtime\Cache\Admin\0654ec9f378ca58131d0ec2fe095c1f3.php 第 135 行.
NOTIC: [8] Undefined index: cst_id D:\Office software\phpStudy\WWW\JgbsGR\Application\Runtime\Cache\Admin\0654ec9f378ca58131d0ec2fe095c1f3.php 第 136 行.
NOTIC: [8] Undefined index: cst_id D:\Office software\phpStudy\WWW\JgbsGR\Application\Runtime\Cache\Admin\0654ec9f378ca58131d0ec2fe095c1f3.php 第 128 行.
NOTIC: [8] Undefined index: cst_id D:\Office software\phpStudy\WWW\JgbsGR\Application\Runtime\Cache\Admin\0654ec9f378ca58131d0ec2fe095c1f3.php 第 135 行.
NOTIC: [8] Undefined index: cst_id D:\Office software\phpStudy\WWW\JgbsGR\Application\Runtime\Cache\Admin\0654ec9f378ca58131d0ec2fe095c1f3.php 第 136 行.
NOTIC: [8] Undefined index: cst_id D:\Office software\phpStudy\WWW\JgbsGR\Application\Runtime\Cache\Admin\0654ec9f378ca58131d0ec2fe095c1f3.php 第 128 行.
NOTIC: [8] Undefined index: cst_id D:\Office software\phpStudy\WWW\JgbsGR\Application\Runtime\Cache\Admin\0654ec9f378ca58131d0ec2fe095c1f3.php 第 135 行.
NOTIC: [8] Undefined index: cst_id D:\Office software\phpStudy\WWW\JgbsGR\Application\Runtime\Cache\Admin\0654ec9f378ca58131d0ec2fe095c1f3.php 第 136 行.
NOTIC: [8] Undefined index: cst_id D:\Office software\phpStudy\WWW\JgbsGR\Application\Runtime\Cache\Admin\0654ec9f378ca58131d0ec2fe095c1f3.php 第 128 行.
NOTIC: [8] Undefined index: cst_id D:\Office software\phpStudy\WWW\JgbsGR\Application\Runtime\Cache\Admin\0654ec9f378ca58131d0ec2fe095c1f3.php 第 135 行.
NOTIC: [8] Undefined index: cst_id D:\Office software\phpStudy\WWW\JgbsGR\Application\Runtime\Cache\Admin\0654ec9f378ca58131d0ec2fe095c1f3.php 第 136 行.
INFO: Run Behavior\ParseTemplateBehavior [ RunTime:0.107940s ]
INFO: [ view_parse ] --END-- [ RunTime:0.108038s ]
INFO: [ view_filter ] --START--
INFO: Run Behavior\WriteHtmlCacheBehavior [ RunTime:0.000393s ]
INFO: [ view_filter ] --END-- [ RunTime:0.000450s ]
INFO: [ app_end ] --START--
INFO: Run Behavior\ShowPageTraceBehavior [ RunTime:0.000654s ]
INFO: [ app_end ] --END-- [ RunTime:0.000749s ]

[ 2017-05-13T09:27:40+08:00 ] 127.0.0.1 /index.php/Admin/Index/menu
INFO: [ app_init ] --START--
INFO: Run Behavior\BuildLiteBehavior [ RunTime:0.000043s ]
INFO: [ app_init ] --END-- [ RunTime:0.000545s ]
INFO: [ app_begin ] --START--
INFO: Run Behavior\ReadHtmlCacheBehavior [ RunTime:0.000481s ]
INFO: [ app_begin ] --END-- [ RunTime:0.000563s ]
SQL: SELECT COUNT(*) AS tp_count FROM `jgbs_project` WHERE ( pro_type=1 AND pro_examine=0 ) LIMIT 1   [ RunTime:0.0003s ]
SQL: SELECT COUNT(*) AS tp_count FROM `jgbs_project` WHERE ( pro_type=2 AND pro_examine=0 ) LIMIT 1   [ RunTime:0.0003s ]
SQL: SELECT COUNT(*) AS tp_count FROM `jgbs_project` WHERE ( pro_type=3 AND pro_examine=0 ) LIMIT 1   [ RunTime:0.0002s ]
SQL: SELECT COUNT(*) AS tp_count FROM `jgbs_project` WHERE ( pro_type=4 AND pro_examine=0 ) LIMIT 1   [ RunTime:0.0002s ]
INFO: [ app_end ] --START--
INFO: Run Behavior\ShowPageTraceBehavior [ RunTime:0.000744s ]
INFO: [ app_end ] --END-- [ RunTime:0.000811s ]

[ 2017-05-13T09:27:41+08:00 ] 127.0.0.1 /index.php/Admin/index/consultation.html
INFO: [ app_init ] --START--
INFO: Run Behavior\BuildLiteBehavior [ RunTime:0.000021s ]
INFO: [ app_init ] --END-- [ RunTime:0.000377s ]
INFO: [ app_begin ] --START--
INFO: Run Behavior\ReadHtmlCacheBehavior [ RunTime:0.000444s ]
INFO: [ app_begin ] --END-- [ RunTime:0.000514s ]
SQL: select * from jgbs_consult [ RunTime:0.0006s ]
SQL: select * from jgbs_reply [ RunTime:0.0005s ]
INFO: [ view_parse ] --START--
INFO: [ template_filter ] --START--
INFO: Run Behavior\ContentReplaceBehavior [ RunTime:0.000106s ]
INFO: [ template_filter ] --END-- [ RunTime:0.000183s ]
NOTIC: [8] Undefined index: replies D:\Office software\phpStudy\WWW\JgbsGR\Application\Runtime\Cache\Admin\188964e63be8798e8ff6d89de1a2576c.php 第 133 行.
NOTIC: [8] Undefined index: replies D:\Office software\phpStudy\WWW\JgbsGR\Application\Runtime\Cache\Admin\188964e63be8798e8ff6d89de1a2576c.php 第 133 行.
NOTIC: [8] Undefined index: replies D:\Office software\phpStudy\WWW\JgbsGR\Application\Runtime\Cache\Admin\188964e63be8798e8ff6d89de1a2576c.php 第 133 行.
INFO: Run Behavior\ParseTemplateBehavior [ RunTime:0.095034s ]
INFO: [ view_parse ] --END-- [ RunTime:0.095176s ]
INFO: [ view_filter ] --START--
INFO: Run Behavior\WriteHtmlCacheBehavior [ RunTime:0.000375s ]
INFO: [ view_filter ] --END-- [ RunTime:0.000436s ]
INFO: [ app_end ] --START--
INFO: Run Behavior\ShowPageTraceBehavior [ RunTime:0.000660s ]
INFO: [ app_end ] --END-- [ RunTime:0.000726s ]

[ 2017-05-13T09:27:43+08:00 ] 127.0.0.1 /index.php/Admin/Index/menu
INFO: [ app_init ] --START--
INFO: Run Behavior\BuildLiteBehavior [ RunTime:0.000031s ]
INFO: [ app_init ] --END-- [ RunTime:0.000526s ]
INFO: [ app_begin ] --START--
INFO: Run Behavior\ReadHtmlCacheBehavior [ RunTime:0.000672s ]
INFO: [ app_begin ] --END-- [ RunTime:0.000781s ]
SQL: SELECT COUNT(*) AS tp_count FROM `jgbs_project` WHERE ( pro_type=1 AND pro_examine=0 ) LIMIT 1   [ RunTime:0.0005s ]
SQL: SELECT COUNT(*) AS tp_count FROM `jgbs_project` WHERE ( pro_type=2 AND pro_examine=0 ) LIMIT 1   [ RunTime:0.0003s ]
SQL: SELECT COUNT(*) AS tp_count FROM `jgbs_project` WHERE ( pro_type=3 AND pro_examine=0 ) LIMIT 1   [ RunTime:0.0005s ]
SQL: SELECT COUNT(*) AS tp_count FROM `jgbs_project` WHERE ( pro_type=4 AND pro_examine=0 ) LIMIT 1   [ RunTime:0.0003s ]
INFO: [ app_end ] --START--
INFO: Run Behavior\ShowPageTraceBehavior [ RunTime:0.000751s ]
INFO: [ app_end ] --END-- [ RunTime:0.000818s ]

[ 2017-05-13T09:27:49+08:00 ] 127.0.0.1 /index.php/Admin/index/user_information.html
INFO: [ app_init ] --START--
INFO: Run Behavior\BuildLiteBehavior [ RunTime:0.000019s ]
INFO: [ app_init ] --END-- [ RunTime:0.000340s ]
INFO: [ app_begin ] --START--
INFO: Run Behavior\ReadHtmlCacheBehavior [ RunTime:0.000498s ]
INFO: [ app_begin ] --END-- [ RunTime:0.000574s ]
SQL: select * from jgbs_user [ RunTime:0.0006s ]
SQL: select * from jgbs_reply [ RunTime:0.0005s ]
SQL: select * from jgbs_consult [ RunTime:0.0004s ]
SQL: select * from jgbs_project [ RunTime:0.0009s ]
INFO: [ view_parse ] --START--
INFO: [ template_filter ] --START--
INFO: Run Behavior\ContentReplaceBehavior [ RunTime:0.000103s ]
INFO: [ template_filter ] --END-- [ RunTime:0.000178s ]
NOTIC: [8] Undefined index: cst_id D:\Office software\phpStudy\WWW\JgbsGR\Application\Runtime\Cache\Admin\0654ec9f378ca58131d0ec2fe095c1f3.php 第 128 行.
NOTIC: [8] Undefined index: cst_id D:\Office software\phpStudy\WWW\JgbsGR\Application\Runtime\Cache\Admin\0654ec9f378ca58131d0ec2fe095c1f3.php 第 135 行.
NOTIC: [8] Undefined index: cst_id D:\Office software\phpStudy\WWW\JgbsGR\Application\Runtime\Cache\Admin\0654ec9f378ca58131d0ec2fe095c1f3.php 第 136 行.
NOTIC: [8] Undefined index: cst_id D:\Office software\phpStudy\WWW\JgbsGR\Application\Runtime\Cache\Admin\0654ec9f378ca58131d0ec2fe095c1f3.php 第 128 行.
NOTIC: [8] Undefined index: cst_id D:\Office software\phpStudy\WWW\JgbsGR\Application\Runtime\Cache\Admin\0654ec9f378ca58131d0ec2fe095c1f3.php 第 135 行.
NOTIC: [8] Undefined index: cst_id D:\Office software\phpStudy\WWW\JgbsGR\Application\Runtime\Cache\Admin\0654ec9f378ca58131d0ec2fe095c1f3.php 第 136 行.
NOTIC: [8] Undefined index: cst_id D:\Office software\phpStudy\WWW\JgbsGR\Application\Runtime\Cache\Admin\0654ec9f378ca58131d0ec2fe095c1f3.php 第 128 行.
NOTIC: [8] Undefined index: cst_id D:\Office software\phpStudy\WWW\JgbsGR\Application\Runtime\Cache\Admin\0654ec9f378ca58131d0ec2fe095c1f3.php 第 135 行.
NOTIC: [8] Undefined index: cst_id D:\Office software\phpStudy\WWW\JgbsGR\Application\Runtime\Cache\Admin\0654ec9f378ca58131d0ec2fe095c1f3.php 第 136 行.
NOTIC: [8] Undefined index: cst_id D:\Office software\phpStudy\WWW\JgbsGR\Application\Runtime\Cache\Admin\0654ec9f378ca58131d0ec2fe095c1f3.php 第 128 行.
NOTIC: [8] Undefined index: cst_id D:\Office software\phpStudy\WWW\JgbsGR\Application\Runtime\Cache\Admin\0654ec9f378ca58131d0ec2fe095c1f3.php 第 135 行.
NOTIC: [8] Undefined index: cst_id D:\Office software\phpStudy\WWW\JgbsGR\Application\Runtime\Cache\Admin\0654ec9f378ca58131d0ec2fe095c1f3.php 第 136 行.
NOTIC: [8] Undefined index: cst_id D:\Office software\phpStudy\WWW\JgbsGR\Application\Runtime\Cache\Admin\0654ec9f378ca58131d0ec2fe095c1f3.php 第 128 行.
NOTIC: [8] Undefined index: cst_id D:\Office software\phpStudy\WWW\JgbsGR\Application\Runtime\Cache\Admin\0654ec9f378ca58131d0ec2fe095c1f3.php 第 135 行.
NOTIC: [8] Undefined index: cst_id D:\Office software\phpStudy\WWW\JgbsGR\Application\Runtime\Cache\Admin\0654ec9f378ca58131d0ec2fe095c1f3.php 第 136 行.
NOTIC: [8] Undefined index: cst_id D:\Office software\phpStudy\WWW\JgbsGR\Application\Runtime\Cache\Admin\0654ec9f378ca58131d0ec2fe095c1f3.php 第 128 行.
NOTIC: [8] Undefined index: cst_id D:\Office software\phpStudy\WWW\JgbsGR\Application\Runtime\Cache\Admin\0654ec9f378ca58131d0ec2fe095c1f3.php 第 135 行.
NOTIC: [8] Undefined index: cst_id D:\Office software\phpStudy\WWW\JgbsGR\Application\Runtime\Cache\Admin\0654ec9f378ca58131d0ec2fe095c1f3.php 第 136 行.
INFO: Run Behavior\ParseTemplateBehavior [ RunTime:0.048688s ]
INFO: [ view_parse ] --END-- [ RunTime:0.048834s ]
INFO: [ view_filter ] --START--
INFO: Run Behavior\WriteHtmlCacheBehavior [ RunTime:0.000455s ]
INFO: [ view_filter ] --END-- [ RunTime:0.000514s ]
INFO: [ app_end ] --START--
INFO: Run Behavior\ShowPageTraceBehavior [ RunTime:0.001127s ]
INFO: [ app_end ] --END-- [ RunTime:0.001409s ]

[ 2017-05-13T09:27:50+08:00 ] 127.0.0.1 /index.php/Admin/Index/menu
INFO: [ app_init ] --START--
INFO: Run Behavior\BuildLiteBehavior [ RunTime:0.000046s ]
INFO: [ app_init ] --END-- [ RunTime:0.000577s ]
INFO: [ app_begin ] --START--
INFO: Run Behavior\ReadHtmlCacheBehavior [ RunTime:0.000732s ]
INFO: [ app_begin ] --END-- [ RunTime:0.000859s ]
SQL: SELECT COUNT(*) AS tp_count FROM `jgbs_project` WHERE ( pro_type=1 AND pro_examine=0 ) LIMIT 1   [ RunTime:0.0003s ]
SQL: SELECT COUNT(*) AS tp_count FROM `jgbs_project` WHERE ( pro_type=2 AND pro_examine=0 ) LIMIT 1   [ RunTime:0.0002s ]
SQL: SELECT COUNT(*) AS tp_count FROM `jgbs_project` WHERE ( pro_type=3 AND pro_examine=0 ) LIMIT 1   [ RunTime:0.0002s ]
SQL: SELECT COUNT(*) AS tp_count FROM `jgbs_project` WHERE ( pro_type=4 AND pro_examine=0 ) LIMIT 1   [ RunTime:0.0002s ]
INFO: [ app_end ] --START--
INFO: Run Behavior\ShowPageTraceBehavior [ RunTime:0.000711s ]
INFO: [ app_end ] --END-- [ RunTime:0.000780s ]

