[ 2017-05-08T10:55:51+08:00 ] 127.0.0.1 /Front/index/index.html
INFO: [ app_init ] --START--
INFO: Run Behavior\BuildLiteBehavior [ RunTime:0.000017s ]
INFO: [ app_init ] --END-- [ RunTime:0.000315s ]
INFO: [ app_begin ] --START--
INFO: Run Behavior\ReadHtmlCacheBehavior [ RunTime:0.000462s ]
INFO: [ app_begin ] --END-- [ RunTime:0.000554s ]
SQL: SELECT COUNT(*) AS tp_count FROM `jgbs_project` WHERE ( pro_type=1 ) LIMIT 1   [ RunTime:0.0920s ]
SQL: SELECT * FROM `jgbs_project` WHERE ( pro_type=1 ) LIMIT 0,4   [ RunTime:0.0125s ]
SQL: SELECT COUNT(*) AS tp_count FROM `jgbs_project` WHERE ( pro_type=2 ) LIMIT 1   [ RunTime:0.0003s ]
SQL: SELECT * FROM `jgbs_project` WHERE ( pro_type=2 ) LIMIT 0,4   [ RunTime:0.0002s ]
SQL: SELECT COUNT(*) AS tp_count FROM `jgbs_project` WHERE ( pro_type=3 ) LIMIT 1   [ RunTime:0.0002s ]
SQL: SELECT * FROM `jgbs_project` WHERE ( pro_type=3 ) LIMIT 0,6   [ RunTime:0.0003s ]
SQL: SELECT COUNT(*) AS tp_count FROM `jgbs_project` WHERE ( pro_type=4 ) LIMIT 1   [ RunTime:0.0003s ]
SQL: SELECT * FROM `jgbs_project` WHERE ( pro_type=4 ) LIMIT 0,5   [ RunTime:0.0003s ]
SQL: SELECT COUNT(*) AS tp_count FROM `jgbs_consult` LIMIT 1   [ RunTime:0.0704s ]
SQL: SELECT * FROM `jgbs_consult` LIMIT 0,5   [ RunTime:0.0006s ]
SQL: select * from jgbs_user where user_pro_num > 0  order by user_pro_num desc limit 5 [ RunTime:0.0003s ]
INFO: [ view_parse ] --START--
INFO: [ template_filter ] --START--
INFO: Run Behavior\ContentReplaceBehavior [ RunTime:0.000097s ]
INFO: [ template_filter ] --END-- [ RunTime:0.000169s ]
INFO: Run Behavior\ParseTemplateBehavior [ RunTime:0.188567s ]
INFO: [ view_parse ] --END-- [ RunTime:0.188667s ]
INFO: [ view_filter ] --START--
INFO: Run Behavior\WriteHtmlCacheBehavior [ RunTime:0.000395s ]
INFO: [ view_filter ] --END-- [ RunTime:0.000457s ]
INFO: [ app_end ] --START--
INFO: Run Behavior\ShowPageTraceBehavior [ RunTime:0.001236s ]
INFO: [ app_end ] --END-- [ RunTime:0.001598s ]

[ 2017-05-08T10:55:53+08:00 ] 127.0.0.1 /Front/login/login.html
INFO: [ app_init ] --START--
INFO: Run Behavior\BuildLiteBehavior [ RunTime:0.000017s ]
INFO: [ app_init ] --END-- [ RunTime:0.000304s ]
INFO: [ app_begin ] --START--
INFO: Run Behavior\ReadHtmlCacheBehavior [ RunTime:0.000404s ]
INFO: [ app_begin ] --END-- [ RunTime:0.000466s ]
INFO: [ view_parse ] --START--
INFO: [ template_filter ] --START--
INFO: Run Behavior\ContentReplaceBehavior [ RunTime:0.000050s ]
INFO: [ template_filter ] --END-- [ RunTime:0.000130s ]
INFO: Run Behavior\ParseTemplateBehavior [ RunTime:0.049128s ]
INFO: [ view_parse ] --END-- [ RunTime:0.049226s ]
INFO: [ view_filter ] --START--
INFO: Run Behavior\WriteHtmlCacheBehavior [ RunTime:0.000267s ]
INFO: [ view_filter ] --END-- [ RunTime:0.000321s ]
INFO: [ app_end ] --START--
INFO: Run Behavior\ShowPageTraceBehavior [ RunTime:0.000448s ]
INFO: [ app_end ] --END-- [ RunTime:0.000503s ]

[ 2017-05-08T10:56:00+08:00 ] 127.0.0.1 /index.php/Front/login/login.html
INFO: [ app_init ] --START--
INFO: Run Behavior\BuildLiteBehavior [ RunTime:0.000016s ]
INFO: [ app_init ] --END-- [ RunTime:0.000322s ]
INFO: [ app_begin ] --START--
INFO: Run Behavior\ReadHtmlCacheBehavior [ RunTime:0.000476s ]
INFO: [ app_begin ] --END-- [ RunTime:0.000544s ]
SQL: SELECT * FROM `jgbs_user` WHERE ( user_username='admin' ) LIMIT 1   [ RunTime:0.0004s ]

[ 2017-05-08T13:31:35+08:00 ] 127.0.0.1 /Front/index/index.html
INFO: [ app_init ] --START--
INFO: Run Behavior\BuildLiteBehavior [ RunTime:0.000015s ]
INFO: [ app_init ] --END-- [ RunTime:0.000309s ]
INFO: [ app_begin ] --START--
INFO: Run Behavior\ReadHtmlCacheBehavior [ RunTime:0.000699s ]
INFO: [ app_begin ] --END-- [ RunTime:0.000784s ]
SQL: SELECT COUNT(*) AS tp_count FROM `jgbs_project` WHERE ( pro_type=1 ) LIMIT 1   [ RunTime:0.0006s ]
SQL: SELECT * FROM `jgbs_project` WHERE ( pro_type=1 ) LIMIT 0,3   [ RunTime:0.0003s ]
SQL: SELECT COUNT(*) AS tp_count FROM `jgbs_project` WHERE ( pro_type=2 ) LIMIT 1   [ RunTime:0.0002s ]
SQL: SELECT * FROM `jgbs_project` WHERE ( pro_type=2 ) LIMIT 0,4   [ RunTime:0.0002s ]
SQL: SELECT COUNT(*) AS tp_count FROM `jgbs_project` WHERE ( pro_type=3 ) LIMIT 1   [ RunTime:0.0002s ]
SQL: SELECT * FROM `jgbs_project` WHERE ( pro_type=3 ) LIMIT 0,6   [ RunTime:0.0002s ]
SQL: SELECT COUNT(*) AS tp_count FROM `jgbs_project` WHERE ( pro_type=4 ) LIMIT 1   [ RunTime:0.0002s ]
SQL: SELECT * FROM `jgbs_project` WHERE ( pro_type=4 ) LIMIT 0,5   [ RunTime:0.0003s ]
SQL: SELECT COUNT(*) AS tp_count FROM `jgbs_consult` LIMIT 1   [ RunTime:0.0002s ]
SQL: SELECT * FROM `jgbs_consult` LIMIT 0,3   [ RunTime:0.0002s ]
SQL: select * from jgbs_user where user_pro_num > 0  order by user_pro_num desc limit 5 [ RunTime:0.0003s ]
INFO: [ view_parse ] --START--
INFO: [ template_filter ] --START--
INFO: Run Behavior\ContentReplaceBehavior [ RunTime:0.000100s ]
INFO: [ template_filter ] --END-- [ RunTime:0.000177s ]
INFO: Run Behavior\ParseTemplateBehavior [ RunTime:0.107255s ]
INFO: [ view_parse ] --END-- [ RunTime:0.107350s ]
INFO: [ view_filter ] --START--
INFO: Run Behavior\WriteHtmlCacheBehavior [ RunTime:0.000606s ]
INFO: [ view_filter ] --END-- [ RunTime:0.000680s ]
INFO: [ app_end ] --START--
INFO: Run Behavior\ShowPageTraceBehavior [ RunTime:0.001781s ]
INFO: [ app_end ] --END-- [ RunTime:0.001896s ]

[ 2017-05-08T13:31:39+08:00 ] 127.0.0.1 /Front/login/login.html
INFO: [ app_init ] --START--
INFO: Run Behavior\BuildLiteBehavior [ RunTime:0.000018s ]
INFO: [ app_init ] --END-- [ RunTime:0.000346s ]
INFO: [ app_begin ] --START--
INFO: Run Behavior\ReadHtmlCacheBehavior [ RunTime:0.000582s ]
INFO: [ app_begin ] --END-- [ RunTime:0.000647s ]
INFO: [ view_parse ] --START--
INFO: [ template_filter ] --START--
INFO: Run Behavior\ContentReplaceBehavior [ RunTime:0.000049s ]
INFO: [ template_filter ] --END-- [ RunTime:0.000126s ]
INFO: Run Behavior\ParseTemplateBehavior [ RunTime:0.024922s ]
INFO: [ view_parse ] --END-- [ RunTime:0.025010s ]
INFO: [ view_filter ] --START--
INFO: Run Behavior\WriteHtmlCacheBehavior [ RunTime:0.000404s ]
INFO: [ view_filter ] --END-- [ RunTime:0.000460s ]
INFO: [ app_end ] --START--
INFO: Run Behavior\ShowPageTraceBehavior [ RunTime:0.000597s ]
INFO: [ app_end ] --END-- [ RunTime:0.000653s ]

[ 2017-05-08T13:31:47+08:00 ] 127.0.0.1 /index.php/Front/login/login.html
INFO: [ app_init ] --START--
INFO: Run Behavior\BuildLiteBehavior [ RunTime:0.000016s ]
INFO: [ app_init ] --END-- [ RunTime:0.000326s ]
INFO: [ app_begin ] --START--
INFO: Run Behavior\ReadHtmlCacheBehavior [ RunTime:0.000527s ]
INFO: [ app_begin ] --END-- [ RunTime:0.000592s ]
SQL: SELECT * FROM `jgbs_user` WHERE ( user_username='admin' ) LIMIT 1   [ RunTime:0.0004s ]

[ 2017-05-08T18:47:41+08:00 ] 127.0.0.1 /Front/index/index.html
INFO: [ app_init ] --START--
INFO: Run Behavior\BuildLiteBehavior [ RunTime:0.000016s ]
INFO: [ app_init ] --END-- [ RunTime:0.000298s ]
INFO: [ app_begin ] --START--
INFO: Run Behavior\ReadHtmlCacheBehavior [ RunTime:0.000445s ]
INFO: [ app_begin ] --END-- [ RunTime:0.000519s ]
SQL: SELECT COUNT(*) AS tp_count FROM `jgbs_project` WHERE ( pro_type=1 ) LIMIT 1   [ RunTime:0.0926s ]
SQL: SELECT * FROM `jgbs_project` WHERE ( pro_type=1 ) LIMIT 0,3   [ RunTime:0.0122s ]
SQL: SELECT COUNT(*) AS tp_count FROM `jgbs_project` WHERE ( pro_type=2 ) LIMIT 1   [ RunTime:0.0003s ]
SQL: SELECT * FROM `jgbs_project` WHERE ( pro_type=2 ) LIMIT 0,4   [ RunTime:0.0003s ]
SQL: SELECT COUNT(*) AS tp_count FROM `jgbs_project` WHERE ( pro_type=3 ) LIMIT 1   [ RunTime:0.0002s ]
SQL: SELECT * FROM `jgbs_project` WHERE ( pro_type=3 ) LIMIT 0,6   [ RunTime:0.0002s ]
SQL: SELECT COUNT(*) AS tp_count FROM `jgbs_project` WHERE ( pro_type=4 ) LIMIT 1   [ RunTime:0.0002s ]
SQL: SELECT * FROM `jgbs_project` WHERE ( pro_type=4 ) LIMIT 0,5   [ RunTime:0.0002s ]
SQL: SELECT COUNT(*) AS tp_count FROM `jgbs_consult` LIMIT 1   [ RunTime:0.0822s ]
SQL: SELECT * FROM `jgbs_consult` LIMIT 0,3   [ RunTime:0.0004s ]
SQL: select * from jgbs_user where user_pro_num > 0  order by user_pro_num desc limit 5 [ RunTime:0.0095s ]
INFO: [ view_parse ] --START--
INFO: [ template_filter ] --START--
INFO: Run Behavior\ContentReplaceBehavior [ RunTime:0.000094s ]
INFO: [ template_filter ] --END-- [ RunTime:0.000167s ]
INFO: Run Behavior\ParseTemplateBehavior [ RunTime:0.175793s ]
INFO: [ view_parse ] --END-- [ RunTime:0.175883s ]
INFO: [ view_filter ] --START--
INFO: Run Behavior\WriteHtmlCacheBehavior [ RunTime:0.000240s ]
INFO: [ view_filter ] --END-- [ RunTime:0.000307s ]
INFO: [ app_end ] --START--
INFO: Run Behavior\ShowPageTraceBehavior [ RunTime:0.001041s ]
INFO: [ app_end ] --END-- [ RunTime:0.001266s ]

[ 2017-05-08T18:49:46+08:00 ] 127.0.0.1 /Front/index/index.html
INFO: [ app_init ] --START--
INFO: Run Behavior\BuildLiteBehavior [ RunTime:0.000016s ]
INFO: [ app_init ] --END-- [ RunTime:0.000363s ]
INFO: [ app_begin ] --START--
INFO: Run Behavior\ReadHtmlCacheBehavior [ RunTime:0.000534s ]
INFO: [ app_begin ] --END-- [ RunTime:0.000595s ]
SQL: SELECT COUNT(*) AS tp_count FROM `jgbs_project` WHERE ( pro_type=1 ) LIMIT 1   [ RunTime:0.0004s ]
SQL: SELECT * FROM `jgbs_project` WHERE ( pro_type=1 ) LIMIT 0,3   [ RunTime:0.0005s ]
SQL: SELECT COUNT(*) AS tp_count FROM `jgbs_project` WHERE ( pro_type=2 ) LIMIT 1   [ RunTime:0.0003s ]
SQL: SELECT * FROM `jgbs_project` WHERE ( pro_type=2 ) LIMIT 0,4   [ RunTime:0.0003s ]
SQL: SELECT COUNT(*) AS tp_count FROM `jgbs_project` WHERE ( pro_type=3 ) LIMIT 1   [ RunTime:0.0002s ]
SQL: SELECT * FROM `jgbs_project` WHERE ( pro_type=3 ) LIMIT 0,6   [ RunTime:0.0003s ]
SQL: SELECT COUNT(*) AS tp_count FROM `jgbs_project` WHERE ( pro_type=4 ) LIMIT 1   [ RunTime:0.0002s ]
SQL: SELECT * FROM `jgbs_project` WHERE ( pro_type=4 ) LIMIT 0,5   [ RunTime:0.0002s ]
SQL: SELECT COUNT(*) AS tp_count FROM `jgbs_consult` LIMIT 1   [ RunTime:0.0002s ]
SQL: SELECT * FROM `jgbs_consult` LIMIT 0,3   [ RunTime:0.0002s ]
SQL: select * from jgbs_user where user_pro_num > 0  order by user_pro_num desc limit 5 [ RunTime:0.0002s ]
INFO: [ view_parse ] --START--
INFO: [ template_filter ] --START--
INFO: Run Behavior\ContentReplaceBehavior [ RunTime:0.000103s ]
INFO: [ template_filter ] --END-- [ RunTime:0.000183s ]
INFO: Run Behavior\ParseTemplateBehavior [ RunTime:0.098580s ]
INFO: [ view_parse ] --END-- [ RunTime:0.098657s ]
INFO: [ view_filter ] --START--
INFO: Run Behavior\WriteHtmlCacheBehavior [ RunTime:0.000379s ]
INFO: [ view_filter ] --END-- [ RunTime:0.000439s ]
INFO: [ app_end ] --START--
INFO: Run Behavior\ShowPageTraceBehavior [ RunTime:0.001072s ]
INFO: [ app_end ] --END-- [ RunTime:0.001203s ]

[ 2017-05-08T18:50:04+08:00 ] 127.0.0.1 /Front/login/login.html
INFO: [ app_init ] --START--
INFO: Run Behavior\BuildLiteBehavior [ RunTime:0.000015s ]
INFO: [ app_init ] --END-- [ RunTime:0.000342s ]
INFO: [ app_begin ] --START--
INFO: Run Behavior\ReadHtmlCacheBehavior [ RunTime:0.000554s ]
INFO: [ app_begin ] --END-- [ RunTime:0.000622s ]
INFO: [ view_parse ] --START--
INFO: [ template_filter ] --START--
INFO: Run Behavior\ContentReplaceBehavior [ RunTime:0.000047s ]
INFO: [ template_filter ] --END-- [ RunTime:0.000117s ]
INFO: Run Behavior\ParseTemplateBehavior [ RunTime:0.045725s ]
INFO: [ view_parse ] --END-- [ RunTime:0.045857s ]
INFO: [ view_filter ] --START--
INFO: Run Behavior\WriteHtmlCacheBehavior [ RunTime:0.000319s ]
INFO: [ view_filter ] --END-- [ RunTime:0.000370s ]
INFO: [ app_end ] --START--
INFO: Run Behavior\ShowPageTraceBehavior [ RunTime:0.000500s ]
INFO: [ app_end ] --END-- [ RunTime:0.000556s ]

[ 2017-05-08T18:51:26+08:00 ] 127.0.0.1 /Front/login/login.html
INFO: [ app_init ] --START--
INFO: Run Behavior\BuildLiteBehavior [ RunTime:0.000026s ]
INFO: [ app_init ] --END-- [ RunTime:0.000442s ]
INFO: [ app_begin ] --START--
INFO: Run Behavior\ReadHtmlCacheBehavior [ RunTime:0.000450s ]
INFO: [ app_begin ] --END-- [ RunTime:0.000522s ]
INFO: [ view_parse ] --START--
INFO: [ template_filter ] --START--
INFO: Run Behavior\ContentReplaceBehavior [ RunTime:0.000050s ]
INFO: [ template_filter ] --END-- [ RunTime:0.000124s ]
INFO: Run Behavior\ParseTemplateBehavior [ RunTime:0.006552s ]
INFO: [ view_parse ] --END-- [ RunTime:0.006624s ]
INFO: [ view_filter ] --START--
INFO: Run Behavior\WriteHtmlCacheBehavior [ RunTime:0.000452s ]
INFO: [ view_filter ] --END-- [ RunTime:0.000507s ]
INFO: [ app_end ] --START--
INFO: Run Behavior\ShowPageTraceBehavior [ RunTime:0.000556s ]
INFO: [ app_end ] --END-- [ RunTime:0.000610s ]

[ 2017-05-08T18:51:32+08:00 ] 127.0.0.1 /index.php/Front/login/login.html
INFO: [ app_init ] --START--
INFO: Run Behavior\BuildLiteBehavior [ RunTime:0.000015s ]
INFO: [ app_init ] --END-- [ RunTime:0.000303s ]
INFO: [ app_begin ] --START--
INFO: Run Behavior\ReadHtmlCacheBehavior [ RunTime:0.000398s ]
INFO: [ app_begin ] --END-- [ RunTime:0.000459s ]
SQL: SELECT * FROM `jgbs_user` WHERE ( user_username='admin' ) LIMIT 1   [ RunTime:0.0004s ]

[ 2017-05-08T18:58:05+08:00 ] 127.0.0.1 /Front/index/index.html
INFO: [ app_init ] --START--
INFO: Run Behavior\BuildLiteBehavior [ RunTime:0.000018s ]
INFO: [ app_init ] --END-- [ RunTime:0.000336s ]
INFO: [ app_begin ] --START--
INFO: Run Behavior\ReadHtmlCacheBehavior [ RunTime:0.000427s ]
INFO: [ app_begin ] --END-- [ RunTime:0.000504s ]
SQL: SELECT COUNT(*) AS tp_count FROM `jgbs_project` WHERE ( pro_type=1 ) LIMIT 1   [ RunTime:0.0003s ]
SQL: SELECT * FROM `jgbs_project` WHERE ( pro_type=1 ) LIMIT 0,3   [ RunTime:0.0003s ]
SQL: SELECT COUNT(*) AS tp_count FROM `jgbs_project` WHERE ( pro_type=2 ) LIMIT 1   [ RunTime:0.0002s ]
SQL: SELECT * FROM `jgbs_project` WHERE ( pro_type=2 ) LIMIT 0,4   [ RunTime:0.0003s ]
SQL: SELECT COUNT(*) AS tp_count FROM `jgbs_project` WHERE ( pro_type=3 ) LIMIT 1   [ RunTime:0.0002s ]
SQL: SELECT * FROM `jgbs_project` WHERE ( pro_type=3 ) LIMIT 0,6   [ RunTime:0.0002s ]
SQL: SELECT COUNT(*) AS tp_count FROM `jgbs_project` WHERE ( pro_type=4 ) LIMIT 1   [ RunTime:0.0002s ]
SQL: SELECT * FROM `jgbs_project` WHERE ( pro_type=4 ) LIMIT 0,5   [ RunTime:0.0003s ]
SQL: SELECT COUNT(*) AS tp_count FROM `jgbs_consult` LIMIT 1   [ RunTime:0.0002s ]
SQL: SELECT * FROM `jgbs_consult` LIMIT 0,3   [ RunTime:0.0002s ]
SQL: select * from jgbs_user where user_pro_num > 0  order by user_pro_num desc limit 5 [ RunTime:0.0003s ]
INFO: [ view_parse ] --START--
INFO: [ template_filter ] --START--
INFO: Run Behavior\ContentReplaceBehavior [ RunTime:0.000121s ]
INFO: [ template_filter ] --END-- [ RunTime:0.000242s ]
INFO: Run Behavior\ParseTemplateBehavior [ RunTime:0.085871s ]
INFO: [ view_parse ] --END-- [ RunTime:0.085969s ]
INFO: [ view_filter ] --START--
INFO: Run Behavior\WriteHtmlCacheBehavior [ RunTime:0.000335s ]
INFO: [ view_filter ] --END-- [ RunTime:0.000387s ]
INFO: [ app_end ] --START--
INFO: Run Behavior\ShowPageTraceBehavior [ RunTime:0.001168s ]
INFO: [ app_end ] --END-- [ RunTime:0.001345s ]

[ 2017-05-08T19:13:25+08:00 ] 127.0.0.1 /Front/index/index.html
INFO: [ app_init ] --START--
INFO: Run Behavior\BuildLiteBehavior [ RunTime:0.000018s ]
INFO: [ app_init ] --END-- [ RunTime:0.000379s ]
INFO: [ app_begin ] --START--
INFO: Run Behavior\ReadHtmlCacheBehavior [ RunTime:0.000613s ]
INFO: [ app_begin ] --END-- [ RunTime:0.000681s ]
SQL: SELECT COUNT(*) AS tp_count FROM `jgbs_project` WHERE ( pro_type=1 ) LIMIT 1   [ RunTime:0.0003s ]
SQL: SELECT * FROM `jgbs_project` WHERE ( pro_type=1 ) LIMIT 0,3   [ RunTime:0.0003s ]
SQL: SELECT COUNT(*) AS tp_count FROM `jgbs_project` WHERE ( pro_type=2 ) LIMIT 1   [ RunTime:0.0002s ]
SQL: SELECT * FROM `jgbs_project` WHERE ( pro_type=2 ) LIMIT 0,4   [ RunTime:0.0002s ]
SQL: SELECT COUNT(*) AS tp_count FROM `jgbs_project` WHERE ( pro_type=3 ) LIMIT 1   [ RunTime:0.0002s ]
SQL: SELECT * FROM `jgbs_project` WHERE ( pro_type=3 ) LIMIT 0,6   [ RunTime:0.0003s ]
SQL: SELECT COUNT(*) AS tp_count FROM `jgbs_project` WHERE ( pro_type=4 ) LIMIT 1   [ RunTime:0.0002s ]
SQL: SELECT * FROM `jgbs_project` WHERE ( pro_type=4 ) LIMIT 0,5   [ RunTime:0.0002s ]
SQL: SELECT COUNT(*) AS tp_count FROM `jgbs_consult` LIMIT 1   [ RunTime:0.0001s ]
SQL: SELECT * FROM `jgbs_consult` LIMIT 0,3   [ RunTime:0.0003s ]
SQL: select * from jgbs_user where user_pro_num > 0  order by user_pro_num desc limit 5 [ RunTime:0.0003s ]
INFO: [ view_parse ] --START--
INFO: [ template_filter ] --START--
INFO: Run Behavior\ContentReplaceBehavior [ RunTime:0.000102s ]
INFO: [ template_filter ] --END-- [ RunTime:0.000179s ]
INFO: Run Behavior\ParseTemplateBehavior [ RunTime:0.109655s ]
INFO: [ view_parse ] --END-- [ RunTime:0.109738s ]
INFO: [ view_filter ] --START--
INFO: Run Behavior\WriteHtmlCacheBehavior [ RunTime:0.000388s ]
INFO: [ view_filter ] --END-- [ RunTime:0.000457s ]
INFO: [ app_end ] --START--
INFO: Run Behavior\ShowPageTraceBehavior [ RunTime:0.001115s ]
INFO: [ app_end ] --END-- [ RunTime:0.001289s ]

[ 2017-05-08T19:14:13+08:00 ] 127.0.0.1 /Front/index/index.html
INFO: [ app_init ] --START--
INFO: Run Behavior\BuildLiteBehavior [ RunTime:0.000020s ]
INFO: [ app_init ] --END-- [ RunTime:0.000359s ]
INFO: [ app_begin ] --START--
INFO: Run Behavior\ReadHtmlCacheBehavior [ RunTime:0.000459s ]
INFO: [ app_begin ] --END-- [ RunTime:0.000524s ]
SQL: SELECT COUNT(*) AS tp_count FROM `jgbs_project` WHERE ( pro_type=1 ) LIMIT 1   [ RunTime:0.0003s ]
SQL: SELECT * FROM `jgbs_project` WHERE ( pro_type=1 ) LIMIT 0,3   [ RunTime:0.0003s ]
SQL: SELECT COUNT(*) AS tp_count FROM `jgbs_project` WHERE ( pro_type=2 ) LIMIT 1   [ RunTime:0.0002s ]
SQL: SELECT * FROM `jgbs_project` WHERE ( pro_type=2 ) LIMIT 0,4   [ RunTime:0.0002s ]
SQL: SELECT COUNT(*) AS tp_count FROM `jgbs_project` WHERE ( pro_type=3 ) LIMIT 1   [ RunTime:0.0002s ]
SQL: SELECT * FROM `jgbs_project` WHERE ( pro_type=3 ) LIMIT 0,6   [ RunTime:0.0002s ]
SQL: SELECT COUNT(*) AS tp_count FROM `jgbs_project` WHERE ( pro_type=4 ) LIMIT 1   [ RunTime:0.0001s ]
SQL: SELECT * FROM `jgbs_project` WHERE ( pro_type=4 ) LIMIT 0,5   [ RunTime:0.0002s ]
SQL: SELECT COUNT(*) AS tp_count FROM `jgbs_consult` LIMIT 1   [ RunTime:0.0002s ]
SQL: SELECT * FROM `jgbs_consult` LIMIT 0,3   [ RunTime:0.0002s ]
SQL: select * from jgbs_user where user_pro_num > 0  order by user_pro_num desc limit 5 [ RunTime:0.0002s ]
INFO: [ view_parse ] --START--
INFO: [ template_filter ] --START--
INFO: Run Behavior\ContentReplaceBehavior [ RunTime:0.000094s ]
INFO: [ template_filter ] --END-- [ RunTime:0.000154s ]
INFO: Run Behavior\ParseTemplateBehavior [ RunTime:0.090278s ]
INFO: [ view_parse ] --END-- [ RunTime:0.090354s ]
INFO: [ view_filter ] --START--
INFO: Run Behavior\WriteHtmlCacheBehavior [ RunTime:0.000366s ]
INFO: [ view_filter ] --END-- [ RunTime:0.000417s ]
INFO: [ app_end ] --START--
INFO: Run Behavior\ShowPageTraceBehavior [ RunTime:0.001164s ]
INFO: [ app_end ] --END-- [ RunTime:0.001301s ]

[ 2017-05-08T19:20:55+08:00 ] 127.0.0.1 /Front/index/index.html
INFO: [ app_init ] --START--
INFO: Run Behavior\BuildLiteBehavior [ RunTime:0.000018s ]
INFO: [ app_init ] --END-- [ RunTime:0.000382s ]
INFO: [ app_begin ] --START--
INFO: Run Behavior\ReadHtmlCacheBehavior [ RunTime:0.000584s ]
INFO: [ app_begin ] --END-- [ RunTime:0.000649s ]
SQL: SELECT COUNT(*) AS tp_count FROM `jgbs_project` WHERE ( pro_type=1 ) LIMIT 1   [ RunTime:0.0009s ]
SQL: SELECT * FROM `jgbs_project` WHERE ( pro_type=1 ) LIMIT 0,3   [ RunTime:0.0003s ]
SQL: SELECT COUNT(*) AS tp_count FROM `jgbs_project` WHERE ( pro_type=2 ) LIMIT 1   [ RunTime:0.0002s ]
SQL: SELECT * FROM `jgbs_project` WHERE ( pro_type=2 ) LIMIT 0,4   [ RunTime:0.0003s ]
SQL: SELECT COUNT(*) AS tp_count FROM `jgbs_project` WHERE ( pro_type=3 ) LIMIT 1   [ RunTime:0.0002s ]
SQL: SELECT * FROM `jgbs_project` WHERE ( pro_type=3 ) LIMIT 0,6   [ RunTime:0.0003s ]
SQL: SELECT COUNT(*) AS tp_count FROM `jgbs_project` WHERE ( pro_type=4 ) LIMIT 1   [ RunTime:0.0002s ]
SQL: SELECT * FROM `jgbs_project` WHERE ( pro_type=4 ) LIMIT 0,5   [ RunTime:0.0003s ]
SQL: SELECT COUNT(*) AS tp_count FROM `jgbs_consult` LIMIT 1   [ RunTime:0.0005s ]
SQL: SELECT * FROM `jgbs_consult` LIMIT 0,3   [ RunTime:0.0003s ]
SQL: select * from jgbs_user where user_pro_num > 0  order by user_pro_num desc limit 5 [ RunTime:0.0006s ]
INFO: [ view_parse ] --START--
INFO: [ template_filter ] --START--
INFO: Run Behavior\ContentReplaceBehavior [ RunTime:0.000092s ]
INFO: [ template_filter ] --END-- [ RunTime:0.000159s ]
INFO: Run Behavior\ParseTemplateBehavior [ RunTime:0.092268s ]
INFO: [ view_parse ] --END-- [ RunTime:0.092375s ]
INFO: [ view_filter ] --START--
INFO: Run Behavior\WriteHtmlCacheBehavior [ RunTime:0.000390s ]
INFO: [ view_filter ] --END-- [ RunTime:0.000441s ]
INFO: [ app_end ] --START--
INFO: Run Behavior\ShowPageTraceBehavior [ RunTime:0.001047s ]
INFO: [ app_end ] --END-- [ RunTime:0.001180s ]

[ 2017-05-08T19:21:13+08:00 ] 127.0.0.1 /Front/index/index.html
INFO: [ app_init ] --START--
INFO: Run Behavior\BuildLiteBehavior [ RunTime:0.000018s ]
INFO: [ app_init ] --END-- [ RunTime:0.000355s ]
INFO: [ app_begin ] --START--
INFO: Run Behavior\ReadHtmlCacheBehavior [ RunTime:0.000549s ]
INFO: [ app_begin ] --END-- [ RunTime:0.000617s ]
SQL: SELECT COUNT(*) AS tp_count FROM `jgbs_project` WHERE ( pro_type=1 ) LIMIT 1   [ RunTime:0.0003s ]
SQL: SELECT * FROM `jgbs_project` WHERE ( pro_type=1 ) LIMIT 0,3   [ RunTime:0.0003s ]
SQL: SELECT COUNT(*) AS tp_count FROM `jgbs_project` WHERE ( pro_type=2 ) LIMIT 1   [ RunTime:0.0002s ]
SQL: SELECT * FROM `jgbs_project` WHERE ( pro_type=2 ) LIMIT 0,4   [ RunTime:0.0002s ]
SQL: SELECT COUNT(*) AS tp_count FROM `jgbs_project` WHERE ( pro_type=3 ) LIMIT 1   [ RunTime:0.0002s ]
SQL: SELECT * FROM `jgbs_project` WHERE ( pro_type=3 ) LIMIT 0,6   [ RunTime:0.0003s ]
SQL: SELECT COUNT(*) AS tp_count FROM `jgbs_project` WHERE ( pro_type=4 ) LIMIT 1   [ RunTime:0.0002s ]
SQL: SELECT * FROM `jgbs_project` WHERE ( pro_type=4 ) LIMIT 0,5   [ RunTime:0.0002s ]
SQL: SELECT COUNT(*) AS tp_count FROM `jgbs_consult` LIMIT 1   [ RunTime:0.0002s ]
SQL: SELECT * FROM `jgbs_consult` LIMIT 0,3   [ RunTime:0.0002s ]
SQL: select * from jgbs_user where user_pro_num > 0  order by user_pro_num desc limit 5 [ RunTime:0.0002s ]
INFO: [ view_parse ] --START--
INFO: [ template_filter ] --START--
INFO: Run Behavior\ContentReplaceBehavior [ RunTime:0.000092s ]
INFO: [ template_filter ] --END-- [ RunTime:0.000155s ]
INFO: Run Behavior\ParseTemplateBehavior [ RunTime:0.088305s ]
INFO: [ view_parse ] --END-- [ RunTime:0.088384s ]
INFO: [ view_filter ] --START--
INFO: Run Behavior\WriteHtmlCacheBehavior [ RunTime:0.000308s ]
INFO: [ view_filter ] --END-- [ RunTime:0.000358s ]
INFO: [ app_end ] --START--
INFO: Run Behavior\ShowPageTraceBehavior [ RunTime:0.001025s ]
INFO: [ app_end ] --END-- [ RunTime:0.001156s ]

[ 2017-05-08T19:25:45+08:00 ] 127.0.0.1 /Front/index/index.html
INFO: [ app_init ] --START--
INFO: Run Behavior\BuildLiteBehavior [ RunTime:0.000017s ]
INFO: [ app_init ] --END-- [ RunTime:0.000379s ]
INFO: [ app_begin ] --START--
INFO: Run Behavior\ReadHtmlCacheBehavior [ RunTime:0.000595s ]
INFO: [ app_begin ] --END-- [ RunTime:0.000658s ]
SQL: SELECT COUNT(*) AS tp_count FROM `jgbs_project` WHERE ( pro_type=1 ) LIMIT 1   [ RunTime:0.0004s ]
SQL: SELECT * FROM `jgbs_project` WHERE ( pro_type=1 ) LIMIT 0,3   [ RunTime:0.0004s ]
SQL: SELECT COUNT(*) AS tp_count FROM `jgbs_project` WHERE ( pro_type=2 ) LIMIT 1   [ RunTime:0.0003s ]
SQL: SELECT * FROM `jgbs_project` WHERE ( pro_type=2 ) LIMIT 0,4   [ RunTime:0.0004s ]
SQL: SELECT COUNT(*) AS tp_count FROM `jgbs_project` WHERE ( pro_type=3 ) LIMIT 1   [ RunTime:0.0004s ]
SQL: SELECT * FROM `jgbs_project` WHERE ( pro_type=3 ) LIMIT 0,6   [ RunTime:0.0005s ]
SQL: SELECT COUNT(*) AS tp_count FROM `jgbs_project` WHERE ( pro_type=4 ) LIMIT 1   [ RunTime:0.0003s ]
SQL: SELECT * FROM `jgbs_project` WHERE ( pro_type=4 ) LIMIT 0,5   [ RunTime:0.0003s ]
SQL: SELECT COUNT(*) AS tp_count FROM `jgbs_consult` LIMIT 1   [ RunTime:0.0002s ]
SQL: SELECT * FROM `jgbs_consult` LIMIT 0,3   [ RunTime:0.0003s ]
SQL: select * from jgbs_user where user_pro_num > 0  order by user_pro_num desc limit 5 [ RunTime:0.0003s ]
INFO: [ view_parse ] --START--
INFO: [ template_filter ] --START--
INFO: Run Behavior\ContentReplaceBehavior [ RunTime:0.000096s ]
INFO: [ template_filter ] --END-- [ RunTime:0.000171s ]
INFO: Run Behavior\ParseTemplateBehavior [ RunTime:0.089875s ]
INFO: [ view_parse ] --END-- [ RunTime:0.089962s ]
INFO: [ view_filter ] --START--
INFO: Run Behavior\WriteHtmlCacheBehavior [ RunTime:0.000364s ]
INFO: [ view_filter ] --END-- [ RunTime:0.000416s ]
INFO: [ app_end ] --START--
INFO: Run Behavior\ShowPageTraceBehavior [ RunTime:0.001208s ]
INFO: [ app_end ] --END-- [ RunTime:0.001348s ]

[ 2017-05-08T19:25:53+08:00 ] 127.0.0.1 /Front/login/login.html
INFO: [ app_init ] --START--
INFO: Run Behavior\BuildLiteBehavior [ RunTime:0.000016s ]
INFO: [ app_init ] --END-- [ RunTime:0.000347s ]
INFO: [ app_begin ] --START--
INFO: Run Behavior\ReadHtmlCacheBehavior [ RunTime:0.000527s ]
INFO: [ app_begin ] --END-- [ RunTime:0.000587s ]
INFO: [ view_parse ] --START--
INFO: [ template_filter ] --START--
INFO: Run Behavior\ContentReplaceBehavior [ RunTime:0.000063s ]
INFO: [ template_filter ] --END-- [ RunTime:0.000127s ]
INFO: Run Behavior\ParseTemplateBehavior [ RunTime:0.014915s ]
INFO: [ view_parse ] --END-- [ RunTime:0.014990s ]
INFO: [ view_filter ] --START--
INFO: Run Behavior\WriteHtmlCacheBehavior [ RunTime:0.000317s ]
INFO: [ view_filter ] --END-- [ RunTime:0.000370s ]
INFO: [ app_end ] --START--
INFO: Run Behavior\ShowPageTraceBehavior [ RunTime:0.000518s ]
INFO: [ app_end ] --END-- [ RunTime:0.000572s ]

[ 2017-05-08T19:25:56+08:00 ] 127.0.0.1 /Front/login/login.html
INFO: [ app_init ] --START--
INFO: Run Behavior\BuildLiteBehavior [ RunTime:0.000016s ]
INFO: [ app_init ] --END-- [ RunTime:0.000325s ]
INFO: [ app_begin ] --START--
INFO: Run Behavior\ReadHtmlCacheBehavior [ RunTime:0.000391s ]
INFO: [ app_begin ] --END-- [ RunTime:0.000450s ]
INFO: [ view_parse ] --START--
INFO: [ template_filter ] --START--
INFO: Run Behavior\ContentReplaceBehavior [ RunTime:0.000080s ]
INFO: [ template_filter ] --END-- [ RunTime:0.000176s ]
INFO: Run Behavior\ParseTemplateBehavior [ RunTime:0.006489s ]
INFO: [ view_parse ] --END-- [ RunTime:0.006560s ]
INFO: [ view_filter ] --START--
INFO: Run Behavior\WriteHtmlCacheBehavior [ RunTime:0.000245s ]
INFO: [ view_filter ] --END-- [ RunTime:0.000298s ]
INFO: [ app_end ] --START--
INFO: Run Behavior\ShowPageTraceBehavior [ RunTime:0.000452s ]
INFO: [ app_end ] --END-- [ RunTime:0.000509s ]

[ 2017-05-08T19:26:02+08:00 ] 127.0.0.1 /index.php/Front/login/login.html
INFO: [ app_init ] --START--
INFO: Run Behavior\BuildLiteBehavior [ RunTime:0.000016s ]
INFO: [ app_init ] --END-- [ RunTime:0.000318s ]
INFO: [ app_begin ] --START--
INFO: Run Behavior\ReadHtmlCacheBehavior [ RunTime:0.000542s ]
INFO: [ app_begin ] --END-- [ RunTime:0.000603s ]
SQL: SELECT * FROM `jgbs_user` WHERE ( user_username='qsy' ) LIMIT 1   [ RunTime:0.0005s ]
INFO: [ app_end ] --START--
INFO: Run Behavior\ShowPageTraceBehavior [ RunTime:0.000957s ]
INFO: [ app_end ] --END-- [ RunTime:0.001062s ]

[ 2017-05-08T19:26:11+08:00 ] 127.0.0.1 /index.php/Front/login/login.html
INFO: [ app_init ] --START--
INFO: Run Behavior\BuildLiteBehavior [ RunTime:0.000016s ]
INFO: [ app_init ] --END-- [ RunTime:0.000308s ]
INFO: [ app_begin ] --START--
INFO: Run Behavior\ReadHtmlCacheBehavior [ RunTime:0.000559s ]
INFO: [ app_begin ] --END-- [ RunTime:0.000620s ]
SQL: SELECT * FROM `jgbs_user` WHERE ( user_username='qsy' ) LIMIT 1   [ RunTime:0.0004s ]
INFO: [ app_end ] --START--
INFO: Run Behavior\ShowPageTraceBehavior [ RunTime:0.000785s ]
INFO: [ app_end ] --END-- [ RunTime:0.000864s ]

[ 2017-05-08T19:26:20+08:00 ] 127.0.0.1 /index.php/Front/login/register.html
INFO: [ app_init ] --START--
INFO: Run Behavior\BuildLiteBehavior [ RunTime:0.000016s ]
INFO: [ app_init ] --END-- [ RunTime:0.000338s ]
INFO: [ app_begin ] --START--
INFO: Run Behavior\ReadHtmlCacheBehavior [ RunTime:0.000572s ]
INFO: [ app_begin ] --END-- [ RunTime:0.000631s ]
INFO: [ view_parse ] --START--
INFO: [ template_filter ] --START--
INFO: Run Behavior\ContentReplaceBehavior [ RunTime:0.000070s ]
INFO: [ template_filter ] --END-- [ RunTime:0.000151s ]
INFO: Run Behavior\ParseTemplateBehavior [ RunTime:0.015677s ]
INFO: [ view_parse ] --END-- [ RunTime:0.015758s ]
INFO: [ view_filter ] --START--
INFO: Run Behavior\WriteHtmlCacheBehavior [ RunTime:0.000335s ]
INFO: [ view_filter ] --END-- [ RunTime:0.000401s ]
INFO: [ app_end ] --START--
INFO: Run Behavior\ShowPageTraceBehavior [ RunTime:0.000555s ]
INFO: [ app_end ] --END-- [ RunTime:0.000620s ]

[ 2017-05-08T19:26:23+08:00 ] 127.0.0.1 /index.php/Front/login/page-login.html
INFO: [ app_init ] --START--
INFO: Run Behavior\BuildLiteBehavior [ RunTime:0.000015s ]
INFO: [ app_init ] --END-- [ RunTime:0.000299s ]
INFO: [ app_begin ] --START--
INFO: Run Behavior\ReadHtmlCacheBehavior [ RunTime:0.000579s ]
INFO: [ app_begin ] --END-- [ RunTime:0.000648s ]
ERR: 非法操作:page-login

[ 2017-05-08T19:27:55+08:00 ] 127.0.0.1 /index.php/Front/login/register.html
INFO: [ app_init ] --START--
INFO: Run Behavior\BuildLiteBehavior [ RunTime:0.000018s ]
INFO: [ app_init ] --END-- [ RunTime:0.000382s ]
INFO: [ app_begin ] --START--
INFO: Run Behavior\ReadHtmlCacheBehavior [ RunTime:0.000529s ]
INFO: [ app_begin ] --END-- [ RunTime:0.000604s ]
ERR: 无法加载控制器:Login

[ 2017-05-08T19:27:59+08:00 ] 127.0.0.1 /Front/login/login.html
INFO: [ app_init ] --START--
INFO: Run Behavior\BuildLiteBehavior [ RunTime:0.000015s ]
INFO: [ app_init ] --END-- [ RunTime:0.000330s ]
INFO: [ app_begin ] --START--
INFO: Run Behavior\ReadHtmlCacheBehavior [ RunTime:0.000501s ]
INFO: [ app_begin ] --END-- [ RunTime:0.000561s ]
ERR: 无法加载控制器:Login

[ 2017-05-08T19:28:17+08:00 ] 127.0.0.1 /Front/login/login.html
INFO: [ app_init ] --START--
INFO: Run Behavior\BuildLiteBehavior [ RunTime:0.000018s ]
INFO: [ app_init ] --END-- [ RunTime:0.000345s ]
INFO: [ app_begin ] --START--
INFO: Run Behavior\ReadHtmlCacheBehavior [ RunTime:0.000549s ]
INFO: [ app_begin ] --END-- [ RunTime:0.000643s ]
ERR: 无法加载控制器:Login

[ 2017-05-08T19:28:18+08:00 ] 127.0.0.1 /index.php/Front/login/register.html
INFO: [ app_init ] --START--
INFO: Run Behavior\BuildLiteBehavior [ RunTime:0.000015s ]
INFO: [ app_init ] --END-- [ RunTime:0.000305s ]
INFO: [ app_begin ] --START--
INFO: Run Behavior\ReadHtmlCacheBehavior [ RunTime:0.000503s ]
INFO: [ app_begin ] --END-- [ RunTime:0.000564s ]
ERR: 无法加载控制器:Login

[ 2017-05-08T19:28:19+08:00 ] 127.0.0.1 /Front/login/login.html
INFO: [ app_init ] --START--
INFO: Run Behavior\BuildLiteBehavior [ RunTime:0.000020s ]
INFO: [ app_init ] --END-- [ RunTime:0.000372s ]
INFO: [ app_begin ] --START--
INFO: Run Behavior\ReadHtmlCacheBehavior [ RunTime:0.000763s ]
INFO: [ app_begin ] --END-- [ RunTime:0.000879s ]
ERR: 无法加载控制器:Login

[ 2017-05-08T19:28:21+08:00 ] 127.0.0.1 /Front/login/login.html
INFO: [ app_init ] --START--
INFO: Run Behavior\BuildLiteBehavior [ RunTime:0.000017s ]
INFO: [ app_init ] --END-- [ RunTime:0.000369s ]
INFO: [ app_begin ] --START--
INFO: Run Behavior\ReadHtmlCacheBehavior [ RunTime:0.000763s ]
INFO: [ app_begin ] --END-- [ RunTime:0.000852s ]
ERR: 无法加载控制器:Login

[ 2017-05-08T19:31:15+08:00 ] 127.0.0.1 /Front/login/login.html
INFO: [ app_init ] --START--
INFO: Run Behavior\BuildLiteBehavior [ RunTime:0.000019s ]
INFO: [ app_init ] --END-- [ RunTime:0.000457s ]
INFO: [ app_begin ] --START--
INFO: Run Behavior\ReadHtmlCacheBehavior [ RunTime:0.000610s ]
INFO: [ app_begin ] --END-- [ RunTime:0.000678s ]
INFO: [ view_parse ] --START--
INFO: [ template_filter ] --START--
INFO: Run Behavior\ContentReplaceBehavior [ RunTime:0.000073s ]
INFO: [ template_filter ] --END-- [ RunTime:0.000150s ]
INFO: Run Behavior\ParseTemplateBehavior [ RunTime:0.008389s ]
INFO: [ view_parse ] --END-- [ RunTime:0.008478s ]
INFO: [ view_filter ] --START--
INFO: Run Behavior\WriteHtmlCacheBehavior [ RunTime:0.000385s ]
INFO: [ view_filter ] --END-- [ RunTime:0.000449s ]
INFO: [ app_end ] --START--
INFO: Run Behavior\ShowPageTraceBehavior [ RunTime:0.000576s ]
INFO: [ app_end ] --END-- [ RunTime:0.000632s ]

[ 2017-05-08T19:31:19+08:00 ] 127.0.0.1 /index.php/Front/login/register.html
INFO: [ app_init ] --START--
INFO: Run Behavior\BuildLiteBehavior [ RunTime:0.000015s ]
INFO: [ app_init ] --END-- [ RunTime:0.000298s ]
INFO: [ app_begin ] --START--
INFO: Run Behavior\ReadHtmlCacheBehavior [ RunTime:0.000527s ]
INFO: [ app_begin ] --END-- [ RunTime:0.000587s ]
INFO: [ view_parse ] --START--
INFO: [ template_filter ] --START--
INFO: Run Behavior\ContentReplaceBehavior [ RunTime:0.000079s ]
INFO: [ template_filter ] --END-- [ RunTime:0.000181s ]
INFO: Run Behavior\ParseTemplateBehavior [ RunTime:0.014263s ]
INFO: [ view_parse ] --END-- [ RunTime:0.014356s ]
INFO: [ view_filter ] --START--
INFO: Run Behavior\WriteHtmlCacheBehavior [ RunTime:0.000603s ]
INFO: [ view_filter ] --END-- [ RunTime:0.000694s ]
INFO: [ app_end ] --START--
INFO: Run Behavior\ShowPageTraceBehavior [ RunTime:0.000906s ]
INFO: [ app_end ] --END-- [ RunTime:0.001005s ]

[ 2017-05-08T19:31:25+08:00 ] 127.0.0.1 /Front/login/login.html
INFO: [ app_init ] --START--
INFO: Run Behavior\BuildLiteBehavior [ RunTime:0.000016s ]
INFO: [ app_init ] --END-- [ RunTime:0.000387s ]
INFO: [ app_begin ] --START--
INFO: Run Behavior\ReadHtmlCacheBehavior [ RunTime:0.000879s ]
INFO: [ app_begin ] --END-- [ RunTime:0.000995s ]
INFO: [ view_parse ] --START--
INFO: [ template_filter ] --START--
INFO: Run Behavior\ContentReplaceBehavior [ RunTime:0.000069s ]
INFO: [ template_filter ] --END-- [ RunTime:0.000145s ]
INFO: Run Behavior\ParseTemplateBehavior [ RunTime:0.007949s ]
INFO: [ view_parse ] --END-- [ RunTime:0.008056s ]
INFO: [ view_filter ] --START--
INFO: Run Behavior\WriteHtmlCacheBehavior [ RunTime:0.000309s ]
INFO: [ view_filter ] --END-- [ RunTime:0.000363s ]
INFO: [ app_end ] --START--
INFO: Run Behavior\ShowPageTraceBehavior [ RunTime:0.000590s ]
INFO: [ app_end ] --END-- [ RunTime:0.000644s ]

[ 2017-05-08T19:31:28+08:00 ] 127.0.0.1 /Front/login/login.html
INFO: [ app_init ] --START--
INFO: Run Behavior\BuildLiteBehavior [ RunTime:0.000015s ]
INFO: [ app_init ] --END-- [ RunTime:0.000300s ]
INFO: [ app_begin ] --START--
INFO: Run Behavior\ReadHtmlCacheBehavior [ RunTime:0.000586s ]
INFO: [ app_begin ] --END-- [ RunTime:0.000646s ]
INFO: [ view_parse ] --START--
INFO: [ template_filter ] --START--
INFO: Run Behavior\ContentReplaceBehavior [ RunTime:0.000111s ]
INFO: [ template_filter ] --END-- [ RunTime:0.000253s ]
INFO: Run Behavior\ParseTemplateBehavior [ RunTime:0.009040s ]
INFO: [ view_parse ] --END-- [ RunTime:0.009149s ]
INFO: [ view_filter ] --START--
INFO: Run Behavior\WriteHtmlCacheBehavior [ RunTime:0.000440s ]
INFO: [ view_filter ] --END-- [ RunTime:0.000511s ]
INFO: [ app_end ] --START--
INFO: Run Behavior\ShowPageTraceBehavior [ RunTime:0.000588s ]
INFO: [ app_end ] --END-- [ RunTime:0.000646s ]

[ 2017-05-08T19:32:42+08:00 ] 127.0.0.1 /Front/index/index.html
INFO: [ app_init ] --START--
INFO: Run Behavior\BuildLiteBehavior [ RunTime:0.000016s ]
INFO: [ app_init ] --END-- [ RunTime:0.000367s ]
INFO: [ app_begin ] --START--
INFO: Run Behavior\ReadHtmlCacheBehavior [ RunTime:0.000590s ]
INFO: [ app_begin ] --END-- [ RunTime:0.000653s ]
SQL: SELECT COUNT(*) AS tp_count FROM `jgbs_project` WHERE ( pro_type=1 ) LIMIT 1   [ RunTime:0.0004s ]
SQL: SELECT * FROM `jgbs_project` WHERE ( pro_type=1 ) LIMIT 0,3   [ RunTime:0.0003s ]
SQL: SELECT COUNT(*) AS tp_count FROM `jgbs_project` WHERE ( pro_type=2 ) LIMIT 1   [ RunTime:0.0002s ]
SQL: SELECT * FROM `jgbs_project` WHERE ( pro_type=2 ) LIMIT 0,4   [ RunTime:0.0003s ]
SQL: SELECT COUNT(*) AS tp_count FROM `jgbs_project` WHERE ( pro_type=3 ) LIMIT 1   [ RunTime:0.0002s ]
SQL: SELECT * FROM `jgbs_project` WHERE ( pro_type=3 ) LIMIT 0,6   [ RunTime:0.0002s ]
SQL: SELECT COUNT(*) AS tp_count FROM `jgbs_project` WHERE ( pro_type=4 ) LIMIT 1   [ RunTime:0.0002s ]
SQL: SELECT * FROM `jgbs_project` WHERE ( pro_type=4 ) LIMIT 0,5   [ RunTime:0.0003s ]
SQL: SELECT COUNT(*) AS tp_count FROM `jgbs_consult` LIMIT 1   [ RunTime:0.0002s ]
SQL: SELECT * FROM `jgbs_consult` LIMIT 0,3   [ RunTime:0.0002s ]
SQL: select * from jgbs_user where user_pro_num > 0  order by user_pro_num desc limit 5 [ RunTime:0.0002s ]
INFO: [ view_parse ] --START--
INFO: [ template_filter ] --START--
INFO: Run Behavior\ContentReplaceBehavior [ RunTime:0.000093s ]
INFO: [ template_filter ] --END-- [ RunTime:0.000161s ]
INFO: Run Behavior\ParseTemplateBehavior [ RunTime:0.092426s ]
INFO: [ view_parse ] --END-- [ RunTime:0.092504s ]
INFO: [ view_filter ] --START--
INFO: Run Behavior\WriteHtmlCacheBehavior [ RunTime:0.000309s ]
INFO: [ view_filter ] --END-- [ RunTime:0.000361s ]
INFO: [ app_end ] --START--
INFO: Run Behavior\ShowPageTraceBehavior [ RunTime:0.001080s ]
INFO: [ app_end ] --END-- [ RunTime:0.001213s ]

[ 2017-05-08T19:32:42+08:00 ] 127.0.0.1 /index.php/Front/login/login.html
INFO: [ app_init ] --START--
INFO: Run Behavior\BuildLiteBehavior [ RunTime:0.000017s ]
INFO: [ app_init ] --END-- [ RunTime:0.000369s ]
INFO: [ app_begin ] --START--
INFO: Run Behavior\ReadHtmlCacheBehavior [ RunTime:0.000509s ]
INFO: [ app_begin ] --END-- [ RunTime:0.000570s ]
INFO: [ view_parse ] --START--
INFO: [ template_filter ] --START--
INFO: Run Behavior\ContentReplaceBehavior [ RunTime:0.000085s ]
INFO: [ template_filter ] --END-- [ RunTime:0.000174s ]
INFO: Run Behavior\ParseTemplateBehavior [ RunTime:0.006776s ]
INFO: [ view_parse ] --END-- [ RunTime:0.006846s ]
INFO: [ view_filter ] --START--
INFO: Run Behavior\WriteHtmlCacheBehavior [ RunTime:0.000251s ]
INFO: [ view_filter ] --END-- [ RunTime:0.000307s ]
INFO: [ app_end ] --START--
INFO: Run Behavior\ShowPageTraceBehavior [ RunTime:0.000694s ]
INFO: [ app_end ] --END-- [ RunTime:0.000769s ]

[ 2017-05-08T19:32:56+08:00 ] 127.0.0.1 /index.php/Front/login/login.html
INFO: [ app_init ] --START--
INFO: Run Behavior\BuildLiteBehavior [ RunTime:0.000016s ]
INFO: [ app_init ] --END-- [ RunTime:0.000323s ]
INFO: [ app_begin ] --START--
INFO: Run Behavior\ReadHtmlCacheBehavior [ RunTime:0.000557s ]
INFO: [ app_begin ] --END-- [ RunTime:0.000624s ]
INFO: [ view_parse ] --START--
INFO: [ template_filter ] --START--
INFO: Run Behavior\ContentReplaceBehavior [ RunTime:0.000068s ]
INFO: [ template_filter ] --END-- [ RunTime:0.000141s ]
INFO: Run Behavior\ParseTemplateBehavior [ RunTime:0.006829s ]
INFO: [ view_parse ] --END-- [ RunTime:0.006924s ]
INFO: [ view_filter ] --START--
INFO: Run Behavior\WriteHtmlCacheBehavior [ RunTime:0.000241s ]
INFO: [ view_filter ] --END-- [ RunTime:0.000301s ]
INFO: [ app_end ] --START--
INFO: Run Behavior\ShowPageTraceBehavior [ RunTime:0.000598s ]
INFO: [ app_end ] --END-- [ RunTime:0.000657s ]

[ 2017-05-08T19:32:59+08:00 ] 127.0.0.1 /index.php/Front/login/login.html
INFO: [ app_init ] --START--
INFO: Run Behavior\BuildLiteBehavior [ RunTime:0.000014s ]
INFO: [ app_init ] --END-- [ RunTime:0.000299s ]
INFO: [ app_begin ] --START--
INFO: Run Behavior\ReadHtmlCacheBehavior [ RunTime:0.000562s ]
INFO: [ app_begin ] --END-- [ RunTime:0.000631s ]
INFO: [ view_parse ] --START--
INFO: [ template_filter ] --START--
INFO: Run Behavior\ContentReplaceBehavior [ RunTime:0.000068s ]
INFO: [ template_filter ] --END-- [ RunTime:0.000146s ]
INFO: Run Behavior\ParseTemplateBehavior [ RunTime:0.008554s ]
INFO: [ view_parse ] --END-- [ RunTime:0.008666s ]
INFO: [ view_filter ] --START--
INFO: Run Behavior\WriteHtmlCacheBehavior [ RunTime:0.000225s ]
INFO: [ view_filter ] --END-- [ RunTime:0.000277s ]
INFO: [ app_end ] --START--
INFO: Run Behavior\ShowPageTraceBehavior [ RunTime:0.000523s ]
INFO: [ app_end ] --END-- [ RunTime:0.000575s ]

[ 2017-05-08T19:35:01+08:00 ] 127.0.0.1 /index.php/Front/login/login.html
INFO: [ app_init ] --START--
INFO: Run Behavior\BuildLiteBehavior [ RunTime:0.000016s ]
INFO: [ app_init ] --END-- [ RunTime:0.000384s ]
INFO: [ app_begin ] --START--
INFO: Run Behavior\ReadHtmlCacheBehavior [ RunTime:0.000556s ]
INFO: [ app_begin ] --END-- [ RunTime:0.000616s ]
INFO: [ view_parse ] --START--
INFO: [ template_filter ] --START--
INFO: Run Behavior\ContentReplaceBehavior [ RunTime:0.000070s ]
INFO: [ template_filter ] --END-- [ RunTime:0.000144s ]
INFO: Run Behavior\ParseTemplateBehavior [ RunTime:0.007430s ]
INFO: [ view_parse ] --END-- [ RunTime:0.007514s ]
INFO: [ view_filter ] --START--
INFO: Run Behavior\WriteHtmlCacheBehavior [ RunTime:0.000425s ]
INFO: [ view_filter ] --END-- [ RunTime:0.000505s ]
INFO: [ app_end ] --START--
INFO: Run Behavior\ShowPageTraceBehavior [ RunTime:0.000835s ]
INFO: [ app_end ] --END-- [ RunTime:0.000921s ]

[ 2017-05-08T19:35:20+08:00 ] 127.0.0.1 /Front/login/login.html
INFO: [ app_init ] --START--
INFO: Run Behavior\BuildLiteBehavior [ RunTime:0.000017s ]
INFO: [ app_init ] --END-- [ RunTime:0.000375s ]
INFO: [ app_begin ] --START--
INFO: Run Behavior\ReadHtmlCacheBehavior [ RunTime:0.000554s ]
INFO: [ app_begin ] --END-- [ RunTime:0.000614s ]
INFO: [ view_parse ] --START--
INFO: [ template_filter ] --START--
INFO: Run Behavior\ContentReplaceBehavior [ RunTime:0.000066s ]
INFO: [ template_filter ] --END-- [ RunTime:0.000129s ]
INFO: Run Behavior\ParseTemplateBehavior [ RunTime:0.007232s ]
INFO: [ view_parse ] --END-- [ RunTime:0.007345s ]
INFO: [ view_filter ] --START--
INFO: Run Behavior\WriteHtmlCacheBehavior [ RunTime:0.000503s ]
INFO: [ view_filter ] --END-- [ RunTime:0.000577s ]
INFO: [ app_end ] --START--
INFO: Run Behavior\ShowPageTraceBehavior [ RunTime:0.000600s ]
INFO: [ app_end ] --END-- [ RunTime:0.000662s ]

[ 2017-05-08T19:38:38+08:00 ] 127.0.0.1 /index.php/Front/login/login.html
INFO: [ app_init ] --START--
INFO: Run Behavior\BuildLiteBehavior [ RunTime:0.000015s ]
INFO: [ app_init ] --END-- [ RunTime:0.000305s ]
INFO: [ app_begin ] --START--
INFO: Run Behavior\ReadHtmlCacheBehavior [ RunTime:0.000406s ]
INFO: [ app_begin ] --END-- [ RunTime:0.000469s ]
SQL: SELECT * FROM `jgbs_user` WHERE ( user_username='qsy' ) LIMIT 1   [ RunTime:0.0004s ]

[ 2017-05-08T19:38:39+08:00 ] 127.0.0.1 /Front/index/index.html
INFO: [ app_init ] --START--
INFO: Run Behavior\BuildLiteBehavior [ RunTime:0.000016s ]
INFO: [ app_init ] --END-- [ RunTime:0.000304s ]
INFO: [ app_begin ] --START--
INFO: Run Behavior\ReadHtmlCacheBehavior [ RunTime:0.000420s ]
INFO: [ app_begin ] --END-- [ RunTime:0.000524s ]
SQL: SELECT COUNT(*) AS tp_count FROM `jgbs_project` WHERE ( pro_type=1 ) LIMIT 1   [ RunTime:0.0005s ]
SQL: SELECT * FROM `jgbs_project` WHERE ( pro_type=1 ) LIMIT 0,3   [ RunTime:0.0004s ]
SQL: SELECT COUNT(*) AS tp_count FROM `jgbs_project` WHERE ( pro_type=2 ) LIMIT 1   [ RunTime:0.0002s ]
SQL: SELECT * FROM `jgbs_project` WHERE ( pro_type=2 ) LIMIT 0,4   [ RunTime:0.0002s ]
SQL: SELECT COUNT(*) AS tp_count FROM `jgbs_project` WHERE ( pro_type=3 ) LIMIT 1   [ RunTime:0.0002s ]
SQL: SELECT * FROM `jgbs_project` WHERE ( pro_type=3 ) LIMIT 0,6   [ RunTime:0.0002s ]
SQL: SELECT COUNT(*) AS tp_count FROM `jgbs_project` WHERE ( pro_type=4 ) LIMIT 1   [ RunTime:0.0002s ]
SQL: SELECT * FROM `jgbs_project` WHERE ( pro_type=4 ) LIMIT 0,5   [ RunTime:0.0002s ]
SQL: SELECT COUNT(*) AS tp_count FROM `jgbs_consult` LIMIT 1   [ RunTime:0.0001s ]
SQL: SELECT * FROM `jgbs_consult` LIMIT 0,3   [ RunTime:0.0002s ]
SQL: select * from jgbs_user where user_pro_num > 0  order by user_pro_num desc limit 5 [ RunTime:0.0002s ]
INFO: [ view_parse ] --START--
INFO: [ template_filter ] --START--
INFO: Run Behavior\ContentReplaceBehavior [ RunTime:0.000096s ]
INFO: [ template_filter ] --END-- [ RunTime:0.000168s ]
INFO: Run Behavior\ParseTemplateBehavior [ RunTime:0.092233s ]
INFO: [ view_parse ] --END-- [ RunTime:0.092311s ]
INFO: [ view_filter ] --START--
INFO: Run Behavior\WriteHtmlCacheBehavior [ RunTime:0.000388s ]
INFO: [ view_filter ] --END-- [ RunTime:0.000440s ]
INFO: [ app_end ] --START--
INFO: Run Behavior\ShowPageTraceBehavior [ RunTime:0.001015s ]
INFO: [ app_end ] --END-- [ RunTime:0.001159s ]

[ 2017-05-08T19:39:18+08:00 ] 127.0.0.1 /index.php/Front/login/register.html
INFO: [ app_init ] --START--
INFO: Run Behavior\BuildLiteBehavior [ RunTime:0.000016s ]
INFO: [ app_init ] --END-- [ RunTime:0.000342s ]
INFO: [ app_begin ] --START--
INFO: Run Behavior\ReadHtmlCacheBehavior [ RunTime:0.000578s ]
INFO: [ app_begin ] --END-- [ RunTime:0.000640s ]
INFO: [ view_parse ] --START--
INFO: [ template_filter ] --START--
INFO: Run Behavior\ContentReplaceBehavior [ RunTime:0.000101s ]
INFO: [ template_filter ] --END-- [ RunTime:0.000205s ]
INFO: Run Behavior\ParseTemplateBehavior [ RunTime:0.007055s ]
INFO: [ view_parse ] --END-- [ RunTime:0.007127s ]
INFO: [ view_filter ] --START--
INFO: Run Behavior\WriteHtmlCacheBehavior [ RunTime:0.000335s ]
INFO: [ view_filter ] --END-- [ RunTime:0.000391s ]
INFO: [ app_end ] --START--
INFO: Run Behavior\ShowPageTraceBehavior [ RunTime:0.000559s ]
INFO: [ app_end ] --END-- [ RunTime:0.000613s ]

[ 2017-05-08T19:39:42+08:00 ] 127.0.0.1 /index.php/Front/login/register.html
INFO: [ app_init ] --START--
INFO: Run Behavior\BuildLiteBehavior [ RunTime:0.000018s ]
INFO: [ app_init ] --END-- [ RunTime:0.000431s ]
INFO: [ app_begin ] --START--
INFO: Run Behavior\ReadHtmlCacheBehavior [ RunTime:0.001096s ]
INFO: [ app_begin ] --END-- [ RunTime:0.001235s ]
SQL: INSERT INTO `jgbs_user` (`user_username`,`user_password`) VALUES ('aaa','e10adc3949ba59abbe56e057f20f883e') [ RunTime:0.0492s ]

[ 2017-05-08T19:39:42+08:00 ] 127.0.0.1 /index.php/Front/login/login.html
INFO: [ app_init ] --START--
INFO: Run Behavior\BuildLiteBehavior [ RunTime:0.000018s ]
INFO: [ app_init ] --END-- [ RunTime:0.000329s ]
INFO: [ app_begin ] --START--
INFO: Run Behavior\ReadHtmlCacheBehavior [ RunTime:0.000543s ]
INFO: [ app_begin ] --END-- [ RunTime:0.000615s ]
INFO: [ view_parse ] --START--
INFO: [ template_filter ] --START--
INFO: Run Behavior\ContentReplaceBehavior [ RunTime:0.000091s ]
INFO: [ template_filter ] --END-- [ RunTime:0.000168s ]
INFO: Run Behavior\ParseTemplateBehavior [ RunTime:0.007177s ]
INFO: [ view_parse ] --END-- [ RunTime:0.007257s ]
INFO: [ view_filter ] --START--
INFO: Run Behavior\WriteHtmlCacheBehavior [ RunTime:0.000391s ]
INFO: [ view_filter ] --END-- [ RunTime:0.000447s ]
INFO: [ app_end ] --START--
INFO: Run Behavior\ShowPageTraceBehavior [ RunTime:0.000584s ]
INFO: [ app_end ] --END-- [ RunTime:0.000646s ]

[ 2017-05-08T19:39:47+08:00 ] 127.0.0.1 /index.php/Front/login/login.html
INFO: [ app_init ] --START--
INFO: Run Behavior\BuildLiteBehavior [ RunTime:0.000019s ]
INFO: [ app_init ] --END-- [ RunTime:0.000366s ]
INFO: [ app_begin ] --START--
INFO: Run Behavior\ReadHtmlCacheBehavior [ RunTime:0.000494s ]
INFO: [ app_begin ] --END-- [ RunTime:0.000566s ]
SQL: SELECT * FROM `jgbs_user` WHERE ( user_username='aaa' ) LIMIT 1   [ RunTime:0.0004s ]

[ 2017-05-08T19:39:48+08:00 ] 127.0.0.1 /Front/index/index.html
INFO: [ app_init ] --START--
INFO: Run Behavior\BuildLiteBehavior [ RunTime:0.000017s ]
INFO: [ app_init ] --END-- [ RunTime:0.000340s ]
INFO: [ app_begin ] --START--
INFO: Run Behavior\ReadHtmlCacheBehavior [ RunTime:0.000507s ]
INFO: [ app_begin ] --END-- [ RunTime:0.000569s ]
SQL: SELECT COUNT(*) AS tp_count FROM `jgbs_project` WHERE ( pro_type=1 ) LIMIT 1   [ RunTime:0.0004s ]
SQL: SELECT * FROM `jgbs_project` WHERE ( pro_type=1 ) LIMIT 0,3   [ RunTime:0.0003s ]
SQL: SELECT COUNT(*) AS tp_count FROM `jgbs_project` WHERE ( pro_type=2 ) LIMIT 1   [ RunTime:0.0003s ]
SQL: SELECT * FROM `jgbs_project` WHERE ( pro_type=2 ) LIMIT 0,4   [ RunTime:0.0003s ]
SQL: SELECT COUNT(*) AS tp_count FROM `jgbs_project` WHERE ( pro_type=3 ) LIMIT 1   [ RunTime:0.0003s ]
SQL: SELECT * FROM `jgbs_project` WHERE ( pro_type=3 ) LIMIT 0,6   [ RunTime:0.0003s ]
SQL: SELECT COUNT(*) AS tp_count FROM `jgbs_project` WHERE ( pro_type=4 ) LIMIT 1   [ RunTime:0.0002s ]
SQL: SELECT * FROM `jgbs_project` WHERE ( pro_type=4 ) LIMIT 0,5   [ RunTime:0.0003s ]
SQL: SELECT COUNT(*) AS tp_count FROM `jgbs_consult` LIMIT 1   [ RunTime:0.0002s ]
SQL: SELECT * FROM `jgbs_consult` LIMIT 0,3   [ RunTime:0.0003s ]
SQL: select * from jgbs_user where user_pro_num > 0  order by user_pro_num desc limit 5 [ RunTime:0.0003s ]
INFO: [ view_parse ] --START--
INFO: [ template_filter ] --START--
INFO: Run Behavior\ContentReplaceBehavior [ RunTime:0.000094s ]
INFO: [ template_filter ] --END-- [ RunTime:0.000168s ]
INFO: Run Behavior\ParseTemplateBehavior [ RunTime:0.091426s ]
INFO: [ view_parse ] --END-- [ RunTime:0.091525s ]
INFO: [ view_filter ] --START--
INFO: Run Behavior\WriteHtmlCacheBehavior [ RunTime:0.000333s ]
INFO: [ view_filter ] --END-- [ RunTime:0.000383s ]
INFO: [ app_end ] --START--
INFO: Run Behavior\ShowPageTraceBehavior [ RunTime:0.000642s ]
INFO: [ app_end ] --END-- [ RunTime:0.000727s ]

[ 2017-05-08T20:01:19+08:00 ] 127.0.0.1 /
INFO: [ app_init ] --START--
INFO: Run Behavior\BuildLiteBehavior [ RunTime:0.000018s ]
INFO: [ app_init ] --END-- [ RunTime:0.000402s ]
INFO: [ app_begin ] --START--
INFO: Run Behavior\ReadHtmlCacheBehavior [ RunTime:0.000549s ]
INFO: [ app_begin ] --END-- [ RunTime:0.000622s ]
SQL: SELECT COUNT(*) AS tp_count FROM `jgbs_project` WHERE ( pro_type=1 ) LIMIT 1   [ RunTime:0.0007s ]
SQL: SELECT * FROM `jgbs_project` WHERE ( pro_type=1 ) LIMIT 0,3   [ RunTime:0.0003s ]
SQL: SELECT COUNT(*) AS tp_count FROM `jgbs_project` WHERE ( pro_type=2 ) LIMIT 1   [ RunTime:0.0002s ]
SQL: SELECT * FROM `jgbs_project` WHERE ( pro_type=2 ) LIMIT 0,4   [ RunTime:0.0003s ]
SQL: SELECT COUNT(*) AS tp_count FROM `jgbs_project` WHERE ( pro_type=3 ) LIMIT 1   [ RunTime:0.0002s ]
SQL: SELECT * FROM `jgbs_project` WHERE ( pro_type=3 ) LIMIT 0,6   [ RunTime:0.0003s ]
SQL: SELECT COUNT(*) AS tp_count FROM `jgbs_project` WHERE ( pro_type=4 ) LIMIT 1   [ RunTime:0.0002s ]
SQL: SELECT * FROM `jgbs_project` WHERE ( pro_type=4 ) LIMIT 0,5   [ RunTime:0.0002s ]
SQL: SELECT COUNT(*) AS tp_count FROM `jgbs_consult` LIMIT 1   [ RunTime:0.0004s ]
SQL: SELECT * FROM `jgbs_consult` LIMIT 0,3   [ RunTime:0.0003s ]
SQL: select * from jgbs_user where user_pro_num > 0  order by user_pro_num desc limit 5 [ RunTime:0.0006s ]
INFO: [ view_parse ] --START--
INFO: [ template_filter ] --START--
INFO: Run Behavior\ContentReplaceBehavior [ RunTime:0.000107s ]
INFO: [ template_filter ] --END-- [ RunTime:0.000185s ]
INFO: Run Behavior\ParseTemplateBehavior [ RunTime:0.094078s ]
INFO: [ view_parse ] --END-- [ RunTime:0.094185s ]
INFO: [ view_filter ] --START--
INFO: Run Behavior\WriteHtmlCacheBehavior [ RunTime:0.000526s ]
INFO: [ view_filter ] --END-- [ RunTime:0.000597s ]
INFO: [ app_end ] --START--
INFO: Run Behavior\ShowPageTraceBehavior [ RunTime:0.000789s ]
INFO: [ app_end ] --END-- [ RunTime:0.000894s ]

[ 2017-05-08T20:01:20+08:00 ] 127.0.0.1 /
INFO: [ app_init ] --START--
INFO: Run Behavior\BuildLiteBehavior [ RunTime:0.000018s ]
INFO: [ app_init ] --END-- [ RunTime:0.000375s ]
INFO: [ app_begin ] --START--
INFO: Run Behavior\ReadHtmlCacheBehavior [ RunTime:0.000813s ]
INFO: [ app_begin ] --END-- [ RunTime:0.000932s ]
SQL: SELECT COUNT(*) AS tp_count FROM `jgbs_project` WHERE ( pro_type=1 ) LIMIT 1   [ RunTime:0.0004s ]
SQL: SELECT * FROM `jgbs_project` WHERE ( pro_type=1 ) LIMIT 0,3   [ RunTime:0.0003s ]
SQL: SELECT COUNT(*) AS tp_count FROM `jgbs_project` WHERE ( pro_type=2 ) LIMIT 1   [ RunTime:0.0003s ]
SQL: SELECT * FROM `jgbs_project` WHERE ( pro_type=2 ) LIMIT 0,4   [ RunTime:0.0003s ]
SQL: SELECT COUNT(*) AS tp_count FROM `jgbs_project` WHERE ( pro_type=3 ) LIMIT 1   [ RunTime:0.0002s ]
SQL: SELECT * FROM `jgbs_project` WHERE ( pro_type=3 ) LIMIT 0,6   [ RunTime:0.0003s ]
SQL: SELECT COUNT(*) AS tp_count FROM `jgbs_project` WHERE ( pro_type=4 ) LIMIT 1   [ RunTime:0.0002s ]
SQL: SELECT * FROM `jgbs_project` WHERE ( pro_type=4 ) LIMIT 0,5   [ RunTime:0.0002s ]
SQL: SELECT COUNT(*) AS tp_count FROM `jgbs_consult` LIMIT 1   [ RunTime:0.0001s ]
SQL: SELECT * FROM `jgbs_consult` LIMIT 0,3   [ RunTime:0.0002s ]
SQL: select * from jgbs_user where user_pro_num > 0  order by user_pro_num desc limit 5 [ RunTime:0.0002s ]
INFO: [ view_parse ] --START--
INFO: [ template_filter ] --START--
INFO: Run Behavior\ContentReplaceBehavior [ RunTime:0.000095s ]
INFO: [ template_filter ] --END-- [ RunTime:0.000164s ]
INFO: Run Behavior\ParseTemplateBehavior [ RunTime:0.089729s ]
INFO: [ view_parse ] --END-- [ RunTime:0.089835s ]
INFO: [ view_filter ] --START--
INFO: Run Behavior\WriteHtmlCacheBehavior [ RunTime:0.000374s ]
INFO: [ view_filter ] --END-- [ RunTime:0.000427s ]
INFO: [ app_end ] --START--
INFO: Run Behavior\ShowPageTraceBehavior [ RunTime:0.001020s ]
INFO: [ app_end ] --END-- [ RunTime:0.001145s ]

[ 2017-05-08T20:01:35+08:00 ] 127.0.0.1 /
INFO: [ app_init ] --START--
INFO: Run Behavior\BuildLiteBehavior [ RunTime:0.000015s ]
INFO: [ app_init ] --END-- [ RunTime:0.000297s ]
INFO: [ app_begin ] --START--
INFO: Run Behavior\ReadHtmlCacheBehavior [ RunTime:0.000519s ]
INFO: [ app_begin ] --END-- [ RunTime:0.000577s ]
SQL: SELECT COUNT(*) AS tp_count FROM `jgbs_project` WHERE ( pro_type=1 ) LIMIT 1   [ RunTime:0.0003s ]
SQL: SELECT * FROM `jgbs_project` WHERE ( pro_type=1 ) LIMIT 0,3   [ RunTime:0.0003s ]
SQL: SELECT COUNT(*) AS tp_count FROM `jgbs_project` WHERE ( pro_type=2 ) LIMIT 1   [ RunTime:0.0002s ]
SQL: SELECT * FROM `jgbs_project` WHERE ( pro_type=2 ) LIMIT 0,4   [ RunTime:0.0002s ]
SQL: SELECT COUNT(*) AS tp_count FROM `jgbs_project` WHERE ( pro_type=3 ) LIMIT 1   [ RunTime:0.0002s ]
SQL: SELECT * FROM `jgbs_project` WHERE ( pro_type=3 ) LIMIT 0,6   [ RunTime:0.0003s ]
SQL: SELECT COUNT(*) AS tp_count FROM `jgbs_project` WHERE ( pro_type=4 ) LIMIT 1   [ RunTime:0.0002s ]
SQL: SELECT * FROM `jgbs_project` WHERE ( pro_type=4 ) LIMIT 0,5   [ RunTime:0.0002s ]
SQL: SELECT COUNT(*) AS tp_count FROM `jgbs_consult` LIMIT 1   [ RunTime:0.0001s ]
SQL: SELECT * FROM `jgbs_consult` LIMIT 0,3   [ RunTime:0.0002s ]
SQL: select * from jgbs_user where user_pro_num > 0  order by user_pro_num desc limit 5 [ RunTime:0.0002s ]
INFO: [ view_parse ] --START--
INFO: [ template_filter ] --START--
INFO: Run Behavior\ContentReplaceBehavior [ RunTime:0.000094s ]
INFO: [ template_filter ] --END-- [ RunTime:0.000160s ]
INFO: Run Behavior\ParseTemplateBehavior [ RunTime:0.092032s ]
INFO: [ view_parse ] --END-- [ RunTime:0.092110s ]
INFO: [ view_filter ] --START--
INFO: Run Behavior\WriteHtmlCacheBehavior [ RunTime:0.000335s ]
INFO: [ view_filter ] --END-- [ RunTime:0.000387s ]
INFO: [ app_end ] --START--
INFO: Run Behavior\ShowPageTraceBehavior [ RunTime:0.001131s ]
INFO: [ app_end ] --END-- [ RunTime:0.001270s ]

[ 2017-05-08T20:02:29+08:00 ] 127.0.0.1 /Home/login/login.html
INFO: [ app_init ] --START--
INFO: Run Behavior\BuildLiteBehavior [ RunTime:0.000019s ]
INFO: [ app_init ] --END-- [ RunTime:0.000405s ]
INFO: [ app_begin ] --START--
INFO: Run Behavior\ReadHtmlCacheBehavior [ RunTime:0.000586s ]
INFO: [ app_begin ] --END-- [ RunTime:0.000685s ]
ERR: 无法加载控制器:Home

[ 2017-05-08T20:03:18+08:00 ] 127.0.0.1 /Home/login/login.html
INFO: [ app_init ] --START--
INFO: Run Behavior\BuildLiteBehavior [ RunTime:0.000030s ]
INFO: [ app_init ] --END-- [ RunTime:0.000626s ]
INFO: [ app_begin ] --START--
INFO: Run Behavior\ReadHtmlCacheBehavior [ RunTime:0.000849s ]
INFO: [ app_begin ] --END-- [ RunTime:0.000952s ]
ERR: 无法加载控制器:Home

[ 2017-05-08T20:03:21+08:00 ] 127.0.0.1 /Home/login/login.html
INFO: [ app_init ] --START--
INFO: Run Behavior\BuildLiteBehavior [ RunTime:0.000016s ]
INFO: [ app_init ] --END-- [ RunTime:0.000303s ]
INFO: [ app_begin ] --START--
INFO: Run Behavior\ReadHtmlCacheBehavior [ RunTime:0.000505s ]
INFO: [ app_begin ] --END-- [ RunTime:0.000573s ]
ERR: 无法加载控制器:Home

[ 2017-05-08T20:03:30+08:00 ] 127.0.0.1 /Home/login/login.html
INFO: [ app_init ] --START--
INFO: Run Behavior\BuildLiteBehavior [ RunTime:0.000018s ]
INFO: [ app_init ] --END-- [ RunTime:0.000412s ]
INFO: [ app_begin ] --START--
INFO: Run Behavior\ReadHtmlCacheBehavior [ RunTime:0.000870s ]
INFO: [ app_begin ] --END-- [ RunTime:0.000975s ]
ERR: 无法加载控制器:Home

[ 2017-05-08T20:03:31+08:00 ] 127.0.0.1 /Home/login/login.html
INFO: [ app_init ] --START--
INFO: Run Behavior\BuildLiteBehavior [ RunTime:0.000016s ]
INFO: [ app_init ] --END-- [ RunTime:0.000301s ]
INFO: [ app_begin ] --START--
INFO: Run Behavior\ReadHtmlCacheBehavior [ RunTime:0.000497s ]
INFO: [ app_begin ] --END-- [ RunTime:0.000557s ]
ERR: 无法加载控制器:Home

[ 2017-05-08T20:03:45+08:00 ] 127.0.0.1 /Home/login/login.html
INFO: [ app_init ] --START--
INFO: Run Behavior\BuildLiteBehavior [ RunTime:0.000016s ]
INFO: [ app_init ] --END-- [ RunTime:0.000344s ]
INFO: [ app_begin ] --START--
INFO: Run Behavior\ReadHtmlCacheBehavior [ RunTime:0.000585s ]
INFO: [ app_begin ] --END-- [ RunTime:0.000646s ]
ERR: 无法加载控制器:Home

[ 2017-05-08T20:03:46+08:00 ] 127.0.0.1 /Home/login/login.html
INFO: [ app_init ] --START--
INFO: Run Behavior\BuildLiteBehavior [ RunTime:0.000015s ]
INFO: [ app_init ] --END-- [ RunTime:0.000326s ]
INFO: [ app_begin ] --START--
INFO: Run Behavior\ReadHtmlCacheBehavior [ RunTime:0.000498s ]
INFO: [ app_begin ] --END-- [ RunTime:0.000559s ]
ERR: 无法加载控制器:Home

[ 2017-05-08T20:03:47+08:00 ] 127.0.0.1 /Home/login/login.html
INFO: [ app_init ] --START--
INFO: Run Behavior\BuildLiteBehavior [ RunTime:0.000016s ]
INFO: [ app_init ] --END-- [ RunTime:0.000311s ]
INFO: [ app_begin ] --START--
INFO: Run Behavior\ReadHtmlCacheBehavior [ RunTime:0.000677s ]
INFO: [ app_begin ] --END-- [ RunTime:0.000762s ]
ERR: 无法加载控制器:Home

[ 2017-05-08T20:04:15+08:00 ] 127.0.0.1 /Home/index/index.html
INFO: [ app_init ] --START--
INFO: Run Behavior\BuildLiteBehavior [ RunTime:0.000027s ]
INFO: [ app_init ] --END-- [ RunTime:0.000644s ]
INFO: [ app_begin ] --START--
INFO: Run Behavior\ReadHtmlCacheBehavior [ RunTime:0.000673s ]
INFO: [ app_begin ] --END-- [ RunTime:0.000798s ]
ERR: 无法加载控制器:Home

[ 2017-05-08T20:06:03+08:00 ] 127.0.0.1 /Home/index/index.html
INFO: [ app_init ] --START--
INFO: Run Behavior\BuildLiteBehavior [ RunTime:0.000018s ]
INFO: [ app_init ] --END-- [ RunTime:0.000374s ]
INFO: [ app_begin ] --START--
INFO: Run Behavior\ReadHtmlCacheBehavior [ RunTime:0.000464s ]
INFO: [ app_begin ] --END-- [ RunTime:0.000542s ]
ERR: 无法加载控制器:Home

[ 2017-05-08T20:06:04+08:00 ] 127.0.0.1 /index.php/Home/login/login.html
INFO: [ app_init ] --START--
INFO: Run Behavior\BuildLiteBehavior [ RunTime:0.000017s ]
INFO: [ app_init ] --END-- [ RunTime:0.000347s ]
INFO: [ app_begin ] --START--
INFO: Run Behavior\ReadHtmlCacheBehavior [ RunTime:0.000422s ]
INFO: [ app_begin ] --END-- [ RunTime:0.000486s ]
ERR: 无法加载控制器:Home

[ 2017-05-08T20:06:06+08:00 ] 127.0.0.1 /index.php/Home/login/login.html
INFO: [ app_init ] --START--
INFO: Run Behavior\BuildLiteBehavior [ RunTime:0.000021s ]
INFO: [ app_init ] --END-- [ RunTime:0.000416s ]
INFO: [ app_begin ] --START--
INFO: Run Behavior\ReadHtmlCacheBehavior [ RunTime:0.000451s ]
INFO: [ app_begin ] --END-- [ RunTime:0.000529s ]
ERR: 无法加载控制器:Home

[ 2017-05-08T20:06:07+08:00 ] 127.0.0.1 /Home/login/login.html
INFO: [ app_init ] --START--
INFO: Run Behavior\BuildLiteBehavior [ RunTime:0.000019s ]
INFO: [ app_init ] --END-- [ RunTime:0.000405s ]
INFO: [ app_begin ] --START--
INFO: Run Behavior\ReadHtmlCacheBehavior [ RunTime:0.000439s ]
INFO: [ app_begin ] --END-- [ RunTime:0.000507s ]
ERR: 无法加载控制器:Home

[ 2017-05-08T20:06:38+08:00 ] 127.0.0.1 /
INFO: [ app_init ] --START--
INFO: Run Behavior\BuildLiteBehavior [ RunTime:0.000036s ]
INFO: [ app_init ] --END-- [ RunTime:0.001356s ]
INFO: [ app_begin ] --START--
INFO: Run Behavior\ReadHtmlCacheBehavior [ RunTime:0.001448s ]
INFO: [ app_begin ] --END-- [ RunTime:0.001570s ]
INFO: [ view_parse ] --START--
INFO: Run Behavior\ParseTemplateBehavior [ RunTime:0.000813s ]
INFO: [ view_parse ] --END-- [ RunTime:0.000936s ]
INFO: [ view_filter ] --START--
INFO: Run Behavior\WriteHtmlCacheBehavior [ RunTime:0.000892s ]
INFO: [ view_filter ] --END-- [ RunTime:0.000968s ]
INFO: [ app_end ] --START--
INFO: Run Behavior\ShowPageTraceBehavior [ RunTime:0.000992s ]
INFO: [ app_end ] --END-- [ RunTime:0.001049s ]

