[ 2017-05-06T00:00:05+08:00 ] 127.0.0.1 /Front/index/index.html
INFO: [ app_init ] --START--
INFO: Run Behavior\BuildLiteBehavior [ RunTime:0.000015s ]
INFO: [ app_init ] --END-- [ RunTime:0.000305s ]
INFO: [ app_begin ] --START--
INFO: Run Behavior\ReadHtmlCacheBehavior [ RunTime:0.000671s ]
INFO: [ app_begin ] --END-- [ RunTime:0.000777s ]
SQL: SELECT COUNT(*) AS tp_count FROM `jgbs_project` WHERE ( pro_type=1 ) LIMIT 1   [ RunTime:0.0004s ]
SQL: SELECT * FROM `jgbs_project` WHERE ( pro_type=1 ) LIMIT 0,4   [ RunTime:0.0006s ]
SQL: SELECT COUNT(*) AS tp_count FROM `jgbs_project` WHERE ( pro_type=2 ) LIMIT 1   [ RunTime:0.0003s ]
SQL: SELECT * FROM `jgbs_project` WHERE ( pro_type=2 ) LIMIT 0,4   [ RunTime:0.0002s ]
SQL: SELECT COUNT(*) AS tp_count FROM `jgbs_project` WHERE ( pro_type=3 ) LIMIT 1   [ RunTime:0.0002s ]
SQL: SELECT * FROM `jgbs_project` WHERE ( pro_type=3 ) LIMIT 0,2   [ RunTime:0.0003s ]
SQL: SELECT COUNT(*) AS tp_count FROM `jgbs_project` WHERE ( pro_type=4 ) LIMIT 1   [ RunTime:0.0002s ]
SQL: SELECT * FROM `jgbs_project` WHERE ( pro_type=4 ) LIMIT 0,1   [ RunTime:0.0002s ]
SQL: SELECT COUNT(*) AS tp_count FROM `jgbs_consult` LIMIT 1   [ RunTime:0.0002s ]
SQL: SELECT * FROM `jgbs_consult` LIMIT 0,5   [ RunTime:0.0003s ]
SQL: select * from jgbs_user where user_pro_num > 0  order by user_pro_num desc limit 5 [ RunTime:0.0002s ]
INFO: [ view_parse ] --START--
INFO: [ template_filter ] --START--
INFO: Run Behavior\ContentReplaceBehavior [ RunTime:0.000103s ]
INFO: [ template_filter ] --END-- [ RunTime:0.000185s ]
INFO: Run Behavior\ParseTemplateBehavior [ RunTime:0.099749s ]
INFO: [ view_parse ] --END-- [ RunTime:0.099827s ]
INFO: [ view_filter ] --START--
INFO: Run Behavior\WriteHtmlCacheBehavior [ RunTime:0.000377s ]
INFO: [ view_filter ] --END-- [ RunTime:0.000428s ]
INFO: [ app_end ] --START--
INFO: Run Behavior\ShowPageTraceBehavior [ RunTime:0.000961s ]
INFO: [ app_end ] --END-- [ RunTime:0.001087s ]

[ 2017-05-06T00:00:14+08:00 ] 127.0.0.1 /Front/index/index.html
INFO: [ app_init ] --START--
INFO: Run Behavior\BuildLiteBehavior [ RunTime:0.000018s ]
INFO: [ app_init ] --END-- [ RunTime:0.000386s ]
INFO: [ app_begin ] --START--
INFO: Run Behavior\ReadHtmlCacheBehavior [ RunTime:0.000531s ]
INFO: [ app_begin ] --END-- [ RunTime:0.000604s ]
SQL: SELECT COUNT(*) AS tp_count FROM `jgbs_project` WHERE ( pro_type=1 ) LIMIT 1   [ RunTime:0.0003s ]
SQL: SELECT * FROM `jgbs_project` WHERE ( pro_type=1 ) LIMIT 0,4   [ RunTime:0.0003s ]
SQL: SELECT COUNT(*) AS tp_count FROM `jgbs_project` WHERE ( pro_type=2 ) LIMIT 1   [ RunTime:0.0003s ]
SQL: SELECT * FROM `jgbs_project` WHERE ( pro_type=2 ) LIMIT 0,4   [ RunTime:0.0003s ]
SQL: SELECT COUNT(*) AS tp_count FROM `jgbs_project` WHERE ( pro_type=3 ) LIMIT 1   [ RunTime:0.0004s ]
SQL: SELECT * FROM `jgbs_project` WHERE ( pro_type=3 ) LIMIT 0,2   [ RunTime:0.0003s ]
SQL: SELECT COUNT(*) AS tp_count FROM `jgbs_project` WHERE ( pro_type=4 ) LIMIT 1   [ RunTime:0.0002s ]
SQL: SELECT * FROM `jgbs_project` WHERE ( pro_type=4 ) LIMIT 0,1   [ RunTime:0.0003s ]
SQL: SELECT COUNT(*) AS tp_count FROM `jgbs_consult` LIMIT 1   [ RunTime:0.0002s ]
SQL: SELECT * FROM `jgbs_consult` LIMIT 0,5   [ RunTime:0.0003s ]
SQL: select * from jgbs_user where user_pro_num > 0  order by user_pro_num desc limit 5 [ RunTime:0.0003s ]
INFO: [ view_parse ] --START--
INFO: [ template_filter ] --START--
INFO: Run Behavior\ContentReplaceBehavior [ RunTime:0.000093s ]
INFO: [ template_filter ] --END-- [ RunTime:0.000163s ]
INFO: Run Behavior\ParseTemplateBehavior [ RunTime:0.092159s ]
INFO: [ view_parse ] --END-- [ RunTime:0.092245s ]
INFO: [ view_filter ] --START--
INFO: Run Behavior\WriteHtmlCacheBehavior [ RunTime:0.000434s ]
INFO: [ view_filter ] --END-- [ RunTime:0.000489s ]
INFO: [ app_end ] --START--
INFO: Run Behavior\ShowPageTraceBehavior [ RunTime:0.001041s ]
INFO: [ app_end ] --END-- [ RunTime:0.001166s ]

[ 2017-05-06T00:00:48+08:00 ] 127.0.0.1 /Front/index/index.html
INFO: [ app_init ] --START--
INFO: Run Behavior\BuildLiteBehavior [ RunTime:0.000022s ]
INFO: [ app_init ] --END-- [ RunTime:0.000644s ]
INFO: [ app_begin ] --START--
INFO: Run Behavior\ReadHtmlCacheBehavior [ RunTime:0.000588s ]
INFO: [ app_begin ] --END-- [ RunTime:0.000671s ]
SQL: SELECT COUNT(*) AS tp_count FROM `jgbs_project` WHERE ( pro_type=1 ) LIMIT 1   [ RunTime:0.0003s ]
SQL: SELECT * FROM `jgbs_project` WHERE ( pro_type=1 ) LIMIT 0,4   [ RunTime:0.0004s ]
SQL: SELECT COUNT(*) AS tp_count FROM `jgbs_project` WHERE ( pro_type=2 ) LIMIT 1   [ RunTime:0.0003s ]
SQL: SELECT * FROM `jgbs_project` WHERE ( pro_type=2 ) LIMIT 0,4   [ RunTime:0.0003s ]
SQL: SELECT COUNT(*) AS tp_count FROM `jgbs_project` WHERE ( pro_type=3 ) LIMIT 1   [ RunTime:0.0003s ]
SQL: SELECT * FROM `jgbs_project` WHERE ( pro_type=3 ) LIMIT 0,2   [ RunTime:0.0004s ]
SQL: SELECT COUNT(*) AS tp_count FROM `jgbs_project` WHERE ( pro_type=4 ) LIMIT 1   [ RunTime:0.0003s ]
SQL: SELECT * FROM `jgbs_project` WHERE ( pro_type=4 ) LIMIT 0,1   [ RunTime:0.0003s ]
SQL: SELECT COUNT(*) AS tp_count FROM `jgbs_consult` LIMIT 1   [ RunTime:0.0002s ]
SQL: SELECT * FROM `jgbs_consult` LIMIT 0,5   [ RunTime:0.0003s ]
SQL: select * from jgbs_user where user_pro_num > 0  order by user_pro_num desc limit 5 [ RunTime:0.0003s ]
INFO: [ view_parse ] --START--
INFO: [ template_filter ] --START--
INFO: Run Behavior\ContentReplaceBehavior [ RunTime:0.000117s ]
INFO: [ template_filter ] --END-- [ RunTime:0.000206s ]
INFO: Run Behavior\ParseTemplateBehavior [ RunTime:0.097250s ]
INFO: [ view_parse ] --END-- [ RunTime:0.097333s ]
INFO: [ view_filter ] --START--
INFO: Run Behavior\WriteHtmlCacheBehavior [ RunTime:0.000516s ]
INFO: [ view_filter ] --END-- [ RunTime:0.000579s ]
INFO: [ app_end ] --START--
INFO: Run Behavior\ShowPageTraceBehavior [ RunTime:0.001428s ]
INFO: [ app_end ] --END-- [ RunTime:0.001599s ]

[ 2017-05-06T00:01:12+08:00 ] 127.0.0.1 /Front/index/index.html
INFO: [ app_init ] --START--
INFO: Run Behavior\BuildLiteBehavior [ RunTime:0.000018s ]
INFO: [ app_init ] --END-- [ RunTime:0.000378s ]
INFO: [ app_begin ] --START--
INFO: Run Behavior\ReadHtmlCacheBehavior [ RunTime:0.000552s ]
INFO: [ app_begin ] --END-- [ RunTime:0.000636s ]
SQL: SELECT COUNT(*) AS tp_count FROM `jgbs_project` WHERE ( pro_type=1 ) LIMIT 1   [ RunTime:0.0003s ]
SQL: SELECT * FROM `jgbs_project` WHERE ( pro_type=1 ) LIMIT 0,4   [ RunTime:0.0003s ]
SQL: SELECT COUNT(*) AS tp_count FROM `jgbs_project` WHERE ( pro_type=2 ) LIMIT 1   [ RunTime:0.0002s ]
SQL: SELECT * FROM `jgbs_project` WHERE ( pro_type=2 ) LIMIT 0,4   [ RunTime:0.0002s ]
SQL: SELECT COUNT(*) AS tp_count FROM `jgbs_project` WHERE ( pro_type=3 ) LIMIT 1   [ RunTime:0.0002s ]
SQL: SELECT * FROM `jgbs_project` WHERE ( pro_type=3 ) LIMIT 0,2   [ RunTime:0.0002s ]
SQL: SELECT COUNT(*) AS tp_count FROM `jgbs_project` WHERE ( pro_type=4 ) LIMIT 1   [ RunTime:0.0002s ]
SQL: SELECT * FROM `jgbs_project` WHERE ( pro_type=4 ) LIMIT 0,1   [ RunTime:0.0002s ]
SQL: SELECT COUNT(*) AS tp_count FROM `jgbs_consult` LIMIT 1   [ RunTime:0.0002s ]
SQL: SELECT * FROM `jgbs_consult` LIMIT 0,5   [ RunTime:0.0003s ]
SQL: select * from jgbs_user where user_pro_num > 0  order by user_pro_num desc limit 5 [ RunTime:0.0003s ]
INFO: [ view_parse ] --START--
INFO: [ template_filter ] --START--
INFO: Run Behavior\ContentReplaceBehavior [ RunTime:0.000092s ]
INFO: [ template_filter ] --END-- [ RunTime:0.000163s ]
INFO: Run Behavior\ParseTemplateBehavior [ RunTime:0.092895s ]
INFO: [ view_parse ] --END-- [ RunTime:0.092976s ]
INFO: [ view_filter ] --START--
INFO: Run Behavior\WriteHtmlCacheBehavior [ RunTime:0.000453s ]
INFO: [ view_filter ] --END-- [ RunTime:0.000508s ]
INFO: [ app_end ] --START--
INFO: Run Behavior\ShowPageTraceBehavior [ RunTime:0.001099s ]
INFO: [ app_end ] --END-- [ RunTime:0.001230s ]

[ 2017-05-06T00:03:07+08:00 ] 127.0.0.1 /Front/index/index.html
INFO: [ app_init ] --START--
INFO: Run Behavior\BuildLiteBehavior [ RunTime:0.000017s ]
INFO: [ app_init ] --END-- [ RunTime:0.000381s ]
INFO: [ app_begin ] --START--
INFO: Run Behavior\ReadHtmlCacheBehavior [ RunTime:0.000567s ]
INFO: [ app_begin ] --END-- [ RunTime:0.000632s ]
SQL: SELECT COUNT(*) AS tp_count FROM `jgbs_project` WHERE ( pro_type=1 ) LIMIT 1   [ RunTime:0.0004s ]
SQL: SELECT * FROM `jgbs_project` WHERE ( pro_type=1 ) LIMIT 0,4   [ RunTime:0.0003s ]
SQL: SELECT COUNT(*) AS tp_count FROM `jgbs_project` WHERE ( pro_type=2 ) LIMIT 1   [ RunTime:0.0003s ]
SQL: SELECT * FROM `jgbs_project` WHERE ( pro_type=2 ) LIMIT 0,4   [ RunTime:0.0004s ]
SQL: SELECT COUNT(*) AS tp_count FROM `jgbs_project` WHERE ( pro_type=3 ) LIMIT 1   [ RunTime:0.0003s ]
SQL: SELECT * FROM `jgbs_project` WHERE ( pro_type=3 ) LIMIT 0,2   [ RunTime:0.0003s ]
SQL: SELECT COUNT(*) AS tp_count FROM `jgbs_project` WHERE ( pro_type=4 ) LIMIT 1   [ RunTime:0.0002s ]
SQL: SELECT * FROM `jgbs_project` WHERE ( pro_type=4 ) LIMIT 0,1   [ RunTime:0.0002s ]
SQL: SELECT COUNT(*) AS tp_count FROM `jgbs_consult` LIMIT 1   [ RunTime:0.0002s ]
SQL: SELECT * FROM `jgbs_consult` LIMIT 0,5   [ RunTime:0.0002s ]
SQL: select * from jgbs_user where user_pro_num > 0  order by user_pro_num desc limit 5 [ RunTime:0.0003s ]
INFO: [ view_parse ] --START--
INFO: [ template_filter ] --START--
INFO: Run Behavior\ContentReplaceBehavior [ RunTime:0.000093s ]
INFO: [ template_filter ] --END-- [ RunTime:0.000167s ]
INFO: Run Behavior\ParseTemplateBehavior [ RunTime:0.099382s ]
INFO: [ view_parse ] --END-- [ RunTime:0.099474s ]
INFO: [ view_filter ] --START--
INFO: Run Behavior\WriteHtmlCacheBehavior [ RunTime:0.000467s ]
INFO: [ view_filter ] --END-- [ RunTime:0.000527s ]
INFO: [ app_end ] --START--
INFO: Run Behavior\ShowPageTraceBehavior [ RunTime:0.001469s ]
INFO: [ app_end ] --END-- [ RunTime:0.001614s ]

[ 2017-05-06T00:03:26+08:00 ] 127.0.0.1 /Front/index/index.html
INFO: [ app_init ] --START--
INFO: Run Behavior\BuildLiteBehavior [ RunTime:0.000016s ]
INFO: [ app_init ] --END-- [ RunTime:0.000348s ]
INFO: [ app_begin ] --START--
INFO: Run Behavior\ReadHtmlCacheBehavior [ RunTime:0.000520s ]
INFO: [ app_begin ] --END-- [ RunTime:0.000579s ]
SQL: SELECT COUNT(*) AS tp_count FROM `jgbs_project` WHERE ( pro_type=1 ) LIMIT 1   [ RunTime:0.0003s ]
SQL: SELECT * FROM `jgbs_project` WHERE ( pro_type=1 ) LIMIT 0,4   [ RunTime:0.0003s ]
SQL: SELECT COUNT(*) AS tp_count FROM `jgbs_project` WHERE ( pro_type=2 ) LIMIT 1   [ RunTime:0.0002s ]
SQL: SELECT * FROM `jgbs_project` WHERE ( pro_type=2 ) LIMIT 0,4   [ RunTime:0.0003s ]
SQL: SELECT COUNT(*) AS tp_count FROM `jgbs_project` WHERE ( pro_type=3 ) LIMIT 1   [ RunTime:0.0002s ]
SQL: SELECT * FROM `jgbs_project` WHERE ( pro_type=3 ) LIMIT 0,2   [ RunTime:0.0003s ]
SQL: SELECT COUNT(*) AS tp_count FROM `jgbs_project` WHERE ( pro_type=4 ) LIMIT 1   [ RunTime:0.0002s ]
SQL: SELECT * FROM `jgbs_project` WHERE ( pro_type=4 ) LIMIT 0,1   [ RunTime:0.0002s ]
SQL: SELECT COUNT(*) AS tp_count FROM `jgbs_consult` LIMIT 1   [ RunTime:0.0002s ]
SQL: SELECT * FROM `jgbs_consult` LIMIT 0,5   [ RunTime:0.0002s ]
SQL: select * from jgbs_user where user_pro_num > 0  order by user_pro_num desc limit 5 [ RunTime:0.0002s ]
INFO: [ view_parse ] --START--
INFO: [ template_filter ] --START--
INFO: Run Behavior\ContentReplaceBehavior [ RunTime:0.000093s ]
INFO: [ template_filter ] --END-- [ RunTime:0.000164s ]
INFO: Run Behavior\ParseTemplateBehavior [ RunTime:0.092944s ]
INFO: [ view_parse ] --END-- [ RunTime:0.093028s ]
INFO: [ view_filter ] --START--
INFO: Run Behavior\WriteHtmlCacheBehavior [ RunTime:0.000441s ]
INFO: [ view_filter ] --END-- [ RunTime:0.000496s ]
INFO: [ app_end ] --START--
INFO: Run Behavior\ShowPageTraceBehavior [ RunTime:0.001081s ]
INFO: [ app_end ] --END-- [ RunTime:0.001243s ]

[ 2017-05-06T00:03:45+08:00 ] 127.0.0.1 /Front/index/index.html
INFO: [ app_init ] --START--
INFO: Run Behavior\BuildLiteBehavior [ RunTime:0.000017s ]
INFO: [ app_init ] --END-- [ RunTime:0.000357s ]
INFO: [ app_begin ] --START--
INFO: Run Behavior\ReadHtmlCacheBehavior [ RunTime:0.000584s ]
INFO: [ app_begin ] --END-- [ RunTime:0.000661s ]
SQL: SELECT COUNT(*) AS tp_count FROM `jgbs_project` WHERE ( pro_type=1 ) LIMIT 1   [ RunTime:0.0003s ]
SQL: SELECT * FROM `jgbs_project` WHERE ( pro_type=1 ) LIMIT 0,4   [ RunTime:0.0003s ]
SQL: SELECT COUNT(*) AS tp_count FROM `jgbs_project` WHERE ( pro_type=2 ) LIMIT 1   [ RunTime:0.0003s ]
SQL: SELECT * FROM `jgbs_project` WHERE ( pro_type=2 ) LIMIT 0,4   [ RunTime:0.0003s ]
SQL: SELECT COUNT(*) AS tp_count FROM `jgbs_project` WHERE ( pro_type=3 ) LIMIT 1   [ RunTime:0.0002s ]
SQL: SELECT * FROM `jgbs_project` WHERE ( pro_type=3 ) LIMIT 0,2   [ RunTime:0.0003s ]
SQL: SELECT COUNT(*) AS tp_count FROM `jgbs_project` WHERE ( pro_type=4 ) LIMIT 1   [ RunTime:0.0002s ]
SQL: SELECT * FROM `jgbs_project` WHERE ( pro_type=4 ) LIMIT 0,1   [ RunTime:0.0003s ]
SQL: SELECT COUNT(*) AS tp_count FROM `jgbs_consult` LIMIT 1   [ RunTime:0.0002s ]
SQL: SELECT * FROM `jgbs_consult` LIMIT 0,5   [ RunTime:0.0003s ]
SQL: select * from jgbs_user where user_pro_num > 0  order by user_pro_num desc limit 5 [ RunTime:0.0003s ]
INFO: [ view_parse ] --START--
INFO: [ template_filter ] --START--
INFO: Run Behavior\ContentReplaceBehavior [ RunTime:0.000126s ]
INFO: [ template_filter ] --END-- [ RunTime:0.000229s ]
INFO: Run Behavior\ParseTemplateBehavior [ RunTime:0.095684s ]
INFO: [ view_parse ] --END-- [ RunTime:0.095767s ]
INFO: [ view_filter ] --START--
INFO: Run Behavior\WriteHtmlCacheBehavior [ RunTime:0.000503s ]
INFO: [ view_filter ] --END-- [ RunTime:0.000560s ]
INFO: [ app_end ] --START--
INFO: Run Behavior\ShowPageTraceBehavior [ RunTime:0.001107s ]
INFO: [ app_end ] --END-- [ RunTime:0.001245s ]

[ 2017-05-06T00:03:59+08:00 ] 127.0.0.1 /Front/index/index.html
INFO: [ app_init ] --START--
INFO: Run Behavior\BuildLiteBehavior [ RunTime:0.000015s ]
INFO: [ app_init ] --END-- [ RunTime:0.000352s ]
INFO: [ app_begin ] --START--
INFO: Run Behavior\ReadHtmlCacheBehavior [ RunTime:0.000491s ]
INFO: [ app_begin ] --END-- [ RunTime:0.000570s ]
SQL: SELECT COUNT(*) AS tp_count FROM `jgbs_project` WHERE ( pro_type=1 ) LIMIT 1   [ RunTime:0.0003s ]
SQL: SELECT * FROM `jgbs_project` WHERE ( pro_type=1 ) LIMIT 0,4   [ RunTime:0.0003s ]
SQL: SELECT COUNT(*) AS tp_count FROM `jgbs_project` WHERE ( pro_type=2 ) LIMIT 1   [ RunTime:0.0003s ]
SQL: SELECT * FROM `jgbs_project` WHERE ( pro_type=2 ) LIMIT 0,4   [ RunTime:0.0003s ]
SQL: SELECT COUNT(*) AS tp_count FROM `jgbs_project` WHERE ( pro_type=3 ) LIMIT 1   [ RunTime:0.0002s ]
SQL: SELECT * FROM `jgbs_project` WHERE ( pro_type=3 ) LIMIT 0,2   [ RunTime:0.0003s ]
SQL: SELECT COUNT(*) AS tp_count FROM `jgbs_project` WHERE ( pro_type=4 ) LIMIT 1   [ RunTime:0.0002s ]
SQL: SELECT * FROM `jgbs_project` WHERE ( pro_type=4 ) LIMIT 0,1   [ RunTime:0.0002s ]
SQL: SELECT COUNT(*) AS tp_count FROM `jgbs_consult` LIMIT 1   [ RunTime:0.0002s ]
SQL: SELECT * FROM `jgbs_consult` LIMIT 0,5   [ RunTime:0.0002s ]
SQL: select * from jgbs_user where user_pro_num > 0  order by user_pro_num desc limit 5 [ RunTime:0.0003s ]
INFO: [ view_parse ] --START--
INFO: [ template_filter ] --START--
INFO: Run Behavior\ContentReplaceBehavior [ RunTime:0.000118s ]
INFO: [ template_filter ] --END-- [ RunTime:0.000196s ]
INFO: Run Behavior\ParseTemplateBehavior [ RunTime:0.094281s ]
INFO: [ view_parse ] --END-- [ RunTime:0.094365s ]
INFO: [ view_filter ] --START--
INFO: Run Behavior\WriteHtmlCacheBehavior [ RunTime:0.000446s ]
INFO: [ view_filter ] --END-- [ RunTime:0.000501s ]
INFO: [ app_end ] --START--
INFO: Run Behavior\ShowPageTraceBehavior [ RunTime:0.001113s ]
INFO: [ app_end ] --END-- [ RunTime:0.001247s ]

[ 2017-05-06T00:04:50+08:00 ] 127.0.0.1 /Front/index/index.html
INFO: [ app_init ] --START--
INFO: Run Behavior\BuildLiteBehavior [ RunTime:0.000015s ]
INFO: [ app_init ] --END-- [ RunTime:0.000346s ]
INFO: [ app_begin ] --START--
INFO: Run Behavior\ReadHtmlCacheBehavior [ RunTime:0.000467s ]
INFO: [ app_begin ] --END-- [ RunTime:0.000529s ]
SQL: SELECT COUNT(*) AS tp_count FROM `jgbs_project` WHERE ( pro_type=1 ) LIMIT 1   [ RunTime:0.0003s ]
SQL: SELECT * FROM `jgbs_project` WHERE ( pro_type=1 ) LIMIT 0,4   [ RunTime:0.0004s ]
SQL: SELECT COUNT(*) AS tp_count FROM `jgbs_project` WHERE ( pro_type=2 ) LIMIT 1   [ RunTime:0.0003s ]
SQL: SELECT * FROM `jgbs_project` WHERE ( pro_type=2 ) LIMIT 0,4   [ RunTime:0.0003s ]
SQL: SELECT COUNT(*) AS tp_count FROM `jgbs_project` WHERE ( pro_type=3 ) LIMIT 1   [ RunTime:0.0002s ]
SQL: SELECT * FROM `jgbs_project` WHERE ( pro_type=3 ) LIMIT 0,2   [ RunTime:0.0003s ]
SQL: SELECT COUNT(*) AS tp_count FROM `jgbs_project` WHERE ( pro_type=4 ) LIMIT 1   [ RunTime:0.0002s ]
SQL: SELECT * FROM `jgbs_project` WHERE ( pro_type=4 ) LIMIT 0,1   [ RunTime:0.0002s ]
SQL: SELECT COUNT(*) AS tp_count FROM `jgbs_consult` LIMIT 1   [ RunTime:0.0002s ]
SQL: SELECT * FROM `jgbs_consult` LIMIT 0,5   [ RunTime:0.0002s ]
SQL: select * from jgbs_user where user_pro_num > 0  order by user_pro_num desc limit 5 [ RunTime:0.0002s ]
INFO: [ view_parse ] --START--
INFO: [ template_filter ] --START--
INFO: Run Behavior\ContentReplaceBehavior [ RunTime:0.000093s ]
INFO: [ template_filter ] --END-- [ RunTime:0.000163s ]
INFO: Run Behavior\ParseTemplateBehavior [ RunTime:0.091204s ]
INFO: [ view_parse ] --END-- [ RunTime:0.091281s ]
INFO: [ view_filter ] --START--
INFO: Run Behavior\WriteHtmlCacheBehavior [ RunTime:0.000385s ]
INFO: [ view_filter ] --END-- [ RunTime:0.000436s ]
INFO: [ app_end ] --START--
INFO: Run Behavior\ShowPageTraceBehavior [ RunTime:0.001091s ]
INFO: [ app_end ] --END-- [ RunTime:0.001223s ]

[ 2017-05-06T00:05:27+08:00 ] 127.0.0.1 /Front/index/index.html
INFO: [ app_init ] --START--
INFO: Run Behavior\BuildLiteBehavior [ RunTime:0.000026s ]
INFO: [ app_init ] --END-- [ RunTime:0.000373s ]
INFO: [ app_begin ] --START--
INFO: Run Behavior\ReadHtmlCacheBehavior [ RunTime:0.000509s ]
INFO: [ app_begin ] --END-- [ RunTime:0.000594s ]
SQL: SELECT COUNT(*) AS tp_count FROM `jgbs_project` WHERE ( pro_type=1 ) LIMIT 1   [ RunTime:0.0004s ]
SQL: SELECT * FROM `jgbs_project` WHERE ( pro_type=1 ) LIMIT 0,4   [ RunTime:0.0004s ]
SQL: SELECT COUNT(*) AS tp_count FROM `jgbs_project` WHERE ( pro_type=2 ) LIMIT 1   [ RunTime:0.0003s ]
SQL: SELECT * FROM `jgbs_project` WHERE ( pro_type=2 ) LIMIT 0,4   [ RunTime:0.0003s ]
SQL: SELECT COUNT(*) AS tp_count FROM `jgbs_project` WHERE ( pro_type=3 ) LIMIT 1   [ RunTime:0.0003s ]
SQL: SELECT * FROM `jgbs_project` WHERE ( pro_type=3 ) LIMIT 0,2   [ RunTime:0.0003s ]
SQL: SELECT COUNT(*) AS tp_count FROM `jgbs_project` WHERE ( pro_type=4 ) LIMIT 1   [ RunTime:0.0002s ]
SQL: SELECT * FROM `jgbs_project` WHERE ( pro_type=4 ) LIMIT 0,1   [ RunTime:0.0003s ]
SQL: SELECT COUNT(*) AS tp_count FROM `jgbs_consult` LIMIT 1   [ RunTime:0.0002s ]
SQL: SELECT * FROM `jgbs_consult` LIMIT 0,5   [ RunTime:0.0003s ]
SQL: select * from jgbs_user where user_pro_num > 0  order by user_pro_num desc limit 5 [ RunTime:0.0003s ]
INFO: [ view_parse ] --START--
INFO: [ template_filter ] --START--
INFO: Run Behavior\ContentReplaceBehavior [ RunTime:0.000106s ]
INFO: [ template_filter ] --END-- [ RunTime:0.000192s ]
INFO: Run Behavior\ParseTemplateBehavior [ RunTime:0.097015s ]
INFO: [ view_parse ] --END-- [ RunTime:0.097112s ]
INFO: [ view_filter ] --START--
INFO: Run Behavior\WriteHtmlCacheBehavior [ RunTime:0.000469s ]
INFO: [ view_filter ] --END-- [ RunTime:0.000526s ]
INFO: [ app_end ] --START--
INFO: Run Behavior\ShowPageTraceBehavior [ RunTime:0.001135s ]
INFO: [ app_end ] --END-- [ RunTime:0.001268s ]

[ 2017-05-06T00:06:27+08:00 ] 127.0.0.1 /Front/index/index.html
INFO: [ app_init ] --START--
INFO: Run Behavior\BuildLiteBehavior [ RunTime:0.000016s ]
INFO: [ app_init ] --END-- [ RunTime:0.000382s ]
INFO: [ app_begin ] --START--
INFO: Run Behavior\ReadHtmlCacheBehavior [ RunTime:0.000542s ]
INFO: [ app_begin ] --END-- [ RunTime:0.000619s ]
SQL: SELECT COUNT(*) AS tp_count FROM `jgbs_project` WHERE ( pro_type=1 ) LIMIT 1   [ RunTime:0.0003s ]
SQL: SELECT * FROM `jgbs_project` WHERE ( pro_type=1 ) LIMIT 0,4   [ RunTime:0.0003s ]
SQL: SELECT COUNT(*) AS tp_count FROM `jgbs_project` WHERE ( pro_type=2 ) LIMIT 1   [ RunTime:0.0002s ]
SQL: SELECT * FROM `jgbs_project` WHERE ( pro_type=2 ) LIMIT 0,4   [ RunTime:0.0002s ]
SQL: SELECT COUNT(*) AS tp_count FROM `jgbs_project` WHERE ( pro_type=3 ) LIMIT 1   [ RunTime:0.0001s ]
SQL: SELECT * FROM `jgbs_project` WHERE ( pro_type=3 ) LIMIT 0,2   [ RunTime:0.0002s ]
SQL: SELECT COUNT(*) AS tp_count FROM `jgbs_project` WHERE ( pro_type=4 ) LIMIT 1   [ RunTime:0.0002s ]
SQL: SELECT * FROM `jgbs_project` WHERE ( pro_type=4 ) LIMIT 0,1   [ RunTime:0.0002s ]
SQL: SELECT COUNT(*) AS tp_count FROM `jgbs_consult` LIMIT 1   [ RunTime:0.0001s ]
SQL: SELECT * FROM `jgbs_consult` LIMIT 0,5   [ RunTime:0.0002s ]
SQL: select * from jgbs_user where user_pro_num > 0  order by user_pro_num desc limit 5 [ RunTime:0.0002s ]
INFO: [ view_parse ] --START--
INFO: [ template_filter ] --START--
INFO: Run Behavior\ContentReplaceBehavior [ RunTime:0.000094s ]
INFO: [ template_filter ] --END-- [ RunTime:0.000171s ]
INFO: Run Behavior\ParseTemplateBehavior [ RunTime:0.099515s ]
INFO: [ view_parse ] --END-- [ RunTime:0.099596s ]
INFO: [ view_filter ] --START--
INFO: Run Behavior\WriteHtmlCacheBehavior [ RunTime:0.000710s ]
INFO: [ view_filter ] --END-- [ RunTime:0.000783s ]
INFO: [ app_end ] --START--
INFO: Run Behavior\ShowPageTraceBehavior [ RunTime:0.001147s ]
INFO: [ app_end ] --END-- [ RunTime:0.001286s ]

[ 2017-05-06T00:06:57+08:00 ] 127.0.0.1 /Front/index/index.html
INFO: [ app_init ] --START--
INFO: Run Behavior\BuildLiteBehavior [ RunTime:0.000016s ]
INFO: [ app_init ] --END-- [ RunTime:0.000382s ]
INFO: [ app_begin ] --START--
INFO: Run Behavior\ReadHtmlCacheBehavior [ RunTime:0.000671s ]
INFO: [ app_begin ] --END-- [ RunTime:0.000769s ]
SQL: SELECT COUNT(*) AS tp_count FROM `jgbs_project` WHERE ( pro_type=1 ) LIMIT 1   [ RunTime:0.0004s ]
SQL: SELECT * FROM `jgbs_project` WHERE ( pro_type=1 ) LIMIT 0,4   [ RunTime:0.0004s ]
SQL: SELECT COUNT(*) AS tp_count FROM `jgbs_project` WHERE ( pro_type=2 ) LIMIT 1   [ RunTime:0.0004s ]
SQL: SELECT * FROM `jgbs_project` WHERE ( pro_type=2 ) LIMIT 0,4   [ RunTime:0.0004s ]
SQL: SELECT COUNT(*) AS tp_count FROM `jgbs_project` WHERE ( pro_type=3 ) LIMIT 1   [ RunTime:0.0002s ]
SQL: SELECT * FROM `jgbs_project` WHERE ( pro_type=3 ) LIMIT 0,2   [ RunTime:0.0002s ]
SQL: SELECT COUNT(*) AS tp_count FROM `jgbs_project` WHERE ( pro_type=4 ) LIMIT 1   [ RunTime:0.0002s ]
SQL: SELECT * FROM `jgbs_project` WHERE ( pro_type=4 ) LIMIT 0,1   [ RunTime:0.0003s ]
SQL: SELECT COUNT(*) AS tp_count FROM `jgbs_consult` LIMIT 1   [ RunTime:0.0002s ]
SQL: SELECT * FROM `jgbs_consult` LIMIT 0,5   [ RunTime:0.0003s ]
SQL: select * from jgbs_user where user_pro_num > 0  order by user_pro_num desc limit 5 [ RunTime:0.0003s ]
INFO: [ view_parse ] --START--
INFO: [ template_filter ] --START--
INFO: Run Behavior\ContentReplaceBehavior [ RunTime:0.000092s ]
INFO: [ template_filter ] --END-- [ RunTime:0.000162s ]
INFO: Run Behavior\ParseTemplateBehavior [ RunTime:0.093129s ]
INFO: [ view_parse ] --END-- [ RunTime:0.093211s ]
INFO: [ view_filter ] --START--
INFO: Run Behavior\WriteHtmlCacheBehavior [ RunTime:0.000388s ]
INFO: [ view_filter ] --END-- [ RunTime:0.000443s ]
INFO: [ app_end ] --START--
INFO: Run Behavior\ShowPageTraceBehavior [ RunTime:0.001088s ]
INFO: [ app_end ] --END-- [ RunTime:0.001222s ]

[ 2017-05-06T00:09:28+08:00 ] 127.0.0.1 /Front/index/index.html
INFO: [ app_init ] --START--
INFO: Run Behavior\BuildLiteBehavior [ RunTime:0.000018s ]
INFO: [ app_init ] --END-- [ RunTime:0.000450s ]
INFO: [ app_begin ] --START--
INFO: Run Behavior\ReadHtmlCacheBehavior [ RunTime:0.000810s ]
INFO: [ app_begin ] --END-- [ RunTime:0.000899s ]
SQL: SELECT COUNT(*) AS tp_count FROM `jgbs_project` WHERE ( pro_type=1 ) LIMIT 1   [ RunTime:0.0004s ]
SQL: SELECT * FROM `jgbs_project` WHERE ( pro_type=1 ) LIMIT 0,4   [ RunTime:0.0003s ]
SQL: SELECT COUNT(*) AS tp_count FROM `jgbs_project` WHERE ( pro_type=2 ) LIMIT 1   [ RunTime:0.0002s ]
SQL: SELECT * FROM `jgbs_project` WHERE ( pro_type=2 ) LIMIT 0,4   [ RunTime:0.0003s ]
SQL: SELECT COUNT(*) AS tp_count FROM `jgbs_project` WHERE ( pro_type=3 ) LIMIT 1   [ RunTime:0.0002s ]
SQL: SELECT * FROM `jgbs_project` WHERE ( pro_type=3 ) LIMIT 0,2   [ RunTime:0.0002s ]
SQL: SELECT COUNT(*) AS tp_count FROM `jgbs_project` WHERE ( pro_type=4 ) LIMIT 1   [ RunTime:0.0002s ]
SQL: SELECT * FROM `jgbs_project` WHERE ( pro_type=4 ) LIMIT 0,1   [ RunTime:0.0002s ]
SQL: SELECT COUNT(*) AS tp_count FROM `jgbs_consult` LIMIT 1   [ RunTime:0.0002s ]
SQL: SELECT * FROM `jgbs_consult` LIMIT 0,5   [ RunTime:0.0002s ]
SQL: select * from jgbs_user where user_pro_num > 0  order by user_pro_num desc limit 5 [ RunTime:0.0003s ]
INFO: [ view_parse ] --START--
INFO: [ template_filter ] --START--
INFO: Run Behavior\ContentReplaceBehavior [ RunTime:0.000098s ]
INFO: [ template_filter ] --END-- [ RunTime:0.000172s ]
INFO: Run Behavior\ParseTemplateBehavior [ RunTime:0.106556s ]
INFO: [ view_parse ] --END-- [ RunTime:0.106639s ]
INFO: [ view_filter ] --START--
INFO: Run Behavior\WriteHtmlCacheBehavior [ RunTime:0.000433s ]
INFO: [ view_filter ] --END-- [ RunTime:0.000495s ]
INFO: [ app_end ] --START--
INFO: Run Behavior\ShowPageTraceBehavior [ RunTime:0.000841s ]
INFO: [ app_end ] --END-- [ RunTime:0.000929s ]

[ 2017-05-06T00:09:29+08:00 ] 127.0.0.1 /Front/index/index.html
INFO: [ app_init ] --START--
INFO: Run Behavior\BuildLiteBehavior [ RunTime:0.000016s ]
INFO: [ app_init ] --END-- [ RunTime:0.000380s ]
INFO: [ app_begin ] --START--
INFO: Run Behavior\ReadHtmlCacheBehavior [ RunTime:0.000543s ]
INFO: [ app_begin ] --END-- [ RunTime:0.000607s ]
SQL: SELECT COUNT(*) AS tp_count FROM `jgbs_project` WHERE ( pro_type=1 ) LIMIT 1   [ RunTime:0.0003s ]
SQL: SELECT * FROM `jgbs_project` WHERE ( pro_type=1 ) LIMIT 0,4   [ RunTime:0.0003s ]
SQL: SELECT COUNT(*) AS tp_count FROM `jgbs_project` WHERE ( pro_type=2 ) LIMIT 1   [ RunTime:0.0002s ]
SQL: SELECT * FROM `jgbs_project` WHERE ( pro_type=2 ) LIMIT 0,4   [ RunTime:0.0003s ]
SQL: SELECT COUNT(*) AS tp_count FROM `jgbs_project` WHERE ( pro_type=3 ) LIMIT 1   [ RunTime:0.0002s ]
SQL: SELECT * FROM `jgbs_project` WHERE ( pro_type=3 ) LIMIT 0,2   [ RunTime:0.0002s ]
SQL: SELECT COUNT(*) AS tp_count FROM `jgbs_project` WHERE ( pro_type=4 ) LIMIT 1   [ RunTime:0.0002s ]
SQL: SELECT * FROM `jgbs_project` WHERE ( pro_type=4 ) LIMIT 0,1   [ RunTime:0.0002s ]
SQL: SELECT COUNT(*) AS tp_count FROM `jgbs_consult` LIMIT 1   [ RunTime:0.0002s ]
SQL: SELECT * FROM `jgbs_consult` LIMIT 0,5   [ RunTime:0.0002s ]
SQL: select * from jgbs_user where user_pro_num > 0  order by user_pro_num desc limit 5 [ RunTime:0.0002s ]
INFO: [ view_parse ] --START--
INFO: [ template_filter ] --START--
INFO: Run Behavior\ContentReplaceBehavior [ RunTime:0.000096s ]
INFO: [ template_filter ] --END-- [ RunTime:0.000169s ]
INFO: Run Behavior\ParseTemplateBehavior [ RunTime:0.095044s ]
INFO: [ view_parse ] --END-- [ RunTime:0.095126s ]
INFO: [ view_filter ] --START--
INFO: Run Behavior\WriteHtmlCacheBehavior [ RunTime:0.000396s ]
INFO: [ view_filter ] --END-- [ RunTime:0.000452s ]
INFO: [ app_end ] --START--
INFO: Run Behavior\ShowPageTraceBehavior [ RunTime:0.001021s ]
INFO: [ app_end ] --END-- [ RunTime:0.001151s ]

[ 2017-05-06T00:09:43+08:00 ] 127.0.0.1 /Front/index/index.html
INFO: [ app_init ] --START--
INFO: Run Behavior\BuildLiteBehavior [ RunTime:0.000017s ]
INFO: [ app_init ] --END-- [ RunTime:0.000324s ]
INFO: [ app_begin ] --START--
INFO: Run Behavior\ReadHtmlCacheBehavior [ RunTime:0.000449s ]
INFO: [ app_begin ] --END-- [ RunTime:0.000520s ]
SQL: SELECT COUNT(*) AS tp_count FROM `jgbs_project` WHERE ( pro_type=1 ) LIMIT 1   [ RunTime:0.0003s ]
SQL: SELECT * FROM `jgbs_project` WHERE ( pro_type=1 ) LIMIT 0,4   [ RunTime:0.0004s ]
SQL: SELECT COUNT(*) AS tp_count FROM `jgbs_project` WHERE ( pro_type=2 ) LIMIT 1   [ RunTime:0.0003s ]
SQL: SELECT * FROM `jgbs_project` WHERE ( pro_type=2 ) LIMIT 0,4   [ RunTime:0.0003s ]
SQL: SELECT COUNT(*) AS tp_count FROM `jgbs_project` WHERE ( pro_type=3 ) LIMIT 1   [ RunTime:0.0002s ]
SQL: SELECT * FROM `jgbs_project` WHERE ( pro_type=3 ) LIMIT 0,2   [ RunTime:0.0003s ]
SQL: SELECT COUNT(*) AS tp_count FROM `jgbs_project` WHERE ( pro_type=4 ) LIMIT 1   [ RunTime:0.0002s ]
SQL: SELECT * FROM `jgbs_project` WHERE ( pro_type=4 ) LIMIT 0,1   [ RunTime:0.0002s ]
SQL: SELECT COUNT(*) AS tp_count FROM `jgbs_consult` LIMIT 1   [ RunTime:0.0002s ]
SQL: SELECT * FROM `jgbs_consult` LIMIT 0,5   [ RunTime:0.0002s ]
SQL: select * from jgbs_user where user_pro_num > 0  order by user_pro_num desc limit 5 [ RunTime:0.0002s ]
INFO: [ view_parse ] --START--
INFO: [ template_filter ] --START--
INFO: Run Behavior\ContentReplaceBehavior [ RunTime:0.000093s ]
INFO: [ template_filter ] --END-- [ RunTime:0.000167s ]
INFO: Run Behavior\ParseTemplateBehavior [ RunTime:0.099321s ]
INFO: [ view_parse ] --END-- [ RunTime:0.099420s ]
INFO: [ view_filter ] --START--
INFO: Run Behavior\WriteHtmlCacheBehavior [ RunTime:0.000378s ]
INFO: [ view_filter ] --END-- [ RunTime:0.000436s ]
INFO: [ app_end ] --START--
INFO: Run Behavior\ShowPageTraceBehavior [ RunTime:0.001059s ]
INFO: [ app_end ] --END-- [ RunTime:0.001196s ]

[ 2017-05-06T00:10:52+08:00 ] 127.0.0.1 /Front/index/index.html
INFO: [ app_init ] --START--
INFO: Run Behavior\BuildLiteBehavior [ RunTime:0.000015s ]
INFO: [ app_init ] --END-- [ RunTime:0.000356s ]
INFO: [ app_begin ] --START--
INFO: Run Behavior\ReadHtmlCacheBehavior [ RunTime:0.000443s ]
INFO: [ app_begin ] --END-- [ RunTime:0.000503s ]
SQL: SELECT COUNT(*) AS tp_count FROM `jgbs_project` WHERE ( pro_type=1 ) LIMIT 1   [ RunTime:0.0003s ]
SQL: SELECT * FROM `jgbs_project` WHERE ( pro_type=1 ) LIMIT 0,4   [ RunTime:0.0003s ]
SQL: SELECT COUNT(*) AS tp_count FROM `jgbs_project` WHERE ( pro_type=2 ) LIMIT 1   [ RunTime:0.0002s ]
SQL: SELECT * FROM `jgbs_project` WHERE ( pro_type=2 ) LIMIT 0,4   [ RunTime:0.0003s ]
SQL: SELECT COUNT(*) AS tp_count FROM `jgbs_project` WHERE ( pro_type=3 ) LIMIT 1   [ RunTime:0.0002s ]
SQL: SELECT * FROM `jgbs_project` WHERE ( pro_type=3 ) LIMIT 0,2   [ RunTime:0.0002s ]
SQL: SELECT COUNT(*) AS tp_count FROM `jgbs_project` WHERE ( pro_type=4 ) LIMIT 1   [ RunTime:0.0002s ]
SQL: SELECT * FROM `jgbs_project` WHERE ( pro_type=4 ) LIMIT 0,1   [ RunTime:0.0002s ]
SQL: SELECT COUNT(*) AS tp_count FROM `jgbs_consult` LIMIT 1   [ RunTime:0.0002s ]
SQL: SELECT * FROM `jgbs_consult` LIMIT 0,5   [ RunTime:0.0002s ]
SQL: select * from jgbs_user where user_pro_num > 0  order by user_pro_num desc limit 5 [ RunTime:0.0002s ]
INFO: [ view_parse ] --START--
INFO: [ template_filter ] --START--
INFO: Run Behavior\ContentReplaceBehavior [ RunTime:0.000092s ]
INFO: [ template_filter ] --END-- [ RunTime:0.000175s ]
INFO: Run Behavior\ParseTemplateBehavior [ RunTime:0.093273s ]
INFO: [ view_parse ] --END-- [ RunTime:0.093365s ]
INFO: [ view_filter ] --START--
INFO: Run Behavior\WriteHtmlCacheBehavior [ RunTime:0.000416s ]
INFO: [ view_filter ] --END-- [ RunTime:0.000473s ]
INFO: [ app_end ] --START--
INFO: Run Behavior\ShowPageTraceBehavior [ RunTime:0.001058s ]
INFO: [ app_end ] --END-- [ RunTime:0.001188s ]

[ 2017-05-06T00:11:40+08:00 ] 127.0.0.1 /Front/index/index.html
INFO: [ app_init ] --START--
INFO: Run Behavior\BuildLiteBehavior [ RunTime:0.000052s ]
INFO: [ app_init ] --END-- [ RunTime:0.000957s ]
INFO: [ app_begin ] --START--
INFO: Run Behavior\ReadHtmlCacheBehavior [ RunTime:0.000877s ]
INFO: [ app_begin ] --END-- [ RunTime:0.001008s ]
SQL: SELECT COUNT(*) AS tp_count FROM `jgbs_project` WHERE ( pro_type=1 ) LIMIT 1   [ RunTime:0.0003s ]
SQL: SELECT * FROM `jgbs_project` WHERE ( pro_type=1 ) LIMIT 0,4   [ RunTime:0.0003s ]
SQL: SELECT COUNT(*) AS tp_count FROM `jgbs_project` WHERE ( pro_type=2 ) LIMIT 1   [ RunTime:0.0002s ]
SQL: SELECT * FROM `jgbs_project` WHERE ( pro_type=2 ) LIMIT 0,4   [ RunTime:0.0003s ]
SQL: SELECT COUNT(*) AS tp_count FROM `jgbs_project` WHERE ( pro_type=3 ) LIMIT 1   [ RunTime:0.0002s ]
SQL: SELECT * FROM `jgbs_project` WHERE ( pro_type=3 ) LIMIT 0,2   [ RunTime:0.0003s ]
SQL: SELECT COUNT(*) AS tp_count FROM `jgbs_project` WHERE ( pro_type=4 ) LIMIT 1   [ RunTime:0.0002s ]
SQL: SELECT * FROM `jgbs_project` WHERE ( pro_type=4 ) LIMIT 0,1   [ RunTime:0.0003s ]
SQL: SELECT COUNT(*) AS tp_count FROM `jgbs_consult` LIMIT 1   [ RunTime:0.0003s ]
SQL: SELECT * FROM `jgbs_consult` LIMIT 0,5   [ RunTime:0.0003s ]
SQL: select * from jgbs_user where user_pro_num > 0  order by user_pro_num desc limit 5 [ RunTime:0.0003s ]
INFO: [ view_parse ] --START--
INFO: [ template_filter ] --START--
INFO: Run Behavior\ContentReplaceBehavior [ RunTime:0.000101s ]
INFO: [ template_filter ] --END-- [ RunTime:0.000177s ]
INFO: Run Behavior\ParseTemplateBehavior [ RunTime:0.095015s ]
INFO: [ view_parse ] --END-- [ RunTime:0.095099s ]
INFO: [ view_filter ] --START--
INFO: Run Behavior\WriteHtmlCacheBehavior [ RunTime:0.000403s ]
INFO: [ view_filter ] --END-- [ RunTime:0.000461s ]
INFO: [ app_end ] --START--
INFO: Run Behavior\ShowPageTraceBehavior [ RunTime:0.001067s ]
INFO: [ app_end ] --END-- [ RunTime:0.001202s ]

[ 2017-05-06T21:04:26+08:00 ] 127.0.0.1 /Front/index/index.html
INFO: [ app_init ] --START--
INFO: Run Behavior\BuildLiteBehavior [ RunTime:0.000036s ]
INFO: [ app_init ] --END-- [ RunTime:0.000660s ]
INFO: [ app_begin ] --START--
INFO: Run Behavior\ReadHtmlCacheBehavior [ RunTime:0.002665s ]
INFO: [ app_begin ] --END-- [ RunTime:0.002855s ]
SQL: SELECT COUNT(*) AS tp_count FROM `jgbs_project` WHERE ( pro_type=1 ) LIMIT 1   [ RunTime:0.1957s ]
SQL: SELECT * FROM `jgbs_project` WHERE ( pro_type=1 ) LIMIT 0,4   [ RunTime:0.0183s ]
SQL: SELECT COUNT(*) AS tp_count FROM `jgbs_project` WHERE ( pro_type=2 ) LIMIT 1   [ RunTime:0.0003s ]
SQL: SELECT * FROM `jgbs_project` WHERE ( pro_type=2 ) LIMIT 0,4   [ RunTime:0.0003s ]
SQL: SELECT COUNT(*) AS tp_count FROM `jgbs_project` WHERE ( pro_type=3 ) LIMIT 1   [ RunTime:0.0002s ]
SQL: SELECT * FROM `jgbs_project` WHERE ( pro_type=3 ) LIMIT 0,2   [ RunTime:0.0003s ]
SQL: SELECT COUNT(*) AS tp_count FROM `jgbs_project` WHERE ( pro_type=4 ) LIMIT 1   [ RunTime:0.0002s ]
SQL: SELECT * FROM `jgbs_project` WHERE ( pro_type=4 ) LIMIT 0,1   [ RunTime:0.0002s ]
SQL: SELECT COUNT(*) AS tp_count FROM `jgbs_consult` LIMIT 1   [ RunTime:0.1417s ]
SQL: SELECT * FROM `jgbs_consult` LIMIT 0,5   [ RunTime:0.0244s ]
SQL: select * from jgbs_user where user_pro_num > 0  order by user_pro_num desc limit 5 [ RunTime:0.0218s ]
INFO: [ view_parse ] --START--
INFO: [ template_filter ] --START--
INFO: Run Behavior\ContentReplaceBehavior [ RunTime:0.000180s ]
INFO: [ template_filter ] --END-- [ RunTime:0.000304s ]
INFO: Run Behavior\ParseTemplateBehavior [ RunTime:0.619209s ]
INFO: [ view_parse ] --END-- [ RunTime:0.619356s ]
INFO: [ view_filter ] --START--
INFO: Run Behavior\WriteHtmlCacheBehavior [ RunTime:0.000736s ]
INFO: [ view_filter ] --END-- [ RunTime:0.000849s ]
INFO: [ app_end ] --START--
INFO: Run Behavior\ShowPageTraceBehavior [ RunTime:0.002910s ]
INFO: [ app_end ] --END-- [ RunTime:0.003066s ]

[ 2017-05-06T21:04:50+08:00 ] 127.0.0.1 /Front/login/login.html
INFO: [ app_init ] --START--
INFO: Run Behavior\BuildLiteBehavior [ RunTime:0.000019s ]
INFO: [ app_init ] --END-- [ RunTime:0.000401s ]
INFO: [ app_begin ] --START--
INFO: Run Behavior\ReadHtmlCacheBehavior [ RunTime:0.000722s ]
INFO: [ app_begin ] --END-- [ RunTime:0.000804s ]
INFO: [ view_parse ] --START--
INFO: [ template_filter ] --START--
INFO: Run Behavior\ContentReplaceBehavior [ RunTime:0.000119s ]
INFO: [ template_filter ] --END-- [ RunTime:0.000340s ]
INFO: Run Behavior\ParseTemplateBehavior [ RunTime:0.051667s ]
INFO: [ view_parse ] --END-- [ RunTime:0.051813s ]
INFO: [ view_filter ] --START--
INFO: Run Behavior\WriteHtmlCacheBehavior [ RunTime:0.000437s ]
INFO: [ view_filter ] --END-- [ RunTime:0.000500s ]
INFO: [ app_end ] --START--
INFO: Run Behavior\ShowPageTraceBehavior [ RunTime:0.000782s ]
INFO: [ app_end ] --END-- [ RunTime:0.000857s ]

[ 2017-05-06T21:04:56+08:00 ] 127.0.0.1 /index.php/Front/login/login.html
INFO: [ app_init ] --START--
INFO: Run Behavior\BuildLiteBehavior [ RunTime:0.000019s ]
INFO: [ app_init ] --END-- [ RunTime:0.000378s ]
INFO: [ app_begin ] --START--
INFO: Run Behavior\ReadHtmlCacheBehavior [ RunTime:0.000508s ]
INFO: [ app_begin ] --END-- [ RunTime:0.000591s ]
SQL: SELECT * FROM `jgbs_user` WHERE ( user_username='admin' ) LIMIT 1   [ RunTime:0.0004s ]

[ 2017-05-06T21:31:32+08:00 ] 127.0.0.1 /Front/login/login.html
INFO: [ app_init ] --START--
INFO: Run Behavior\BuildLiteBehavior [ RunTime:0.000019s ]
INFO: [ app_init ] --END-- [ RunTime:0.000374s ]
INFO: [ app_begin ] --START--
INFO: Run Behavior\ReadHtmlCacheBehavior [ RunTime:0.000505s ]
INFO: [ app_begin ] --END-- [ RunTime:0.000581s ]
INFO: [ view_parse ] --START--
INFO: [ template_filter ] --START--
INFO: Run Behavior\ContentReplaceBehavior [ RunTime:0.000058s ]
INFO: [ template_filter ] --END-- [ RunTime:0.000156s ]
INFO: Run Behavior\ParseTemplateBehavior [ RunTime:0.024226s ]
INFO: [ view_parse ] --END-- [ RunTime:0.024316s ]
INFO: [ view_filter ] --START--
INFO: Run Behavior\WriteHtmlCacheBehavior [ RunTime:0.000457s ]
INFO: [ view_filter ] --END-- [ RunTime:0.000520s ]
INFO: [ app_end ] --START--
INFO: Run Behavior\ShowPageTraceBehavior [ RunTime:0.000683s ]
INFO: [ app_end ] --END-- [ RunTime:0.000749s ]

[ 2017-05-06T21:31:44+08:00 ] 127.0.0.1 /index.php/Front/login/login.html
INFO: [ app_init ] --START--
INFO: Run Behavior\BuildLiteBehavior [ RunTime:0.000020s ]
INFO: [ app_init ] --END-- [ RunTime:0.000438s ]
INFO: [ app_begin ] --START--
INFO: Run Behavior\ReadHtmlCacheBehavior [ RunTime:0.000500s ]
INFO: [ app_begin ] --END-- [ RunTime:0.000574s ]
SQL: SELECT * FROM `jgbs_user` WHERE ( user_username='admin' ) LIMIT 1   [ RunTime:0.0005s ]
INFO: [ app_end ] --START--
INFO: Run Behavior\ShowPageTraceBehavior [ RunTime:0.000838s ]
INFO: [ app_end ] --END-- [ RunTime:0.000934s ]

[ 2017-05-06T21:33:47+08:00 ] 127.0.0.1 /Front/login/login.html
INFO: [ app_init ] --START--
INFO: Run Behavior\BuildLiteBehavior [ RunTime:0.000020s ]
INFO: [ app_init ] --END-- [ RunTime:0.000438s ]
INFO: [ app_begin ] --START--
INFO: Run Behavior\ReadHtmlCacheBehavior [ RunTime:0.000697s ]
INFO: [ app_begin ] --END-- [ RunTime:0.000771s ]
INFO: [ view_parse ] --START--
INFO: [ template_filter ] --START--
INFO: Run Behavior\ContentReplaceBehavior [ RunTime:0.000056s ]
INFO: [ template_filter ] --END-- [ RunTime:0.000143s ]
INFO: Run Behavior\ParseTemplateBehavior [ RunTime:0.007533s ]
INFO: [ view_parse ] --END-- [ RunTime:0.007655s ]
INFO: [ view_filter ] --START--
INFO: Run Behavior\WriteHtmlCacheBehavior [ RunTime:0.001194s ]
INFO: [ view_filter ] --END-- [ RunTime:0.001424s ]
INFO: [ app_end ] --START--
INFO: Run Behavior\ShowPageTraceBehavior [ RunTime:0.001072s ]
INFO: [ app_end ] --END-- [ RunTime:0.001195s ]

[ 2017-05-06T21:33:52+08:00 ] 127.0.0.1 /index.php/Front/login/login.html
INFO: [ app_init ] --START--
INFO: Run Behavior\BuildLiteBehavior [ RunTime:0.000019s ]
INFO: [ app_init ] --END-- [ RunTime:0.000434s ]
INFO: [ app_begin ] --START--
INFO: Run Behavior\ReadHtmlCacheBehavior [ RunTime:0.000693s ]
INFO: [ app_begin ] --END-- [ RunTime:0.000770s ]
SQL: SELECT * FROM `jgbs_user` WHERE ( user_username='admin' ) LIMIT 1   [ RunTime:0.0009s ]

