[ 2017-05-07T10:38:22+08:00 ] 127.0.0.1 /Front/index/index.html
INFO: [ app_init ] --START--
INFO: Run Behavior\BuildLiteBehavior [ RunTime:0.000015s ]
INFO: [ app_init ] --END-- [ RunTime:0.000341s ]
INFO: [ app_begin ] --START--
INFO: Run Behavior\ReadHtmlCacheBehavior [ RunTime:0.000582s ]
INFO: [ app_begin ] --END-- [ RunTime:0.000661s ]
SQL: SELECT COUNT(*) AS tp_count FROM `jgbs_project` WHERE ( pro_type=1 ) LIMIT 1   [ RunTime:0.0802s ]
SQL: SELECT * FROM `jgbs_project` WHERE ( pro_type=1 ) LIMIT 0,4   [ RunTime:0.0129s ]
SQL: SELECT COUNT(*) AS tp_count FROM `jgbs_project` WHERE ( pro_type=2 ) LIMIT 1   [ RunTime:0.0003s ]
SQL: SELECT * FROM `jgbs_project` WHERE ( pro_type=2 ) LIMIT 0,4   [ RunTime:0.0002s ]
SQL: SELECT COUNT(*) AS tp_count FROM `jgbs_project` WHERE ( pro_type=3 ) LIMIT 1   [ RunTime:0.0002s ]
SQL: SELECT * FROM `jgbs_project` WHERE ( pro_type=3 ) LIMIT 0,2   [ RunTime:0.0002s ]
SQL: SELECT COUNT(*) AS tp_count FROM `jgbs_project` WHERE ( pro_type=4 ) LIMIT 1   [ RunTime:0.0002s ]
SQL: SELECT * FROM `jgbs_project` WHERE ( pro_type=4 ) LIMIT 0,1   [ RunTime:0.0002s ]
SQL: SELECT COUNT(*) AS tp_count FROM `jgbs_consult` LIMIT 1   [ RunTime:0.0709s ]
SQL: SELECT * FROM `jgbs_consult` LIMIT 0,5   [ RunTime:0.0006s ]
SQL: select * from jgbs_user where user_pro_num > 0  order by user_pro_num desc limit 5 [ RunTime:0.0099s ]
INFO: [ view_parse ] --START--
INFO: [ template_filter ] --START--
INFO: Run Behavior\ContentReplaceBehavior [ RunTime:0.000101s ]
INFO: [ template_filter ] --END-- [ RunTime:0.000174s ]
INFO: Run Behavior\ParseTemplateBehavior [ RunTime:0.128038s ]
INFO: [ view_parse ] --END-- [ RunTime:0.128129s ]
INFO: [ view_filter ] --START--
INFO: Run Behavior\WriteHtmlCacheBehavior [ RunTime:0.000419s ]
INFO: [ view_filter ] --END-- [ RunTime:0.000478s ]
INFO: [ app_end ] --START--
INFO: Run Behavior\ShowPageTraceBehavior [ RunTime:0.000515s ]
INFO: [ app_end ] --END-- [ RunTime:0.000580s ]

[ 2017-05-07T10:38:24+08:00 ] 127.0.0.1 /Front/login/login.html
INFO: [ app_init ] --START--
INFO: Run Behavior\BuildLiteBehavior [ RunTime:0.000019s ]
INFO: [ app_init ] --END-- [ RunTime:0.000331s ]
INFO: [ app_begin ] --START--
INFO: Run Behavior\ReadHtmlCacheBehavior [ RunTime:0.000429s ]
INFO: [ app_begin ] --END-- [ RunTime:0.000493s ]
INFO: [ view_parse ] --START--
INFO: [ template_filter ] --START--
INFO: Run Behavior\ContentReplaceBehavior [ RunTime:0.000047s ]
INFO: [ template_filter ] --END-- [ RunTime:0.000117s ]
INFO: Run Behavior\ParseTemplateBehavior [ RunTime:0.024887s ]
INFO: [ view_parse ] --END-- [ RunTime:0.024999s ]
INFO: [ view_filter ] --START--
INFO: Run Behavior\WriteHtmlCacheBehavior [ RunTime:0.000277s ]
INFO: [ view_filter ] --END-- [ RunTime:0.000331s ]
INFO: [ app_end ] --START--
INFO: Run Behavior\ShowPageTraceBehavior [ RunTime:0.000440s ]
INFO: [ app_end ] --END-- [ RunTime:0.000495s ]

[ 2017-05-07T10:38:30+08:00 ] 127.0.0.1 /index.php/Front/login/login.html
INFO: [ app_init ] --START--
INFO: Run Behavior\BuildLiteBehavior [ RunTime:0.000017s ]
INFO: [ app_init ] --END-- [ RunTime:0.000308s ]
INFO: [ app_begin ] --START--
INFO: Run Behavior\ReadHtmlCacheBehavior [ RunTime:0.000425s ]
INFO: [ app_begin ] --END-- [ RunTime:0.000487s ]
SQL: SELECT * FROM `jgbs_user` WHERE ( user_username='admin' ) LIMIT 1   [ RunTime:0.0005s ]

[ 2017-05-07T14:31:33+08:00 ] 127.0.0.1 /Front/login/login.html
INFO: [ app_init ] --START--
INFO: Run Behavior\BuildLiteBehavior [ RunTime:0.000015s ]
INFO: [ app_init ] --END-- [ RunTime:0.000300s ]
INFO: [ app_begin ] --START--
INFO: Run Behavior\ReadHtmlCacheBehavior [ RunTime:0.000396s ]
INFO: [ app_begin ] --END-- [ RunTime:0.000458s ]
INFO: [ view_parse ] --START--
INFO: [ template_filter ] --START--
INFO: Run Behavior\ContentReplaceBehavior [ RunTime:0.000048s ]
INFO: [ template_filter ] --END-- [ RunTime:0.000161s ]
INFO: Run Behavior\ParseTemplateBehavior [ RunTime:0.016507s ]
INFO: [ view_parse ] --END-- [ RunTime:0.016584s ]
INFO: [ view_filter ] --START--
INFO: Run Behavior\WriteHtmlCacheBehavior [ RunTime:0.000386s ]
INFO: [ view_filter ] --END-- [ RunTime:0.000441s ]
INFO: [ app_end ] --START--
INFO: Run Behavior\ShowPageTraceBehavior [ RunTime:0.000549s ]
INFO: [ app_end ] --END-- [ RunTime:0.000606s ]

[ 2017-05-07T14:31:45+08:00 ] 127.0.0.1 /Front/index/index.html
INFO: [ app_init ] --START--
INFO: Run Behavior\BuildLiteBehavior [ RunTime:0.000017s ]
INFO: [ app_init ] --END-- [ RunTime:0.000331s ]
INFO: [ app_begin ] --START--
INFO: Run Behavior\ReadHtmlCacheBehavior [ RunTime:0.000551s ]
INFO: [ app_begin ] --END-- [ RunTime:0.000617s ]
SQL: SELECT COUNT(*) AS tp_count FROM `jgbs_project` WHERE ( pro_type=1 ) LIMIT 1   [ RunTime:0.0004s ]
SQL: SELECT * FROM `jgbs_project` WHERE ( pro_type=1 ) LIMIT 0,4   [ RunTime:0.0003s ]
SQL: SELECT COUNT(*) AS tp_count FROM `jgbs_project` WHERE ( pro_type=2 ) LIMIT 1   [ RunTime:0.0002s ]
SQL: SELECT * FROM `jgbs_project` WHERE ( pro_type=2 ) LIMIT 0,4   [ RunTime:0.0003s ]
SQL: SELECT COUNT(*) AS tp_count FROM `jgbs_project` WHERE ( pro_type=3 ) LIMIT 1   [ RunTime:0.0002s ]
SQL: SELECT * FROM `jgbs_project` WHERE ( pro_type=3 ) LIMIT 0,6   [ RunTime:0.0003s ]
SQL: SELECT COUNT(*) AS tp_count FROM `jgbs_project` WHERE ( pro_type=4 ) LIMIT 1   [ RunTime:0.0002s ]
SQL: SELECT * FROM `jgbs_project` WHERE ( pro_type=4 ) LIMIT 0,5   [ RunTime:0.0002s ]
SQL: SELECT COUNT(*) AS tp_count FROM `jgbs_consult` LIMIT 1   [ RunTime:0.0005s ]
SQL: SELECT * FROM `jgbs_consult` LIMIT 0,5   [ RunTime:0.0002s ]
SQL: select * from jgbs_user where user_pro_num > 0  order by user_pro_num desc limit 5 [ RunTime:0.0003s ]
INFO: [ view_parse ] --START--
INFO: [ template_filter ] --START--
INFO: Run Behavior\ContentReplaceBehavior [ RunTime:0.000094s ]
INFO: [ template_filter ] --END-- [ RunTime:0.000162s ]
INFO: Run Behavior\ParseTemplateBehavior [ RunTime:0.081410s ]
INFO: [ view_parse ] --END-- [ RunTime:0.081492s ]
INFO: [ view_filter ] --START--
INFO: Run Behavior\WriteHtmlCacheBehavior [ RunTime:0.000390s ]
INFO: [ view_filter ] --END-- [ RunTime:0.000460s ]
INFO: [ app_end ] --START--
INFO: Run Behavior\ShowPageTraceBehavior [ RunTime:0.000638s ]
INFO: [ app_end ] --END-- [ RunTime:0.000719s ]

[ 2017-05-07T15:19:32+08:00 ] 127.0.0.1 /Front/login/login.html
INFO: [ app_init ] --START--
INFO: Run Behavior\BuildLiteBehavior [ RunTime:0.000019s ]
INFO: [ app_init ] --END-- [ RunTime:0.000492s ]
INFO: [ app_begin ] --START--
INFO: Run Behavior\ReadHtmlCacheBehavior [ RunTime:0.000598s ]
INFO: [ app_begin ] --END-- [ RunTime:0.000667s ]
INFO: [ view_parse ] --START--
INFO: [ template_filter ] --START--
INFO: Run Behavior\ContentReplaceBehavior [ RunTime:0.000049s ]
INFO: [ template_filter ] --END-- [ RunTime:0.000121s ]
INFO: Run Behavior\ParseTemplateBehavior [ RunTime:0.006354s ]
INFO: [ view_parse ] --END-- [ RunTime:0.006431s ]
INFO: [ view_filter ] --START--
INFO: Run Behavior\WriteHtmlCacheBehavior [ RunTime:0.000409s ]
INFO: [ view_filter ] --END-- [ RunTime:0.000481s ]
INFO: [ app_end ] --START--
INFO: Run Behavior\ShowPageTraceBehavior [ RunTime:0.000594s ]
INFO: [ app_end ] --END-- [ RunTime:0.000651s ]

[ 2017-05-07T22:28:21+08:00 ] 127.0.0.1 /Front/index/index.html
INFO: [ app_init ] --START--
INFO: Run Behavior\BuildLiteBehavior [ RunTime:0.000019s ]
INFO: [ app_init ] --END-- [ RunTime:0.000431s ]
INFO: [ app_begin ] --START--
INFO: Run Behavior\ReadHtmlCacheBehavior [ RunTime:0.000632s ]
INFO: [ app_begin ] --END-- [ RunTime:0.000700s ]
SQL: SELECT COUNT(*) AS tp_count FROM `jgbs_project` WHERE ( pro_type=1 ) LIMIT 1   [ RunTime:0.0004s ]
SQL: SELECT * FROM `jgbs_project` WHERE ( pro_type=1 ) LIMIT 0,4   [ RunTime:0.0003s ]
SQL: SELECT COUNT(*) AS tp_count FROM `jgbs_project` WHERE ( pro_type=2 ) LIMIT 1   [ RunTime:0.0002s ]
SQL: SELECT * FROM `jgbs_project` WHERE ( pro_type=2 ) LIMIT 0,4   [ RunTime:0.0002s ]
SQL: SELECT COUNT(*) AS tp_count FROM `jgbs_project` WHERE ( pro_type=3 ) LIMIT 1   [ RunTime:0.0002s ]
SQL: SELECT * FROM `jgbs_project` WHERE ( pro_type=3 ) LIMIT 0,6   [ RunTime:0.0002s ]
SQL: SELECT COUNT(*) AS tp_count FROM `jgbs_project` WHERE ( pro_type=4 ) LIMIT 1   [ RunTime:0.0002s ]
SQL: SELECT * FROM `jgbs_project` WHERE ( pro_type=4 ) LIMIT 0,5   [ RunTime:0.0002s ]
SQL: SELECT COUNT(*) AS tp_count FROM `jgbs_consult` LIMIT 1   [ RunTime:0.0001s ]
SQL: SELECT * FROM `jgbs_consult` LIMIT 0,5   [ RunTime:0.0002s ]
SQL: select * from jgbs_user where user_pro_num > 0  order by user_pro_num desc limit 5 [ RunTime:0.0007s ]
INFO: [ view_parse ] --START--
INFO: [ template_filter ] --START--
INFO: Run Behavior\ContentReplaceBehavior [ RunTime:0.000105s ]
INFO: [ template_filter ] --END-- [ RunTime:0.000194s ]
INFO: Run Behavior\ParseTemplateBehavior [ RunTime:0.082156s ]
INFO: [ view_parse ] --END-- [ RunTime:0.082269s ]
INFO: [ view_filter ] --START--
INFO: Run Behavior\WriteHtmlCacheBehavior [ RunTime:0.000633s ]
INFO: [ view_filter ] --END-- [ RunTime:0.000751s ]
INFO: [ app_end ] --START--
INFO: Run Behavior\ShowPageTraceBehavior [ RunTime:0.001228s ]
INFO: [ app_end ] --END-- [ RunTime:0.001378s ]

[ 2017-05-07T22:28:34+08:00 ] 127.0.0.1 /Front/login/login.html
INFO: [ app_init ] --START--
INFO: Run Behavior\BuildLiteBehavior [ RunTime:0.000020s ]
INFO: [ app_init ] --END-- [ RunTime:0.000436s ]
INFO: [ app_begin ] --START--
INFO: Run Behavior\ReadHtmlCacheBehavior [ RunTime:0.000622s ]
INFO: [ app_begin ] --END-- [ RunTime:0.000698s ]
INFO: [ view_parse ] --START--
INFO: [ template_filter ] --START--
INFO: Run Behavior\ContentReplaceBehavior [ RunTime:0.000049s ]
INFO: [ template_filter ] --END-- [ RunTime:0.000130s ]
INFO: Run Behavior\ParseTemplateBehavior [ RunTime:0.017185s ]
INFO: [ view_parse ] --END-- [ RunTime:0.017293s ]
INFO: [ view_filter ] --START--
INFO: Run Behavior\WriteHtmlCacheBehavior [ RunTime:0.000666s ]
INFO: [ view_filter ] --END-- [ RunTime:0.000774s ]
INFO: [ app_end ] --START--
INFO: Run Behavior\ShowPageTraceBehavior [ RunTime:0.000828s ]
INFO: [ app_end ] --END-- [ RunTime:0.000937s ]

[ 2017-05-07T22:28:37+08:00 ] 127.0.0.1 /Front/index/index.html
INFO: [ app_init ] --START--
INFO: Run Behavior\BuildLiteBehavior [ RunTime:0.000020s ]
INFO: [ app_init ] --END-- [ RunTime:0.000426s ]
INFO: [ app_begin ] --START--
INFO: Run Behavior\ReadHtmlCacheBehavior [ RunTime:0.000756s ]
INFO: [ app_begin ] --END-- [ RunTime:0.000864s ]
SQL: SELECT COUNT(*) AS tp_count FROM `jgbs_project` WHERE ( pro_type=1 ) LIMIT 1   [ RunTime:0.0003s ]
SQL: SELECT * FROM `jgbs_project` WHERE ( pro_type=1 ) LIMIT 0,4   [ RunTime:0.0004s ]
SQL: SELECT COUNT(*) AS tp_count FROM `jgbs_project` WHERE ( pro_type=2 ) LIMIT 1   [ RunTime:0.0003s ]
SQL: SELECT * FROM `jgbs_project` WHERE ( pro_type=2 ) LIMIT 0,4   [ RunTime:0.0003s ]
SQL: SELECT COUNT(*) AS tp_count FROM `jgbs_project` WHERE ( pro_type=3 ) LIMIT 1   [ RunTime:0.0003s ]
SQL: SELECT * FROM `jgbs_project` WHERE ( pro_type=3 ) LIMIT 0,6   [ RunTime:0.0003s ]
SQL: SELECT COUNT(*) AS tp_count FROM `jgbs_project` WHERE ( pro_type=4 ) LIMIT 1   [ RunTime:0.0003s ]
SQL: SELECT * FROM `jgbs_project` WHERE ( pro_type=4 ) LIMIT 0,5   [ RunTime:0.0003s ]
SQL: SELECT COUNT(*) AS tp_count FROM `jgbs_consult` LIMIT 1   [ RunTime:0.0002s ]
SQL: SELECT * FROM `jgbs_consult` LIMIT 0,5   [ RunTime:0.0002s ]
SQL: select * from jgbs_user where user_pro_num > 0  order by user_pro_num desc limit 5 [ RunTime:0.0003s ]
INFO: [ view_parse ] --START--
INFO: [ template_filter ] --START--
INFO: Run Behavior\ContentReplaceBehavior [ RunTime:0.000137s ]
INFO: [ template_filter ] --END-- [ RunTime:0.000261s ]
INFO: Run Behavior\ParseTemplateBehavior [ RunTime:0.088215s ]
INFO: [ view_parse ] --END-- [ RunTime:0.088298s ]
INFO: [ view_filter ] --START--
INFO: Run Behavior\WriteHtmlCacheBehavior [ RunTime:0.000389s ]
INFO: [ view_filter ] --END-- [ RunTime:0.000442s ]
INFO: [ app_end ] --START--
INFO: Run Behavior\ShowPageTraceBehavior [ RunTime:0.000679s ]
INFO: [ app_end ] --END-- [ RunTime:0.000744s ]

