[ 2017-04-12T00:05:32+08:00 ] ::1 /xiaopangzi/xiaopangzi/Public/vendor/bootstrap/css/bootstrap.css.map
INFO: [ app_init ] --START--
INFO: Run Behavior\BuildLiteBehavior [ RunTime:0.000033s ]
INFO: [ app_init ] --END-- [ RunTime:0.000743s ]
ERR: æ— æ³•åŠ è½½æ¨¡å—:Public

[ 2017-04-12T00:06:20+08:00 ] ::1 /xiaopangzi/xiaopangzi/Public/vendor/bootstrap/css/bootstrap.css.map
INFO: [ app_init ] --START--
INFO: Run Behavior\BuildLiteBehavior [ RunTime:0.000036s ]
INFO: [ app_init ] --END-- [ RunTime:0.001362s ]
ERR: æ— æ³•åŠ è½½æ¨¡å—:Public

[ 2017-04-12T01:34:42+08:00 ] ::1 /JgbsGR/Public/plugins/jquery-ui/css/jquery-ui-1.10.4.min.css
INFO: [ app_init ] --START--
INFO: Run Behavior\BuildLiteBehavior [ RunTime:0.000033s ]
INFO: [ app_init ] --END-- [ RunTime:0.001697s ]
ERR: æ— æ³•åŠ è½½æ¨¡å—:Public

[ 2017-04-12T01:34:42+08:00 ] ::1 /JgbsGR/Public/plugins/bootkit/css/bootkit.css
INFO: [ app_init ] --START--
INFO: Run Behavior\BuildLiteBehavior [ RunTime:0.000025s ]
INFO: [ app_init ] --END-- [ RunTime:0.000670s ]
ERR: æ— æ³•åŠ è½½æ¨¡å—:Public

[ 2017-04-12T01:34:42+08:00 ] ::1 /JgbsGR/Public/plugins/scrollbar/css/mCustomScrollbar.css
INFO: [ app_init ] --START--
INFO: Run Behavior\BuildLiteBehavior [ RunTime:0.000056s ]
INFO: [ app_init ] --END-- [ RunTime:0.000864s ]
ERR: æ— æ³•åŠ è½½æ¨¡å—:Public

[ 2017-04-12T01:34:42+08:00 ] ::1 /JgbsGR/Public/plugins/fullcalendar/css/fullcalendar.css
INFO: [ app_init ] --START--
INFO: Run Behavior\BuildLiteBehavior [ RunTime:0.000035s ]
INFO: [ app_init ] --END-- [ RunTime:0.000711s ]
ERR: æ— æ³•åŠ è½½æ¨¡å—:Public

[ 2017-04-12T01:34:42+08:00 ] ::1 /JgbsGR/Public/plugins/jqvmap/jqvmap.css
INFO: [ app_init ] --START--
INFO: Run Behavior\BuildLiteBehavior [ RunTime:0.000033s ]
INFO: [ app_init ] --END-- [ RunTime:0.000608s ]
ERR: æ— æ³•åŠ è½½æ¨¡å—:Public

[ 2017-04-12T01:34:42+08:00 ] ::1 /JgbsGR/Public/plugins/magnific-popup/css/magnific-popup.css
INFO: [ app_init ] --START--
INFO: Run Behavior\BuildLiteBehavior [ RunTime:0.000031s ]
INFO: [ app_init ] --END-- [ RunTime:0.000635s ]
ERR: æ— æ³•åŠ è½½æ¨¡å—:Public

[ 2017-04-12T01:34:42+08:00 ] ::1 /JgbsGR/Public/plugins/modernizr/js/modernizr.js
INFO: [ app_init ] --START--
INFO: Run Behavior\BuildLiteBehavior [ RunTime:0.000029s ]
INFO: [ app_init ] --END-- [ RunTime:0.000627s ]
ERR: æ— æ³•åŠ è½½æ¨¡å—:Public

[ 2017-04-12T01:34:42+08:00 ] ::1 /JgbsGR/Public/vendor/bootstrap/css/bootstrap.css.map
INFO: [ app_init ] --START--
INFO: Run Behavior\BuildLiteBehavior [ RunTime:0.000032s ]
INFO: [ app_init ] --END-- [ RunTime:0.000652s ]
ERR: æ— æ³•åŠ è½½æ¨¡å—:Public

[ 2017-04-12T01:34:42+08:00 ] ::1 /JgbsGR/Public/plugins/jquery-ui/js/jquery-ui-1.10.4.min.js
INFO: [ app_init ] --START--
INFO: Run Behavior\BuildLiteBehavior [ RunTime:0.000029s ]
INFO: [ app_init ] --END-- [ RunTime:0.000591s ]
ERR: æ— æ³•åŠ è½½æ¨¡å—:Public

[ 2017-04-12T01:34:43+08:00 ] ::1 /JgbsGR/Public/plugins/scrollbar/js/jquery.mCustomScrollbar.concat.min.js
INFO: [ app_init ] --START--
INFO: Run Behavior\BuildLiteBehavior [ RunTime:0.000034s ]
INFO: [ app_init ] --END-- [ RunTime:0.000792s ]
ERR: æ— æ³•åŠ è½½æ¨¡å—:Public

[ 2017-04-12T01:34:43+08:00 ] ::1 /JgbsGR/Public/plugins/bootkit/js/bootkit.js
INFO: [ app_init ] --START--
INFO: Run Behavior\BuildLiteBehavior [ RunTime:0.000028s ]
INFO: [ app_init ] --END-- [ RunTime:0.001393s ]
ERR: æ— æ³•åŠ è½½æ¨¡å—:Public

[ 2017-04-12T01:34:43+08:00 ] ::1 /JgbsGR/Public/plugins/flot/js/jquery.flot.min.js
INFO: [ app_init ] --START--
INFO: Run Behavior\BuildLiteBehavior [ RunTime:0.000027s ]
INFO: [ app_init ] --END-- [ RunTime:0.000517s ]
ERR: æ— æ³•åŠ è½½æ¨¡å—:Public

[ 2017-04-12T01:34:43+08:00 ] ::1 /JgbsGR/Public/plugins/moment/js/moment.min.js
INFO: [ app_init ] --START--
INFO: Run Behavior\BuildLiteBehavior [ RunTime:0.000025s ]
INFO: [ app_init ] --END-- [ RunTime:0.000580s ]
ERR: æ— æ³•åŠ è½½æ¨¡å—:Public

[ 2017-04-12T01:34:43+08:00 ] ::1 /JgbsGR/Public/plugins/fullcalendar/js/fullcalendar.js
INFO: [ app_init ] --START--
INFO: Run Behavior\BuildLiteBehavior [ RunTime:0.000027s ]
INFO: [ app_init ] --END-- [ RunTime:0.001041s ]
ERR: æ— æ³•åŠ è½½æ¨¡å—:Public

[ 2017-04-12T01:34:43+08:00 ] ::1 /JgbsGR/Public/plugins/flot/js/jquery.flot.resize.min.js
INFO: [ app_init ] --START--
INFO: Run Behavior\BuildLiteBehavior [ RunTime:0.000030s ]
INFO: [ app_init ] --END-- [ RunTime:0.000673s ]
ERR: æ— æ³•åŠ è½½æ¨¡å—:Public

[ 2017-04-12T01:34:43+08:00 ] ::1 /JgbsGR/Public/plugins/flot/js/jquery.flot.pie.min.js
INFO: [ app_init ] --START--
INFO: Run Behavior\BuildLiteBehavior [ RunTime:0.000083s ]
INFO: [ app_init ] --END-- [ RunTime:0.000860s ]
ERR: æ— æ³•åŠ è½½æ¨¡å—:Public

[ 2017-04-12T01:34:43+08:00 ] ::1 /JgbsGR/Public/plugins/chart-master/js/Chart.js
INFO: [ app_init ] --START--
INFO: Run Behavior\BuildLiteBehavior [ RunTime:0.000027s ]
INFO: [ app_init ] --END-- [ RunTime:0.000535s ]
ERR: æ— æ³•åŠ è½½æ¨¡å—:Public

[ 2017-04-12T01:34:43+08:00 ] ::1 /JgbsGR/Public/plugins/flot/js/jquery.flot.stack.min.js
INFO: [ app_init ] --START--
INFO: Run Behavior\BuildLiteBehavior [ RunTime:0.000026s ]
INFO: [ app_init ] --END-- [ RunTime:0.000604s ]
ERR: æ— æ³•åŠ è½½æ¨¡å—:Public

[ 2017-04-12T01:34:43+08:00 ] ::1 /JgbsGR/Public/plugins/flot-tooltip/js/jquery.flot.tooltip.js
INFO: [ app_init ] --START--
INFO: Run Behavior\BuildLiteBehavior [ RunTime:0.000033s ]
INFO: [ app_init ] --END-- [ RunTime:0.000666s ]
ERR: æ— æ³•åŠ è½½æ¨¡å—:Public

[ 2017-04-12T01:34:43+08:00 ] ::1 /JgbsGR/Public/plugins/magnific-popup/js/magnific-popup.js
INFO: [ app_init ] --START--
INFO: Run Behavior\BuildLiteBehavior [ RunTime:0.000031s ]
INFO: [ app_init ] --END-- [ RunTime:0.000618s ]
ERR: æ— æ³•åŠ è½½æ¨¡å—:Public

[ 2017-04-12T01:34:43+08:00 ] ::1 /JgbsGR/Public/plugins/flot/js/jquery.flot.time.min.js
INFO: [ app_init ] --START--
INFO: Run Behavior\BuildLiteBehavior [ RunTime:0.000030s ]
INFO: [ app_init ] --END-- [ RunTime:0.000652s ]
ERR: æ— æ³•åŠ è½½æ¨¡å—:Public

[ 2017-04-12T01:34:43+08:00 ] ::1 /JgbsGR/Public/plugins/jqvmap/data/jquery.vmap.sampledata.js
INFO: [ app_init ] --START--
INFO: Run Behavior\BuildLiteBehavior [ RunTime:0.000052s ]
INFO: [ app_init ] --END-- [ RunTime:0.000676s ]
ERR: æ— æ³•åŠ è½½æ¨¡å—:Public

[ 2017-04-12T01:34:43+08:00 ] ::1 /JgbsGR/Public/plugins/jqvmap/jquery.vmap.js
INFO: [ app_init ] --START--
INFO: Run Behavior\BuildLiteBehavior [ RunTime:0.000029s ]
INFO: [ app_init ] --END-- [ RunTime:0.000591s ]
ERR: æ— æ³•åŠ è½½æ¨¡å—:Public

[ 2017-04-12T01:34:43+08:00 ] ::1 /JgbsGR/Public/plugins/jqvmap/maps/jquery.vmap.world.js
INFO: [ app_init ] --START--
INFO: Run Behavior\BuildLiteBehavior [ RunTime:0.000028s ]
INFO: [ app_init ] --END-- [ RunTime:0.000593s ]
ERR: æ— æ³•åŠ è½½æ¨¡å—:Public

[ 2017-04-12T01:34:43+08:00 ] ::1 /JgbsGR/Public/plugins/sparkline/js/jquery.sparkline.min.js
INFO: [ app_init ] --START--
INFO: Run Behavior\BuildLiteBehavior [ RunTime:0.000032s ]
INFO: [ app_init ] --END-- [ RunTime:0.000752s ]
ERR: æ— æ³•åŠ è½½æ¨¡å—:Public

[ 2017-04-12T01:34:43+08:00 ] ::1 /JgbsGR/Public/plugins/jquery-ui/js/jquery-ui-1.10.4.min.js
INFO: [ app_init ] --START--
INFO: Run Behavior\BuildLiteBehavior [ RunTime:0.000037s ]
INFO: [ app_init ] --END-- [ RunTime:0.000798s ]
ERR: æ— æ³•åŠ è½½æ¨¡å—:Public

[ 2017-04-12T01:34:43+08:00 ] ::1 /JgbsGR/Public/plugins/scrollbar/js/jquery.mCustomScrollbar.concat.min.js
INFO: [ app_init ] --START--
INFO: Run Behavior\BuildLiteBehavior [ RunTime:0.000034s ]
INFO: [ app_init ] --END-- [ RunTime:0.000679s ]
ERR: æ— æ³•åŠ è½½æ¨¡å—:Public

[ 2017-04-12T01:34:43+08:00 ] ::1 /JgbsGR/Public/plugins/bootkit/js/bootkit.js
INFO: [ app_init ] --START--
INFO: Run Behavior\BuildLiteBehavior [ RunTime:0.000034s ]
INFO: [ app_init ] --END-- [ RunTime:0.000653s ]
ERR: æ— æ³•åŠ è½½æ¨¡å—:Public

[ 2017-04-12T01:34:43+08:00 ] ::1 /JgbsGR/Public/plugins/magnific-popup/js/magnific-popup.js
INFO: [ app_init ] --START--
INFO: Run Behavior\BuildLiteBehavior [ RunTime:0.000038s ]
INFO: [ app_init ] --END-- [ RunTime:0.000695s ]
ERR: æ— æ³•åŠ è½½æ¨¡å—:Public

[ 2017-04-12T01:34:43+08:00 ] ::1 /JgbsGR/Public/plugins/moment/js/moment.min.js
INFO: [ app_init ] --START--
INFO: Run Behavior\BuildLiteBehavior [ RunTime:0.000029s ]
INFO: [ app_init ] --END-- [ RunTime:0.000620s ]
ERR: æ— æ³•åŠ è½½æ¨¡å—:Public

[ 2017-04-12T01:34:43+08:00 ] ::1 /JgbsGR/Public/plugins/fullcalendar/js/fullcalendar.js
INFO: [ app_init ] --START--
INFO: Run Behavior\BuildLiteBehavior [ RunTime:0.000033s ]
INFO: [ app_init ] --END-- [ RunTime:0.000675s ]
ERR: æ— æ³•åŠ è½½æ¨¡å—:Public

[ 2017-04-12T01:34:43+08:00 ] ::1 /JgbsGR/Public/plugins/flot/js/jquery.flot.min.js
INFO: [ app_init ] --START--
INFO: Run Behavior\BuildLiteBehavior [ RunTime:0.000036s ]
INFO: [ app_init ] --END-- [ RunTime:0.000713s ]
ERR: æ— æ³•åŠ è½½æ¨¡å—:Public

[ 2017-04-12T01:34:43+08:00 ] ::1 /JgbsGR/Public/plugins/flot/js/jquery.flot.pie.min.js
INFO: [ app_init ] --START--
INFO: Run Behavior\BuildLiteBehavior [ RunTime:0.000036s ]
INFO: [ app_init ] --END-- [ RunTime:0.000688s ]
ERR: æ— æ³•åŠ è½½æ¨¡å—:Public

[ 2017-04-12T01:34:43+08:00 ] ::1 /JgbsGR/Public/plugins/flot/js/jquery.flot.resize.min.js
INFO: [ app_init ] --START--
INFO: Run Behavior\BuildLiteBehavior [ RunTime:0.000033s ]
INFO: [ app_init ] --END-- [ RunTime:0.000685s ]
ERR: æ— æ³•åŠ è½½æ¨¡å—:Public

[ 2017-04-12T01:34:43+08:00 ] ::1 /JgbsGR/Public/plugins/flot/js/jquery.flot.stack.min.js
INFO: [ app_init ] --START--
INFO: Run Behavior\BuildLiteBehavior [ RunTime:0.000072s ]
INFO: [ app_init ] --END-- [ RunTime:0.001099s ]
ERR: æ— æ³•åŠ è½½æ¨¡å—:Public

[ 2017-04-12T01:34:43+08:00 ] ::1 /JgbsGR/Public/plugins/flot/js/jquery.flot.time.min.js
INFO: [ app_init ] --START--
INFO: Run Behavior\BuildLiteBehavior [ RunTime:0.000034s ]
INFO: [ app_init ] --END-- [ RunTime:0.000718s ]
ERR: æ— æ³•åŠ è½½æ¨¡å—:Public

[ 2017-04-12T01:34:43+08:00 ] ::1 /JgbsGR/Public/plugins/flot-tooltip/js/jquery.flot.tooltip.js
INFO: [ app_init ] --START--
INFO: Run Behavior\BuildLiteBehavior [ RunTime:0.000064s ]
INFO: [ app_init ] --END-- [ RunTime:0.001223s ]
ERR: æ— æ³•åŠ è½½æ¨¡å—:Public

[ 2017-04-12T01:34:43+08:00 ] ::1 /JgbsGR/Public/plugins/chart-master/js/Chart.js
INFO: [ app_init ] --START--
INFO: Run Behavior\BuildLiteBehavior [ RunTime:0.000032s ]
INFO: [ app_init ] --END-- [ RunTime:0.000657s ]
ERR: æ— æ³•åŠ è½½æ¨¡å—:Public

[ 2017-04-12T01:34:44+08:00 ] ::1 /JgbsGR/Public/plugins/jqvmap/jquery.vmap.js
INFO: [ app_init ] --START--
INFO: Run Behavior\BuildLiteBehavior [ RunTime:0.000019s ]
INFO: [ app_init ] --END-- [ RunTime:0.000417s ]
ERR: æ— æ³•åŠ è½½æ¨¡å—:Public

[ 2017-04-12T01:34:44+08:00 ] ::1 /JgbsGR/Public/plugins/jqvmap/data/jquery.vmap.sampledata.js
INFO: [ app_init ] --START--
INFO: Run Behavior\BuildLiteBehavior [ RunTime:0.000019s ]
INFO: [ app_init ] --END-- [ RunTime:0.000404s ]
ERR: æ— æ³•åŠ è½½æ¨¡å—:Public

[ 2017-04-12T01:34:44+08:00 ] ::1 /JgbsGR/Public/plugins/jqvmap/maps/jquery.vmap.world.js
INFO: [ app_init ] --START--
INFO: Run Behavior\BuildLiteBehavior [ RunTime:0.000022s ]
INFO: [ app_init ] --END-- [ RunTime:0.000607s ]
ERR: æ— æ³•åŠ è½½æ¨¡å—:Public

[ 2017-04-12T01:34:44+08:00 ] ::1 /JgbsGR/Public/plugins/sparkline/js/jquery.sparkline.min.js
INFO: [ app_init ] --START--
INFO: Run Behavior\BuildLiteBehavior [ RunTime:0.000020s ]
INFO: [ app_init ] --END-- [ RunTime:0.000465s ]
ERR: æ— æ³•åŠ è½½æ¨¡å—:Public

[ 2017-04-12T01:34:44+08:00 ] ::1 /JgbsGR/Public/ico/favicon.ico
INFO: [ app_init ] --START--
INFO: Run Behavior\BuildLiteBehavior [ RunTime:0.000030s ]
INFO: [ app_init ] --END-- [ RunTime:0.000644s ]
ERR: æ— æ³•åŠ è½½æ¨¡å—:Public

[ 2017-04-12T01:35:01+08:00 ] ::1 /JgbsGR/Public/plugins/scrollbar/css/mCustomScrollbar.css
INFO: [ app_init ] --START--
INFO: Run Behavior\BuildLiteBehavior [ RunTime:0.000028s ]
INFO: [ app_init ] --END-- [ RunTime:0.000733s ]
ERR: æ— æ³•åŠ è½½æ¨¡å—:Public

[ 2017-04-12T01:35:01+08:00 ] ::1 /JgbsGR/Public/plugins/magnific-popup/css/magnific-popup.css
INFO: [ app_init ] --START--
INFO: Run Behavior\BuildLiteBehavior [ RunTime:0.000027s ]
INFO: [ app_init ] --END-- [ RunTime:0.000631s ]
ERR: æ— æ³•åŠ è½½æ¨¡å—:Public

[ 2017-04-12T01:35:01+08:00 ] ::1 /JgbsGR/Public/plugins/bootkit/css/bootkit.css
INFO: [ app_init ] --START--
INFO: Run Behavior\BuildLiteBehavior [ RunTime:0.000023s ]
INFO: [ app_init ] --END-- [ RunTime:0.000553s ]
ERR: æ— æ³•åŠ è½½æ¨¡å—:Public

¡å—:Public

[ 2017-04-12T01:35:01+08:00 ] ::1 /JgbsGR/Public/plugins/fullcalendar/css/fullcalendar.css
INFO: [ app_init ] --START--
INFO: Run Behavior\BuildLiteBehavior [ RunTime:0.000026s ]
INFO: [ app_init ] --END-- [ RunTime:0.000559s ]
ERR: æ— æ³•åŠ è½½æ¨¡å—:Public

[ 2017-04-12T01:35:01+08:00 ] ::1 /JgbsGR/Public/plugins/jqvmap/jqvmap.css
INFO: [ app_init ] --START--
INFO: Run Behavior\BuildLiteBehavior [ RunTime:0.000062s ]
INFO: [ app_init ] --END-- [ RunTime:0.000652s ]
ERR: æ— æ³•åŠ è½½æ¨¡å—:Public

[ 2017-04-12T01:35:01+08:00 ] ::1 /JgbsGR/Public/plugins/modernizr/js/modernizr.js
INFO: [ app_init ] --START--
INFO: Run Behavior\BuildLiteBehavior [ RunTime:0.000032s ]
INFO: [ app_init ] --END-- [ RunTime:0.000718s ]
ERR: æ— æ³•åŠ è½½æ¨¡å—:Public

[ 2017-04-12T01:35:01+08:00 ] ::1 /JgbsGR/Public/plugins/jquery-ui/js/jquery-ui-1.10.4.min.js
INFO: [ app_init ] --START--
INFO: Run Behavior\BuildLiteBehavior [ RunTime:0.000037s ]
INFO: [ app_init ] --END-- [ RunTime:0.000714s ]
ERR: æ— æ³•åŠ è½½æ¨¡å—:Public

[ 2017-04-12T01:35:01+08:00 ] ::1 /JgbsGR/Public/plugins/magnific-popup/js/magnific-popup.js
INFO: [ app_init ] --START--
INFO: Run Behavior\BuildLiteBehavior [ RunTime:0.000030s ]
INFO: [ app_init ] --END-- [ RunTime:0.000549s ]
ERR: æ— æ³•åŠ è½½æ¨¡å—:Public

[ 2017-04-12T01:35:01+08:00 ] ::1 /JgbsGR/Public/plugins/bootkit/js/bootkit.js
INFO: [ app_init ] --START--
INFO: Run Behavior\BuildLiteBehavior [ RunTime:0.000025s ]
INFO: [ app_init ] --END-- [ RunTime:0.000538s ]
ERR: æ— æ³•åŠ è½½æ¨¡å—:Public

[ 2017-04-12T01:35:01+08:00 ] ::1 /JgbsGR/Public/plugins/fullcalendar/js/fullcalendar.js
INFO: [ app_init ] --START--
INFO: Run Behavior\BuildLiteBehavior [ RunTime:0.000030s ]
INFO: [ app_init ] --END-- [ RunTime:0.000621s ]
ERR: æ— æ³•åŠ è½½æ¨¡å—:Public

[ 2017-04-12T01:35:01+08:00 ] ::1 /JgbsGR/Public/plugins/scrollbar/js/jquery.mCustomScrollbar.concat.min.js
INFO: [ app_init ] --START--
INFO: Run Behavior\BuildLiteBehavior [ RunTime:0.000029s ]
INFO: [ app_init ] --END-- [ RunTime:0.000696s ]
ERR: æ— æ³•åŠ è½½æ¨¡å—:Public

[ 2017-04-12T01:35:01+08:00 ] ::1 /JgbsGR/Public/plugins/flot/js/jquery.flot.min.js
INFO: [ app_init ] --START--
INFO: Run Behavior\BuildLiteBehavior [ RunTime:0.000026s ]
INFO: [ app_init ] --END-- [ RunTime:0.001162s ]
ERR: æ— æ³•åŠ è½½æ¨¡å—:Public

[ 2017-04-12T01:35:01+08:00 ] ::1 /JgbsGR/Public/plugins/moment/js/moment.min.js
INFO: [ app_init ] --START--
INFO: Run Behavior\BuildLiteBehavior [ RunTime:0.000027s ]
INFO: [ app_init ] --END-- [ RunTime:0.000613s ]
ERR: æ— æ³•åŠ è½½æ¨¡å—:Public

[ 2017-04-12T01:35:01+08:00 ] ::1 /JgbsGR/Public/plugins/flot-tooltip/js/jquery.flot.tooltip.js
INFO: [ app_init ] --START--
INFO: Run Behavior\BuildLiteBehavior [ RunTime:0.000025s ]
INFO: [ app_init ] --END-- [ RunTime:0.001539s ]
ERR: æ— æ³•åŠ è½½æ¨¡å—:Public

[ 2017-04-12T01:35:01+08:00 ] ::1 /JgbsGR/Public/plugins/flot/js/jquery.flot.resize.min.js
INFO: [ app_init ] --START--
INFO: Run Behavior\BuildLiteBehavior [ RunTime:0.000024s ]
INFO: [ app_init ] --END-- [ RunTime:0.000574s ]
ERR: æ— æ³•åŠ è½½æ¨¡å—:Public

[ 2017-04-12T01:35:01+08:00 ] ::1 /JgbsGR/Public/plugins/chart-master/js/Chart.js
INFO: [ app_init ] --START--
INFO: Run Behavior\BuildLiteBehavior [ RunTime:0.000022s ]
INFO: [ app_init ] --END-- [ RunTime:0.000524s ]
ERR: æ— æ³•åŠ è½½æ¨¡å—:Public

[ 2017-04-12T01:35:01+08:00 ] ::1 /JgbsGR/Public/plugins/flot/js/jquery.flot.pie.min.js
INFO: [ app_init ] --START--
INFO: Run Behavior\BuildLiteBehavior [ RunTime:0.000028s ]
INFO: [ app_init ] --END-- [ RunTime:0.000604s ]
ERR: æ— æ³•åŠ è½½æ¨¡å—:Public

[ 2017-04-12T01:35:01+08:00 ] ::1 /JgbsGR/Public/plugins/flot/js/jquery.flot.time.min.js
INFO: [ app_init ] --START--
INFO: Run Behavior\BuildLiteBehavior [ RunTime:0.000026s ]
INFO: [ app_init ] --END-- [ RunTime:0.001371s ]
ERR: æ— æ³•åŠ è½½æ¨¡å—:Public

[ 2017-04-12T01:35:01+08:00 ] ::1 /JgbsGR/Public/plugins/jqvmap/jquery.vmap.js
INFO: [ app_init ] --START--
INFO: Run Behavior\BuildLiteBehavior [ RunTime:0.000030s ]
INFO: [ app_init ] --END-- [ RunTime:0.000569s ]
ERR: æ— æ³•åŠ è½½æ¨¡å—:Public

[ 2017-04-12T01:35:01+08:00 ] ::1 /JgbsGR/Public/plugins/sparkline/js/jquery.sparkline.min.js
INFO: [ app_init ] --START--
INFO: Run Behavior\BuildLiteBehavior [ RunTime:0.000024s ]
INFO: [ app_init ] --END-- [ RunTime:0.000562s ]
ERR: æ— æ³•åŠ è½½æ¨¡å—:Public

[ 2017-04-12T01:35:01+08:00 ] ::1 /JgbsGR/Public/plugins/jqvmap/data/jquery.vmap.sampledata.js
INFO: [ app_init ] --START--
INFO: Run Behavior\BuildLiteBehavior [ RunTime:0.000028s ]
INFO: [ app_init ] --END-- [ RunTime:0.000677s ]
ERR: æ— æ³•åŠ è½½æ¨¡å—:Public

[ 2017-04-12T01:35:01+08:00 ] ::1 /JgbsGR/Public/plugins/flot/js/jquery.flot.stack.min.js
INFO: [ app_init ] --START--
INFO: Run Behavior\BuildLiteBehavior [ RunTime:0.000033s ]
INFO: [ app_init ] --END-- [ RunTime:0.000793s ]
ERR: æ— æ³•åŠ è½½æ¨¡å—:Public

[ 2017-04-12T01:35:02+08:00 ] ::1 /JgbsGR/Public/plugins/jquery-ui/js/jquery-ui-1.10.4.min.js
INFO: [ app_init ] --START--
INFO: Run Behavior\BuildLiteBehavior [ RunTime:0.000033s ]
INFO: [ app_init ] --END-- [ RunTime:0.000797s ]
ERR: æ— æ³•åŠ è½½æ¨¡å—:Public

[ 2017-04-12T01:35:02+08:00 ] ::1 /JgbsGR/Public/plugins/scrollbar/js/jquery.mCustomScrollbar.concat.min.js
INFO: [ app_init ] --START--
INFO: Run Behavior\BuildLiteBehavior [ RunTime:0.000039s ]
INFO: [ app_init ] --END-- [ RunTime:0.000908s ]
ERR: æ— æ³•åŠ è½½æ¨¡å—:Public

[ 2017-04-12T01:35:02+08:00 ] ::1 /JgbsGR/Public/plugins/bootkit/js/bootkit.js
INFO: [ app_init ] --START--
INFO: Run Behavior\BuildLiteBehavior [ RunTime:0.000293s ]
INFO: [ app_init ] --END-- [ RunTime:0.001397s ]
ERR: æ— æ³•åŠ è½½æ¨¡å—:Public

[ 2017-04-12T01:35:02+08:00 ] ::1 /JgbsGR/Public/plugins/magnific-popup/js/magnific-popup.js
INFO: [ app_init ] --START--
INFO: Run Behavior\BuildLiteBehavior [ RunTime:0.000022s ]
INFO: [ app_init ] --END-- [ RunTime:0.000600s ]
ERR: æ— æ³•åŠ è½½æ¨¡å—:Public

[ 2017-04-12T01:35:02+08:00 ] ::1 /JgbsGR/Public/plugins/moment/js/moment.min.js
INFO: [ app_init ] --START--
INFO: Run Behavior\BuildLiteBehavior [ RunTime:0.000037s ]
INFO: [ app_init ] --END-- [ RunTime:0.000890s ]
ERR: æ— æ³•åŠ è½½æ¨¡å—:Public

[ 2017-04-12T01:35:02+08:00 ] ::1 /JgbsGR/Public/plugins/fullcalendar/js/fullcalendar.js
INFO: [ app_init ] --START--
INFO: Run Behavior\BuildLiteBehavior [ RunTime:0.000033s ]
INFO: [ app_init ] --END-- [ RunTime:0.000774s ]
ERR: æ— æ³•åŠ è½½æ¨¡å—:Public

[ 2017-04-12T01:35:02+08:00 ] ::1 /JgbsGR/Public/plugins/flot/js/jquery.flot.min.js
INFO: [ app_init ] --START--
INFO: Run Behavior\BuildLiteBehavior [ RunTime:0.000068s ]
INFO: [ app_init ] --END-- [ RunTime:0.001276s ]
ERR: æ— æ³•åŠ è½½æ¨¡å—:Public

[ 2017-04-12T01:35:02+08:00 ] ::1 /JgbsGR/Public/plugins/flot/js/jquery.flot.pie.min.js
INFO: [ app_init ] --START--
INFO: Run Behavior\BuildLiteBehavior [ RunTime:0.000033s ]
INFO: [ app_init ] --END-- [ RunTime:0.000798s ]
ERR: æ— æ³•åŠ è½½æ¨¡å—:Public

[ 2017-04-12T01:35:02+08:00 ] ::1 /JgbsGR/Public/plugins/flot/js/jquery.flot.resize.min.js
INFO: [ app_init ] --START--
INFO: Run Behavior\BuildLiteBehavior [ RunTime:0.000036s ]
INFO: [ app_init ] --END-- [ RunTime:0.000878s ]
ERR: æ— æ³•åŠ è½½æ¨¡å—:Public

[ 2017-04-12T01:35:02+08:00 ] ::1 /JgbsGR/Public/plugins/flot/js/jquery.flot.stack.min.js
INFO: [ app_init ] --START--
INFO: Run Behavior\BuildLiteBehavior [ RunTime:0.000037s ]
INFO: [ app_init ] --END-- [ RunTime:0.000964s ]
ERR: æ— æ³•åŠ è½½æ¨¡å—:Public

[ 2017-04-12T01:35:02+08:00 ] ::1 /JgbsGR/Public/plugins/flot/js/jquery.flot.time.min.js
INFO: [ app_init ] --START--
INFO: Run Behavior\BuildLiteBehavior [ RunTime:0.000036s ]
INFO: [ app_init ] --END-- [ RunTime:0.000823s ]
ERR: æ— æ³•åŠ è½½æ¨¡å—:Public

[ 2017-04-12T01:35:02+08:00 ] ::1 /JgbsGR/Public/plugins/flot-tooltip/js/jquery.flot.tooltip.js
INFO: [ app_init ] --START--
INFO: Run Behavior\BuildLiteBehavior [ RunTime:0.000037s ]
INFO: [ app_init ] --END-- [ RunTime:0.000872s ]
ERR: æ— æ³•åŠ è½½æ¨¡å—:Public

[ 2017-04-12T01:35:02+08:00 ] ::1 /JgbsGR/Public/plugins/chart-master/js/Chart.js
INFO: [ app_init ] --START--
INFO: Run Behavior\BuildLiteBehavior [ RunTime:0.000033s ]
INFO: [ app_init ] --END-- [ RunTime:0.000738s ]
ERR: æ— æ³•åŠ è½½æ¨¡å—:Public

[ 2017-04-12T01:35:02+08:00 ] ::1 /JgbsGR/Public/plugins/jqvmap/jquery.vmap.js
INFO: [ app_init ] --START--
INFO: Run Behavior\BuildLiteBehavior [ RunTime:0.000075s ]
INFO: [ app_init ] --END-- [ RunTime:0.001679s ]
ERR: æ— æ³•åŠ è½½æ¨¡å—:Public

[ 2017-04-12T01:35:02+08:00 ] ::1 /JgbsGR/Public/plugins/jqvmap/data/jquery.vmap.sampledata.js
INFO: [ app_init ] --START--
INFO: Run Behavior\BuildLiteBehavior [ RunTime:0.000031s ]
INFO: [ app_init ] --END-- [ RunTime:0.000765s ]
ERR: æ— æ³•åŠ è½½æ¨¡å—:Public

[ 2017-04-12T01:35:02+08:00 ] ::1 /JgbsGR/Public/plugins/jqvmap/maps/jquery.vmap.world.js
INFO: [ app_init ] --START--
INFO: Run Behavior\BuildLiteBehavior [ RunTime:0.000037s ]
INFO: [ app_init ] --END-- [ RunTime:0.000867s ]
ERR: æ— æ³•åŠ è½½æ¨¡å—:Public

[ 2017-04-12T01:35:02+08:00 ] ::1 /JgbsGR/Public/plugins/sparkline/js/jquery.sparkline.min.js
INFO: [ app_init ] --START--
INFO: Run Behavior\BuildLiteBehavior [ RunTime:0.000017s ]
INFO: [ app_init ] --END-- [ RunTime:0.000465s ]
ERR: æ— æ³•åŠ è½½æ¨¡å—:Public

[ 2017-04-12T01:37:09+08:00 ] ::1 /JgbsGR/Public/plugins/fullcalendar/css/fullcalendar.css
INFO: [ app_init ] --START--
INFO: Run Behavior\BuildLiteBehavior [ RunTime:0.000032s ]
INFO: [ app_init ] --END-- [ RunTime:0.000580s ]
ERR: æ— æ³•åŠ è½½æ¨¡å—:Public

[ 2017-04-12T01:37:09+08:00 ] ::1 /JgbsGR/Public/plugins/bootkit/css/bootkit.css
INFO: [ app_init ] --START--
INFO: Run Behavior\BuildLiteBehavior [ RunTime:0.000031s ]
INFO: [ app_init ] --END-- [ RunTime:0.000632s ]
ERR: æ— æ³•åŠ è½½æ¨¡å—:Public

[ 2017-04-12T01:37:09+08:00 ] ::1 /JgbsGR/Public/plugins/scrollbar/css/mCustomScrollbar.css
INFO: [ app_init ] --START--
INFO: Run Behavior\BuildLiteBehavior [ RunTime:0.000026s ]
INFO: [ app_init ] --END-- [ RunTime:0.000643s ]
ERR: æ— æ³•åŠ è½½æ¨¡å—:Public

[ 2017-04-12T01:37:09+08:00 ] ::1 /JgbsGR/Public/plugins/modernizr/js/modernizr.js
INFO: [ app_init ] --START--
INFO: Run Behavior\BuildLiteBehavior [ RunTime:0.000028s ]
INFO: [ app_init ] --END-- [ RunTime:0.000580s ]
ERR: æ— æ³•åŠ è½½æ¨¡å—:Public

[ 2017-04-12T01:37:09+08:00 ] ::1 /JgbsGR/Public/plugins/jqvmap/jqvmap.css
INFO: [ app_init ] --START--
INFO: Run Behavior\BuildLiteBehavior [ RunTime:0.000027s ]
INFO: [ app_init ] --END-- [ RunTime:0.000622s ]
ERR: æ— æ³•åŠ è½½æ¨¡å—:Public

[ 2017-04-12T01:37:09+08:00 ] ::1 /JgbsGR/Public/plugins/jquery-ui/css/jquery-ui-1.10.4.min.css
INFO: [ app_init ] --START--
INFO: Run Behavior\BuildLiteBehavior [ RunTime:0.000030s ]
INFO: [ app_init ] --END-- [ RunTime:0.000567s ]
ERR: æ— æ³•åŠ è½½æ¨¡å—:Public

[ 2017-04-12T01:37:09+08:00 ] ::1 /JgbsGR/Public/plugins/magnific-popup/css/magnific-popup.css
INFO: [ app_init ] --START--
INFO: Run Behavior\BuildLiteBehavior [ RunTime:0.000029s ]
INFO: [ app_init ] --END-- [ RunTime:0.000672s ]
ERR: æ— æ³•åŠ è½½æ¨¡å—:Public

[ 2017-04-12T01:37:09+08:00 ] ::1 /JgbsGR/Public/plugins/magnific-popup/js/magnific-popup.js
INFO: [ app_init ] --START--
INFO: Run Behavior\BuildLiteBehavior [ RunTime:0.000026s ]
INFO: [ app_init ] --END-- [ RunTime:0.000543s ]
ERR: æ— æ³•åŠ è½½æ¨¡å—:Public

[ 2017-04-12T01:37:09+08:00 ] ::1 /JgbsGR/Public/plugins/scrollbar/js/jquery.mCustomScrollbar.concat.min.js
INFO: [ app_init ] --START--
INFO: Run Behavior\BuildLiteBehavior [ RunTime:0.000022s ]
INFO: [ app_init ] --END-- [ RunTime:0.000489s ]
ERR: æ— æ³•åŠ è½½æ¨¡å—:Public

[ 2017-04-12T01:37:09+08:00 ] ::1 /JgbsGR/Public/plugins/moment/js/moment.min.js
INFO: [ app_init ] --START--
INFO: Run Behavior\BuildLiteBehavior [ RunTime:0.000024s ]
INFO: [ app_init ] --END-- [ RunTime:0.000593s ]
ERR: æ— æ³•åŠ è½½æ¨¡å—:Public

[ 2017-04-12T01:37:09+08:00 ] ::1 /JgbsGR/Public/plugins/fullcalendar/js/fullcalendar.js
INFO: [ app_init ] --START--
INFO: Run Behavior\BuildLiteBehavior [ RunTime:0.000029s ]
INFO: [ app_init ] --END-- [ RunTime:0.000584s ]
ERR: æ— æ³•åŠ è½½æ¨¡å—:Public

[ 2017-04-12T01:37:09+08:00 ] ::1 /JgbsGR/Public/plugins/bootkit/js/bootkit.js
INFO: [ app_init ] --START--
INFO: Run Behavior\BuildLiteBehavior [ RunTime:0.000029s ]
INFO: [ app_init ] --END-- [ RunTime:0.000585s ]
ERR: æ— æ³•åŠ è½½æ¨¡å—:Public

[ 2017-04-12T01:37:09+08:00 ] ::1 /JgbsGR/Public/plugins/jquery-ui/js/jquery-ui-1.10.4.min.js
INFO: [ app_init ] --START--
INFO: Run Behavior\BuildLiteBehavior [ RunTime:0.000108s ]
INFO: [ app_init ] --END-- [ RunTime:0.001093s ]
ERR: æ— æ³•åŠ è½½æ¨¡å—:Public

[ 2017-04-12T01:37:09+08:00 ] ::1 /JgbsGR/Public/plugins/flot/js/jquery.flot.resize.min.js
INFO: [ app_init ] --START--
INFO: Run Behavior\BuildLiteBehavior [ RunTime:0.000043s ]
INFO: [ app_init ] --END-- [ RunTime:0.000589s ]
ERR: æ— æ³•åŠ è½½æ¨¡å—:Public

[ 2017-04-12T01:37:09+08:00 ] ::1 /JgbsGR/Public/plugins/flot/js/jquery.flot.min.js
INFO: [ app_init ] --START--
INFO: Run Behavior\BuildLiteBehavior [ RunTime:0.000029s ]
INFO: [ app_init ] --END-- [ RunTime:0.000591s ]
ERR: æ— æ³•åŠ è½½æ¨¡å—:Public

[ 2017-04-12T01:37:09+08:00 ] ::1 /JgbsGR/Public/plugins/flot/js/jquery.flot.pie.min.js
INFO: [ app_init ] --START--
INFO: Run Behavior\BuildLiteBehavior [ RunTime:0.000030s ]
INFO: [ app_init ] --END-- [ RunTime:0.000640s ]
ERR: æ— æ³•åŠ è½½æ¨¡å—:Public

[ 2017-04-12T01:37:09+08:00 ] ::1 /JgbsGR/Public/plugins/flot/js/jquery.flot.stack.min.js
INFO: [ app_init ] --START--
INFO: Run Behavior\BuildLiteBehavior [ RunTime:0.000028s ]
INFO: [ app_init ] --END-- [ RunTime:0.000586s ]
ERR: æ— æ³•åŠ è½½æ¨¡å—:Public

[ 2017-04-12T01:37:09+08:00 ] ::1 /JgbsGR/Public/plugins/flot-tooltip/js/jquery.flot.tooltip.js
INFO: [ app_init ] --START--
INFO: Run Behavior\BuildLiteBehavior [ RunTime:0.000030s ]
INFO: [ app_init ] --END-- [ RunTime:0.000595s ]
ERR: æ— æ³•åŠ è½½æ¨¡å—:Public

[ 2017-04-12T01:37:09+08:00 ] ::1 /JgbsGR/Public/plugins/jqvmap/jquery.vmap.js
INFO: [ app_init ] --START--
INFO: Run Behavior\BuildLiteBehavior [ RunTime:0.000029s ]
INFO: [ app_init ] --END-- [ RunTime:0.000586s ]
ERR: æ— æ³•åŠ è½½æ¨¡å—:Public

[ 2017-04-12T01:37:09+08:00 ] ::1 /JgbsGR/Public/plugins/chart-master/js/Chart.js
INFO: [ app_init ] --START--
INFO: Run Behavior\BuildLiteBehavior [ RunTime:0.000028s ]
INFO: [ app_init ] --END-- [ RunTime:0.000627s ]
ERR: æ— æ³•åŠ è½½æ¨¡å—:Public

[ 2017-04-12T01:37:09+08:00 ] ::1 /JgbsGR/Public/plugins/flot/js/jquery.flot.time.min.js
INFO: [ app_init ] --START--
INFO: Run Behavior\BuildLiteBehavior [ RunTime:0.000025s ]
INFO: [ app_init ] --END-- [ RunTime:0.000568s ]
ERR: æ— æ³•åŠ è½½æ¨¡å—:Public

[ 2017-04-12T01:37:09+08:00 ] ::1 /JgbsGR/Public/plugins/jqvmap/data/jquery.vmap.sampledata.js
INFO: [ app_init ] --START--
INFO: Run Behavior\BuildLiteBehavior [ RunTime:0.000026s ]
INFO: [ app_init ] --END-- [ RunTime:0.000568s ]
ERR: æ— æ³•åŠ è½½æ¨¡å—:Public

[ 2017-04-12T01:37:09+08:00 ] ::1 /JgbsGR/Public/plugins/jqvmap/maps/jquery.vmap.world.js
INFO: [ app_init ] --START--
INFO: Run Behavior\BuildLiteBehavior [ RunTime:0.000023s ]
INFO: [ app_init ] --END-- [ RunTime:0.000553s ]
ERR: æ— æ³•åŠ è½½æ¨¡å—:Public



[ 2017-04-12T01:37:09+08:00 ] ::1 /JgbsGR/Public/plugins/scrollbar/js/jquery.mCustomScrollbar.concat.min.js
INFO: [ app_init ] --START--
INFO: Run Behavior\BuildLiteBehavior [ RunTime:0.000117s ]
INFO: [ app_init ] --END-- [ RunTime:0.002005s ]
ERR: æ— æ³•åŠ è½½æ¨¡å—:Public

[ 2017-04-12T01:37:09+08:00 ] ::1 /JgbsGR/Public/plugins/bootkit/js/bootkit.js
INFO: [ app_init ] --START--
INFO: Run Behavior\BuildLiteBehavior [ RunTime:0.000019s ]
INFO: [ app_init ] --END-- [ RunTime:0.000451s ]
ERR: æ— æ³•åŠ è½½æ¨¡å—:Public

[ 2017-04-12T01:37:09+08:00 ] ::1 /JgbsGR/Public/plugins/magnific-popup/js/magnific-popup.js
INFO: [ app_init ] --START--
INFO: Run Behavior\BuildLiteBehavior [ RunTime:0.000019s ]
INFO: [ app_init ] --END-- [ RunTime:0.000469s ]
ERR: æ— æ³•åŠ è½½æ¨¡å—:Public

[ 2017-04-12T01:37:09+08:00 ] ::1 /JgbsGR/Public/plugins/moment/js/moment.min.js
INFO: [ app_init ] --START--
INFO: Run Behavior\BuildLiteBehavior [ RunTime:0.000019s ]
INFO: [ app_init ] --END-- [ RunTime:0.000447s ]
ERR: æ— æ³•åŠ è½½æ¨¡å—:Public

[ 2017-04-12T01:37:09+08:00 ] ::1 /JgbsGR/Public/plugins/fullcalendar/js/fullcalendar.js
INFO: [ app_init ] --START--
INFO: Run Behavior\BuildLiteBehavior [ RunTime:0.000030s ]
INFO: [ app_init ] --END-- [ RunTime:0.000868s ]
ERR: æ— æ³•åŠ è½½æ¨¡å—:Public

[ 2017-04-12T01:37:09+08:00 ] ::1 /JgbsGR/Public/plugins/flot/js/jquery.flot.min.js
INFO: [ app_init ] --START--
INFO: Run Behavior\BuildLiteBehavior [ RunTime:0.000031s ]
INFO: [ app_init ] --END-- [ RunTime:0.000697s ]
ERR: æ— æ³•åŠ è½½æ¨¡å—:Public

[ 2017-04-12T01:37:09+08:00 ] ::1 /JgbsGR/Public/plugins/flot/js/jquery.flot.pie.min.js
INFO: [ app_init ] --START--
INFO: Run Behavior\BuildLiteBehavior [ RunTime:0.000032s ]
INFO: [ app_init ] --END-- [ RunTime:0.000603s ]
ERR: æ— æ³•åŠ è½½æ¨¡å—:Public

[ 2017-04-12T01:37:09+08:00 ] ::1 /JgbsGR/Public/plugins/flot/js/jquery.flot.resize.min.js
INFO: [ app_init ] --START--
INFO: Run Behavior\BuildLiteBehavior [ RunTime:0.000038s ]
INFO: [ app_init ] --END-- [ RunTime:0.000825s ]
ERR: æ— æ³•åŠ è½½æ¨¡å—:Public

[ 2017-04-12T01:37:09+08:00 ] ::1 /JgbsGR/Public/plugins/flot/js/jquery.flot.stack.min.js
INFO: [ app_init ] --START--
INFO: Run Behavior\BuildLiteBehavior [ RunTime:0.000020s ]
INFO: [ app_init ] --END-- [ RunTime:0.000436s ]
ERR: æ— æ³•åŠ è½½æ¨¡å—:Public

[ 2017-04-12T01:37:09+08:00 ] ::1 /JgbsGR/Public/plugins/flot/js/jquery.flot.time.min.js
INFO: [ app_init ] --START--
INFO: Run Behavior\BuildLiteBehavior [ RunTime:0.000019s ]
INFO: [ app_init ] --END-- [ RunTime:0.000449s ]
ERR: æ— æ³•åŠ è½½æ¨¡å—:Public

[ 2017-04-12T01:37:09+08:00 ] ::1 /JgbsGR/Public/plugins/flot-tooltip/js/jquery.flot.tooltip.js
INFO: [ app_init ] --START--
INFO: Run Behavior\BuildLiteBehavior [ RunTime:0.000030s ]
INFO: [ app_init ] --END-- [ RunTime:0.000668s ]
ERR: æ— æ³•åŠ è½½æ¨¡å—:Public

[ 2017-04-12T01:37:09+08:00 ] ::1 /JgbsGR/Public/plugins/chart-master/js/Chart.js
INFO: [ app_init ] --START--
INFO: Run Behavior\BuildLiteBehavior [ RunTime:0.000030s ]
INFO: [ app_init ] --END-- [ RunTime:0.000667s ]
ERR: æ— æ³•åŠ è½½æ¨¡å—:Public

[ 2017-04-12T01:37:10+08:00 ] ::1 /JgbsGR/Public/plugins/jqvmap/jquery.vmap.js
INFO: [ app_init ] --START--
INFO: Run Behavior\BuildLiteBehavior [ RunTime:0.000031s ]
INFO: [ app_init ] --END-- [ RunTime:0.000825s ]
ERR: æ— æ³•åŠ è½½æ¨¡å—:Public

[ 2017-04-12T01:37:10+08:00 ] ::1 /JgbsGR/Public/plugins/jqvmap/data/jquery.vmap.sampledata.js
INFO: [ app_init ] --START--
INFO: Run Behavior\BuildLiteBehavior [ RunTime:0.000019s ]
INFO: [ app_init ] --END-- [ RunTime:0.000606s ]
ERR: æ— æ³•åŠ è½½æ¨¡å—:Public

[ 2017-04-12T01:37:10+08:00 ] ::1 /JgbsGR/Public/plugins/jqvmap/maps/jquery.vmap.world.js
INFO: [ app_init ] --START--
INFO: Run Behavior\BuildLiteBehavior [ RunTime:0.000033s ]
INFO: [ app_init ] --END-- [ RunTime:0.000672s ]
ERR: æ— æ³•åŠ è½½æ¨¡å—:Public

[ 2017-04-12T01:37:10+08:00 ] ::1 /JgbsGR/Public/plugins/sparkline/js/jquery.sparkline.min.js
INFO: [ app_init ] --START--
INFO: Run Behavior\BuildLiteBehavior [ RunTime:0.000032s ]
INFO: [ app_init ] --END-- [ RunTime:0.000674s ]
ERR: æ— æ³•åŠ è½½æ¨¡å—:Public

[ 2017-04-12T01:41:41+08:00 ] ::1 /JgbsGR/Public/plugins/jqvmap/jqvmap.css
INFO: [ app_init ] --START--
INFO: Run Behavior\BuildLiteBehavior [ RunTime:0.000028s ]
INFO: [ app_init ] --END-- [ RunTime:0.000612s ]
ERR: æ— æ³•åŠ è½½æ¨¡å—:Public

[ 2017-04-12T01:41:41+08:00 ] ::1 /JgbsGR/Public/plugins/magnific-popup/css/magnific-popup.css
INFO: [ app_init ] --START--
INFO: Run Behavior\BuildLiteBehavior [ RunTime:0.000028s ]
INFO: [ app_init ] --END-- [ RunTime:0.000596s ]
ERR: æ— æ³•åŠ è½½æ¨¡å—:Public

[ 2017-04-12T01:41:41+08:00 ] ::1 /JgbsGR/Public/plugins/modernizr/js/modernizr.js
INFO: [ app_init ] --START--
INFO: Run Behavior\BuildLiteBehavior [ RunTime:0.000033s ]
INFO: [ app_init ] --END-- [ RunTime:0.000675s ]
ERR: æ— æ³•åŠ è½½æ¨¡å—:Public

[ 2017-04-12T02:07:59+08:00 ] 127.0.0.1 /Public/plugins/modernizr/js/modernizr.js
INFO: [ app_init ] --START--
INFO: Run Behavior\BuildLiteBehavior [ RunTime:0.000028s ]
INFO: [ app_init ] --END-- [ RunTime:0.000494s ]
ERR: æ— æ³•åŠ è½½æ¨¡å—:Public

[ 2017-04-12T02:07:59+08:00 ] 127.0.0.1 /Public/plugins/bootkit/js/bootkit.js
INFO: [ app_init ] --START--
INFO: Run Behavior\BuildLiteBehavior [ RunTime:0.000028s ]
INFO: [ app_init ] --END-- [ RunTime:0.000581s ]
ERR: æ— æ³•åŠ è½½æ¨¡å—:Public

[ 2017-04-12T02:08:00+08:00 ] 127.0.0.1 /Public/plugins/bootkit/js/bootkit.js
INFO: [ app_init ] --START--
INFO: Run Behavior\BuildLiteBehavior [ RunTime:0.000017s ]
INFO: [ app_init ] --END-- [ RunTime:0.000322s ]
ERR: æ— æ³•åŠ è½½æ¨¡å—:Public

[ 2017-04-12T02:08:00+08:00 ] 127.0.0.1 /Public/ico/favicon.ico
INFO: [ app_init ] --START--
INFO: Run Behavior\BuildLiteBehavior [ RunTime:0.000019s ]
INFO: [ app_init ] --END-- [ RunTime:0.000337s ]
ERR: æ— æ³•åŠ è½½æ¨¡å—:Public

[ 2017-04-12T02:08:37+08:00 ] 127.0.0.1 /Public/plugins/bootkit/css/bootkit.css
INFO: [ app_init ] --START--
INFO: Run Behavior\BuildLiteBehavior [ RunTime:0.000030s ]
INFO: [ app_init ] --END-- [ RunTime:0.000501s ]
ERR: æ— æ³•åŠ è½½æ¨¡å—:Public

[ 2017-04-12T02:08:37+08:00 ] 127.0.0.1 /Public/plugins/modernizr/js/modernizr.js
INFO: [ app_init ] --START--
INFO: Run Behavior\BuildLiteBehavior [ RunTime:0.000027s ]
INFO: [ app_init ] --END-- [ RunTime:0.000566s ]
ERR: æ— æ³•åŠ è½½æ¨¡å—:Public

[ 2017-04-12T02:08:37+08:00 ] 127.0.0.1 /Public/plugins/bootkit/js/bootkit.js
INFO: [ app_init ] --START--
INFO: Run Behavior\BuildLiteBehavior [ RunTime:0.000017s ]
INFO: [ app_init ] --END-- [ RunTime:0.000333s ]
ERR: æ— æ³•åŠ è½½æ¨¡å—:Public

[ 2017-04-12T22:49:06+08:00 ] 127.0.0.1 /Public/plugins/bootkit/css/bootkit.css
INFO: [ app_init ] --START--
INFO: Run Behavior\BuildLiteBehavior [ RunTime:0.000030s ]
INFO: [ app_init ] --END-- [ RunTime:0.000504s ]
ERR: æ— æ³•åŠ è½½æ¨¡å—:Public

[ 2017-04-12T22:49:06+08:00 ] 127.0.0.1 /Public/plugins/modernizr/js/modernizr.js
INFO: [ app_init ] --START--
INFO: Run Behavior\BuildLiteBehavior [ RunTime:0.000021s ]
INFO: [ app_init ] --END-- [ RunTime:0.000546s ]
ERR: æ— æ³•åŠ è½½æ¨¡å—:Public

[ 2017-04-12T22:49:06+08:00 ] 127.0.0.1 /Public/plugins/bootkit/js/bootkit.js
INFO: [ app_init ] --START--
INFO: Run Behavior\BuildLiteBehavior [ RunTime:0.000026s ]
INFO: [ app_init ] --END-- [ RunTime:0.000487s ]
ERR: æ— æ³•åŠ è½½æ¨¡å—:Public

[ 2017-04-12T22:49:06+08:00 ] 127.0.0.1 /Public/ico/favicon.ico
INFO: [ app_init ] --START--
INFO: Run Behavior\BuildLiteBehavior [ RunTime:0.000016s ]
INFO: [ app_init ] --END-- [ RunTime:0.000315s ]
ERR: æ— æ³•åŠ è½½æ¨¡å—:Public

[ 2017-04-12T22:56:15+08:00 ] 127.0.0.1 /Public/plugins/bootkit/css/bootkit.css
INFO: [ app_init ] --START--
INFO: Run Behavior\BuildLiteBehavior [ RunTime:0.000021s ]
INFO: [ app_init ] --END-- [ RunTime:0.000423s ]
ERR: æ— æ³•åŠ è½½æ¨¡å—:Public

[ 2017-04-12T22:56:15+08:00 ] 127.0.0.1 /Public/vendor/bootstrap/css/bootstrap.css.map
INFO: [ app_init ] --START--
INFO: Run Behavior\BuildLiteBehavior [ RunTime:0.000018s ]
INFO: [ app_init ] --END-- [ RunTime:0.000351s ]
ERR: æ— æ³•åŠ è½½æ¨¡å—:Public

[ 2017-04-12T22:59:52+08:00 ] 127.0.0.1 /Public/plugins/modernizr/js/modernizr.js
INFO: [ app_init ] --START--
INFO: Run Behavior\BuildLiteBehavior [ RunTime:0.000043s ]
INFO: [ app_init ] --END-- [ RunTime:0.000824s ]
ERR: æ— æ³•åŠ è½½æ¨¡å—:Public

[ 2017-04-12T22:59:52+08:00 ] 127.0.0.1 /Public/plugins/bootkit/js/bootkit.js
INFO: [ app_init ] --START--
INFO: Run Behavior\BuildLiteBehavior [ RunTime:0.000025s ]
INFO: [ app_init ] --END-- [ RunTime:0.000466s ]
ERR: æ— æ³•åŠ è½½æ¨¡å—:Public

[ 2017-04-12T22:59:52+08:00 ] 127.0.0.1 /Public/plugins/bootkit/css/bootkit.css
INFO: [ app_init ] --START--
INFO: Run Behavior\BuildLiteBehavior [ RunTime:0.000030s ]
INFO: [ app_init ] --END-- [ RunTime:0.000675s ]
ERR: æ— æ³•åŠ è½½æ¨¡å—:Public

[ 2017-04-12T22:59:53+08:00 ] 127.0.0.1 /Public/plugins/bootkit/js/bootkit.js
INFO: [ app_init ] --START--
INFO: Run Behavior\BuildLiteBehavior [ RunTime:0.000018s ]
INFO: [ app_init ] --END-- [ RunTime:0.000356s ]
ERR: æ— æ³•åŠ è½½æ¨¡å—:Public

[ 2017-04-12T22:59:53+08:00 ] 127.0.0.1 /Public/vendor/bootstrap/css/bootstrap.css.map
INFO: [ app_init ] --START--
INFO: Run Behavior\BuildLiteBehavior [ RunTime:0.000028s ]
INFO: [ app_init ] --END-- [ RunTime:0.000523s ]
ERR: æ— æ³•åŠ è½½æ¨¡å—:Public

[ 2017-04-12T22:59:58+08:00 ] 127.0.0.1 /Public/plugins/bootkit/css/bootkit.css
INFO: [ app_init ] --START--
INFO: Run Behavior\BuildLiteBehavior [ RunTime:0.000052s ]
INFO: [ app_init ] --END-- [ RunTime:0.000708s ]
ERR: æ— æ³•åŠ è½½æ¨¡å—:Public

[ 2017-04-12T22:59:58+08:00 ] 127.0.0.1 /Public/plugins/modernizr/js/modernizr.js
INFO: [ app_init ] --START--
INFO: Run Behavior\BuildLiteBehavior [ RunTime:0.000034s ]
INFO: [ app_init ] --END-- [ RunTime:0.000660s ]
ERR: æ— æ³•åŠ è½½æ¨¡å—:Public

[ 2017-04-12T22:59:58+08:00 ] 127.0.0.1 /Public/plugins/bootkit/js/bootkit.js
INFO: [ app_init ] --START--
INFO: Run Behavior\BuildLiteBehavior [ RunTime:0.000034s ]
INFO: [ app_init ] --END-- [ RunTime:0.000640s ]
ERR: æ— æ³•åŠ è½½æ¨¡å—:Public

[ 2017-04-12T22:59:58+08:00 ] 127.0.0.1 /Public/vendor/bootstrap/css/bootstrap.css.map
INFO: [ app_init ] --START--
INFO: Run Behavior\BuildLiteBehavior [ RunTime:0.000046s ]
INFO: [ app_init ] --END-- [ RunTime:0.000723s ]
ERR: æ— æ³•åŠ è½½æ¨¡å—:Public

[ 2017-04-12T23:00:17+08:00 ] 127.0.0.1 /Public/plugins/bootkit/css/bootkit.css
INFO: [ app_init ] --START--
INFO: Run Behavior\BuildLiteBehavior [ RunTime:0.000029s ]
INFO: [ app_init ] --END-- [ RunTime:0.000512s ]
ERR: æ— æ³•åŠ è½½æ¨¡å—:Public

[ 2017-04-12T23:00:17+08:00 ] 127.0.0.1 /Public/plugins/modernizr/js/modernizr.js
INFO: [ app_init ] --START--
INFO: Run Behavior\BuildLiteBehavior [ RunTime:0.000027s ]
INFO: [ app_init ] --END-- [ RunTime:0.000497s ]
ERR: æ— æ³•åŠ è½½æ¨¡å—:Public

[ 2017-04-12T23:00:17+08:00 ] 127.0.0.1 /Public/plugins/bootkit/js/bootkit.js
INFO: [ app_init ] --START--
INFO: Run Behavior\BuildLiteBehavior [ RunTime:0.000039s ]
INFO: [ app_init ] --END-- [ RunTime:0.000822s ]
ERR: æ— æ³•åŠ è½½æ¨¡å—:Public

[ 2017-04-12T23:00:17+08:00 ] 127.0.0.1 /Public/vendor/bootstrap/css/bootstrap.css.map
INFO: [ app_init ] --START--
INFO: Run Behavior\BuildLiteBehavior [ RunTime:0.000052s ]
INFO: [ app_init ] --END-- [ RunTime:0.000579s ]
ERR: æ— æ³•åŠ è½½æ¨¡å—:Public

[ 2017-04-12T23:00:31+08:00 ] 127.0.0.1 /Public/plugins/bootkit/css/bootkit.css
INFO: [ app_init ] --START--
INFO: Run Behavior\BuildLiteBehavior [ RunTime:0.000038s ]
INFO: [ app_init ] --END-- [ RunTime:0.001015s ]
ERR: æ— æ³•åŠ è½½æ¨¡å—:Public

[ 2017-04-12T23:00:31+08:00 ] 127.0.0.1 /Public/plugins/modernizr/js/modernizr.js
INFO: [ app_init ] --START--
INFO: Run Behavior\BuildLiteBehavior [ RunTime:0.000036s ]
INFO: [ app_init ] --END-- [ RunTime:0.000645s ]
ERR: æ— æ³•åŠ è½½æ¨¡å—:Public

[ 2017-04-12T23:00:31+08:00 ] 127.0.0.1 /Public/plugins/bootkit/js/bootkit.js
INFO: [ app_init ] --START--
INFO: Run Behavior\BuildLiteBehavior [ RunTime:0.000055s ]
INFO: [ app_init ] --END-- [ RunTime:0.001433s ]
ERR: æ— æ³•åŠ è½½æ¨¡å—:Public

[ 2017-04-12T23:00:31+08:00 ] 127.0.0.1 /Public/vendor/bootstrap/css/bootstrap.css.map
INFO: [ app_init ] --START--
INFO: Run Behavior\BuildLiteBehavior [ RunTime:0.000034s ]
INFO: [ app_init ] --END-- [ RunTime:0.000967s ]
ERR: æ— æ³•åŠ è½½æ¨¡å—:Public

[ 2017-04-12T23:01:26+08:00 ] 127.0.0.1 /Public/plugins/bootkit/css/bootkit.css
INFO: [ app_init ] --START--
INFO: Run Behavior\BuildLiteBehavior [ RunTime:0.000042s ]
INFO: [ app_init ] --END-- [ RunTime:0.000624s ]
ERR: æ— æ³•åŠ è½½æ¨¡å—:Public

[ 2017-04-12T23:01:26+08:00 ] 127.0.0.1 /Public/plugins/modernizr/js/modernizr.js
INFO: [ app_init ] --START--
INFO: Run Behavior\BuildLiteBehavior [ RunTime:0.000030s ]
INFO: [ app_init ] --END-- [ RunTime:0.000604s ]
ERR: æ— æ³•åŠ è½½æ¨¡å—:Public

[ 2017-04-12T23:01:26+08:00 ] 127.0.0.1 /Public/plugins/bootkit/js/bootkit.js
INFO: [ app_init ] --START--
INFO: Run Behavior\BuildLiteBehavior [ RunTime:0.000030s ]
INFO: [ app_init ] --END-- [ RunTime:0.000596s ]
ERR: æ— æ³•åŠ è½½æ¨¡å—:Public

[ 2017-04-12T23:01:26+08:00 ] 127.0.0.1 /Public/vendor/bootstrap/css/bootstrap.css.map
INFO: [ app_init ] --START--
INFO: Run Behavior\BuildLiteBehavior [ RunTime:0.000050s ]
INFO: [ app_init ] --END-- [ RunTime:0.000745s ]
ERR: æ— æ³•åŠ è½½æ¨¡å—:Public

[ 2017-04-12T23:01:32+08:00 ] 127.0.0.1 /Public/plugins/bootkit/css/bootkit.css
INFO: [ app_init ] --START--
INFO: Run Behavior\BuildLiteBehavior [ RunTime:0.000029s ]
INFO: [ app_init ] --END-- [ RunTime:0.000516s ]
ERR: æ— æ³•åŠ è½½æ¨¡å—:Public

[ 2017-04-12T23:01:32+08:00 ] 127.0.0.1 /Public/plugins/modernizr/js/modernizr.js
INFO: [ app_init ] --START--
INFO: Run Behavior\BuildLiteBehavior [ RunTime:0.000059s ]
INFO: [ app_init ] --END-- [ RunTime:0.001121s ]
ERR: æ— æ³•åŠ è½½æ¨¡å—:Public

[ 2017-04-12T23:01:33+08:00 ] 127.0.0.1 /Public/plugins/bootkit/js/bootkit.js
INFO: [ app_init ] --START--
INFO: Run Behavior\BuildLiteBehavior [ RunTime:0.000032s ]
INFO: [ app_init ] --END-- [ RunTime:0.000626s ]
ERR: æ— æ³•åŠ è½½æ¨¡å—:Public

[ 2017-04-12T23:01:33+08:00 ] 127.0.0.1 /Public/vendor/bootstrap/css/bootstrap.css.map
INFO: [ app_init ] --START--
INFO: Run Behavior\BuildLiteBehavior [ RunTime:0.000018s ]
INFO: [ app_init ] --END-- [ RunTime:0.000364s ]
ERR: æ— æ³•åŠ è½½æ¨¡å—:Public

[ 2017-04-12T23:02:47+08:00 ] 127.0.0.1 /Public/plugins/modernizr/js/modernizr.js
INFO: [ app_init ] --START--
INFO: Run Behavior\BuildLiteBehavior [ RunTime:0.000030s ]
INFO: [ app_init ] --END-- [ RunTime:0.000597s ]
ERR: æ— æ³•åŠ è½½æ¨¡å—:Public

[ 2017-04-12T23:02:47+08:00 ] 127.0.0.1 /Public/plugins/bootkit/js/bootkit.js
INFO: [ app_init ] --START--
INFO: Run Behavior\BuildLiteBehavior [ RunTime:0.000033s ]
INFO: [ app_init ] --END-- [ RunTime:0.000548s ]
ERR: æ— æ³•åŠ è½½æ¨¡å—:Public

[ 2017-04-12T23:02:47+08:00 ] 127.0.0.1 /Public/plugins/bootkit/css/bootkit.css
INFO: [ app_init ] --START--
INFO: Run Behavior\BuildLiteBehavior [ RunTime:0.000034s ]
INFO: [ app_init ] --END-- [ RunTime:0.000588s ]
ERR: æ— æ³•åŠ è½½æ¨¡å—:Public

[ 2017-04-12T23:02:47+08:00 ] 127.0.0.1 /Public/vendor/bootstrap/css/bootstrap.css.map
INFO: [ app_init ] --START--
INFO: Run Behavior\BuildLiteBehavior [ RunTime:0.000029s ]
INFO: [ app_init ] --END-- [ RunTime:0.000556s ]
ERR: æ— æ³•åŠ è½½æ¨¡å—:Public

[ 2017-04-12T23:02:48+08:00 ] 127.0.0.1 /Public/plugins/bootkit/js/bootkit.js
INFO: [ app_init ] --START--
INFO: Run Behavior\BuildLiteBehavior [ RunTime:0.000035s ]
INFO: [ app_init ] --END-- [ RunTime:0.000644s ]
ERR: æ— æ³•åŠ è½½æ¨¡å—:Public

[ 2017-04-12T23:03:29+08:00 ] 127.0.0.1 /Public/plugins/bootkit/css/bootkit.css
INFO: [ app_init ] --START--
INFO: Run Behavior\BuildLiteBehavior [ RunTime:0.000019s ]
INFO: [ app_init ] --END-- [ RunTime:0.000524s ]
ERR: æ— æ³•åŠ è½½æ¨¡å—:Public

[ 2017-04-12T23:03:29+08:00 ] 127.0.0.1 /Public/plugins/modernizr/js/modernizr.js
INFO: [ app_init ] --START--
INFO: Run Behavior\BuildLiteBehavior [ RunTime:0.000034s ]
INFO: [ app_init ] --END-- [ RunTime:0.000833s ]
ERR: æ— æ³•åŠ è½½æ¨¡å—:Public

[ 2017-04-12T23:03:29+08:00 ] 127.0.0.1 /Public/plugins/bootkit/js/bootkit.js
INFO: [ app_init ] --START--
INFO: Run Behavior\BuildLiteBehavior [ RunTime:0.000029s ]
INFO: [ app_init ] --END-- [ RunTime:0.000514s ]
ERR: æ— æ³•åŠ è½½æ¨¡å—:Public

[ 2017-04-12T23:03:29+08:00 ] 127.0.0.1 /Public/vendor/bootstrap/css/bootstrap.css.map
INFO: [ app_init ] --START--
INFO: Run Behavior\BuildLiteBehavior [ RunTime:0.000028s ]
INFO: [ app_init ] --END-- [ RunTime:0.000576s ]
ERR: æ— æ³•åŠ è½½æ¨¡å—:Public

[ 2017-04-12T23:03:29+08:00 ] 127.0.0.1 /Public/plugins/bootkit/js/bootkit.js
INFO: [ app_init ] --START--
INFO: Run Behavior\BuildLiteBehavior [ RunTime:0.000032s ]
INFO: [ app_init ] --END-- [ RunTime:0.000672s ]
ERR: æ— æ³•åŠ è½½æ¨¡å—:Public

[ 2017-04-12T23:06:51+08:00 ] 127.0.0.1 /Public/plugins/bootkit/css/bootkit.css
INFO: [ app_init ] --START--
INFO: Run Behavior\BuildLiteBehavior [ RunTime:0.000051s ]
INFO: [ app_init ] --END-- [ RunTime:0.000690s ]
ERR: æ— æ³•åŠ è½½æ¨¡å—:Public

[ 2017-04-12T23:06:51+08:00 ] 127.0.0.1 /Public/plugins/modernizr/js/modernizr.js
INFO: [ app_init ] --START--
INFO: Run Behavior\BuildLiteBehavior [ RunTime:0.000077s ]
INFO: [ app_init ] --END-- [ RunTime:0.002245s ]
ERR: æ— æ³•åŠ è½½æ¨¡å—:Public

[ 2017-04-12T23:06:51+08:00 ] 127.0.0.1 /Public/plugins/bootkit/js/bootkit.js
INFO: [ app_init ] --START--
INFO: Run Behavior\BuildLiteBehavior [ RunTime:0.000061s ]
INFO: [ app_init ] --END-- [ RunTime:0.000887s ]
ERR: æ— æ³•åŠ è½½æ¨¡å—:Public

[ 2017-04-12T23:06:51+08:00 ] 127.0.0.1 /Public/vendor/bootstrap/css/bootstrap.css.map
INFO: [ app_init ] --START--
INFO: Run Behavior\BuildLiteBehavior [ RunTime:0.000026s ]
INFO: [ app_init ] --END-- [ RunTime:0.000390s ]
ERR: æ— æ³•åŠ è½½æ¨¡å—:Public

[ 2017-04-12T23:08:44+08:00 ] 127.0.0.1 /Public/plugins/bootkit/css/bootkit.css
INFO: [ app_init ] --START--
INFO: Run Behavior\BuildLiteBehavior [ RunTime:0.000035s ]
INFO: [ app_init ] --END-- [ RunTime:0.000567s ]
ERR: æ— æ³•åŠ è½½æ¨¡å—:Public

[ 2017-04-12T23:08:44+08:00 ] 127.0.0.1 /Public/vendor/bootstrap/css/bootstrap.css.map
INFO: [ app_init ] --START--
INFO: Run Behavior\BuildLiteBehavior [ RunTime:0.000028s ]
INFO: [ app_init ] --END-- [ RunTime:0.000527s ]
ERR: æ— æ³•åŠ è½½æ¨¡å—:Public

[ 2017-04-12T23:10:22+08:00 ] 127.0.0.1 /Public/plugins/bootkit/css/bootkit.css
INFO: [ app_init ] --START--
INFO: Run Behavior\BuildLiteBehavior [ RunTime:0.000029s ]
INFO: [ app_init ] --END-- [ RunTime:0.000490s ]
ERR: æ— æ³•åŠ è½½æ¨¡å—:Public

[ 2017-04-12T23:10:22+08:00 ] 127.0.0.1 /Public/plugins/modernizr/js/modernizr.js
INFO: [ app_init ] --START--
INFO: Run Behavior\BuildLiteBehavior [ RunTime:0.000032s ]
INFO: [ app_init ] --END-- [ RunTime:0.000658s ]
ERR: æ— æ³•åŠ è½½æ¨¡å—:Public

[ 2017-04-12T23:10:22+08:00 ] 127.0.0.1 /Public/plugins/bootkit/js/bootkit.js
INFO: [ app_init ] --START--
INFO: Run Behavior\BuildLiteBehavior [ RunTime:0.000018s ]
INFO: [ app_init ] --END-- [ RunTime:0.000348s ]
ERR: æ— æ³•åŠ è½½æ¨¡å—:Public

[ 2017-04-12T23:10:22+08:00 ] 127.0.0.1 /Public/vendor/bootstrap/css/bootstrap.css.map
INFO: [ app_init ] --START--
INFO: Run Behavior\BuildLiteBehavior [ RunTime:0.000018s ]
INFO: [ app_init ] --END-- [ RunTime:0.000340s ]
ERR: æ— æ³•åŠ è½½æ¨¡å—:Public

[ 2017-04-12T23:11:35+08:00 ] 127.0.0.1 /Public/plugins/bootkit/css/bootkit.css
INFO: [ app_init ] --START--
INFO: Run Behavior\BuildLiteBehavior [ RunTime:0.000032s ]
INFO: [ app_init ] --END-- [ RunTime:0.000533s ]
ERR: æ— æ³•åŠ è½½æ¨¡å—:Public

[ 2017-04-12T23:11:35+08:00 ] 127.0.0.1 /Public/plugins/modernizr/js/modernizr.js
INFO: [ app_init ] --START--
INFO: Run Behavior\BuildLiteBehavior [ RunTime:0.000030s ]
INFO: [ app_init ] --END-- [ RunTime:0.000639s ]
ERR: æ— æ³•åŠ è½½æ¨¡å—:Public

[ 2017-04-12T23:11:35+08:00 ] 127.0.0.1 /Public/plugins/bootkit/js/bootkit.js
INFO: [ app_init ] --START--
INFO: Run Behavior\BuildLiteBehavior [ RunTime:0.000029s ]
INFO: [ app_init ] --END-- [ RunTime:0.000751s ]
ERR: æ— æ³•åŠ è½½æ¨¡å—:Public

[ 2017-04-12T23:11:36+08:00 ] 127.0.0.1 /Public/vendor/bootstrap/css/bootstrap.css.map
INFO: [ app_init ] --START--
INFO: Run Behavior\BuildLiteBehavior [ RunTime:0.000018s ]
INFO: [ app_init ] --END-- [ RunTime:0.000346s ]
ERR: æ— æ³•åŠ è½½æ¨¡å—:Public

[ 2017-04-12T23:12:36+08:00 ] 127.0.0.1 /Public/plugins/bootkit/css/bootkit.css
INFO: [ app_init ] --START--
INFO: Run Behavior\BuildLiteBehavior [ RunTime:0.000032s ]
INFO: [ app_init ] --END-- [ RunTime:0.000561s ]
ERR: æ— æ³•åŠ è½½æ¨¡å—:Public

[ 2017-04-12T23:12:36+08:00 ] 127.0.0.1 /Public/plugins/modernizr/js/modernizr.js
INFO: [ app_init ] --START--
INFO: Run Behavior\BuildLiteBehavior [ RunTime:0.000028s ]
INFO: [ app_init ] --END-- [ RunTime:0.000516s ]
ERR: æ— æ³•åŠ è½½æ¨¡å—:Public

[ 2017-04-12T23:12:36+08:00 ] 127.0.0.1 /Public/plugins/bootkit/js/bootkit.js
INFO: [ app_init ] --START--
INFO: Run Behavior\BuildLiteBehavior [ RunTime:0.000028s ]
INFO: [ app_init ] --END-- [ RunTime:0.000520s ]
ERR: æ— æ³•åŠ è½½æ¨¡å—:Public

[ 2017-04-12T23:12:36+08:00 ] 127.0.0.1 /Public/vendor/bootstrap/css/bootstrap.css.map
INFO: [ app_init ] --START--
INFO: Run Behavior\BuildLiteBehavior [ RunTime:0.000031s ]
INFO: [ app_init ] --END-- [ RunTime:0.000582s ]
ERR: æ— æ³•åŠ è½½æ¨¡å—:Public

[ 2017-04-12T23:12:39+08:00 ] 127.0.0.1 /Public/plugins/modernizr/js/modernizr.js
INFO: [ app_init ] --START--
INFO: Run Behavior\BuildLiteBehavior [ RunTime:0.000031s ]
INFO: [ app_init ] --END-- [ RunTime:0.000551s ]
ERR: æ— æ³•åŠ è½½æ¨¡å—:Public

[ 2017-04-12T23:12:39+08:00 ] 127.0.0.1 /Public/plugins/bootkit/css/bootkit.css
INFO: [ app_init ] --START--
INFO: Run Behavior\BuildLiteBehavior [ RunTime:0.000059s ]
INFO: [ app_init ] --END-- [ RunTime:0.000550s ]
ERR: æ— æ³•åŠ è½½æ¨¡å—:Public

[ 2017-04-12T23:12:39+08:00 ] 127.0.0.1 /Public/plugins/bootkit/js/bootkit.js
INFO: [ app_init ] --START--
INFO: Run Behavior\BuildLiteBehavior [ RunTime:0.000032s ]
INFO: [ app_init ] --END-- [ RunTime:0.000555s ]
ERR: æ— æ³•åŠ è½½æ¨¡å—:Public

[ 2017-04-12T23:12:39+08:00 ] 127.0.0.1 /Public/vendor/bootstrap/css/bootstrap.css.map
INFO: [ app_init ] --START--
INFO: Run Behavior\BuildLiteBehavior [ RunTime:0.000018s ]
INFO: [ app_init ] --END-- [ RunTime:0.000339s ]
ERR: æ— æ³•åŠ è½½æ¨¡å—:Public

