[ 2017-05-16T00:31:49+08:00 ] 127.0.0.1 /index.php/Home/index/index.html
INFO: [ app_init ] --START--
INFO: Run Behavior\BuildLiteBehavior [ RunTime:0.000029s ]
INFO: [ app_init ] --END-- [ RunTime:0.000646s ]
INFO: [ app_begin ] --START--
INFO: Run Behavior\ReadHtmlCacheBehavior [ RunTime:0.000583s ]
INFO: [ app_begin ] --END-- [ RunTime:0.000659s ]
SQL: SELECT * FROM `jgbs_user` WHERE ( user_id='5' ) LIMIT 1   [ RunTime:0.0011s ]
SQL: SELECT COUNT(*) AS tp_count FROM `jgbs_project` WHERE ( pro_type=1 AND pro_examine=1 ) LIMIT 1   [ RunTime:0.0011s ]
SQL: SELECT * FROM `jgbs_project` WHERE ( pro_type=1 AND pro_examine=1 ) LIMIT 3,8   [ RunTime:0.0006s ]
SQL: SELECT COUNT(*) AS tp_count FROM `jgbs_project` WHERE ( pro_type=2 AND pro_examine=1 ) LIMIT 1   [ RunTime:0.0003s ]
SQL: SELECT * FROM `jgbs_project` WHERE ( pro_type=2 AND pro_examine=1 ) LIMIT 2,6   [ RunTime:0.0003s ]
SQL: SELECT COUNT(*) AS tp_count FROM `jgbs_project` WHERE ( pro_type=3 AND pro_examine=1 ) LIMIT 1   [ RunTime:0.0002s ]
SQL: SELECT * FROM `jgbs_project` WHERE ( pro_type=3 AND pro_examine=1 ) LIMIT 3,7   [ RunTime:0.0003s ]
SQL: SELECT COUNT(*) AS tp_count FROM `jgbs_project` WHERE ( pro_type=4 AND pro_examine=1 ) LIMIT 1   [ RunTime:0.0003s ]
SQL: SELECT * FROM `jgbs_project` WHERE ( pro_type=4 AND pro_examine=1 ) LIMIT 2,6   [ RunTime:0.0003s ]
SQL: SELECT COUNT(*) AS tp_count FROM `jgbs_consult` LIMIT 1   [ RunTime:0.0005s ]
SQL: SELECT * FROM `jgbs_consult` LIMIT 0,6   [ RunTime:0.0003s ]
SQL: select * from jgbs_user where user_pro_num > 0  order by user_pro_num desc limit 5 [ RunTime:0.0005s ]
SQL: select * from jgbs_notice where nt_id > 0  order by nt_id desc limit 1 [ RunTime:0.0008s ]
INFO: [ view_parse ] --START--
INFO: [ template_filter ] --START--
INFO: Run Behavior\ContentReplaceBehavior [ RunTime:0.000182s ]
INFO: [ template_filter ] --END-- [ RunTime:0.000309s ]
INFO: Run Behavior\ParseTemplateBehavior [ RunTime:0.140319s ]
INFO: [ view_parse ] --END-- [ RunTime:0.140440s ]
INFO: [ view_filter ] --START--
INFO: Run Behavior\WriteHtmlCacheBehavior [ RunTime:0.000508s ]
INFO: [ view_filter ] --END-- [ RunTime:0.000584s ]
INFO: [ app_end ] --START--
INFO: Run Behavior\ShowPageTraceBehavior [ RunTime:0.001790s ]
INFO: [ app_end ] --END-- [ RunTime:0.001978s ]

[ 2017-05-16T00:31:56+08:00 ] 127.0.0.1 /index.php/Home/Consultation/send_cid/cid/8
INFO: [ app_init ] --START--
INFO: Run Behavior\BuildLiteBehavior [ RunTime:0.000029s ]
INFO: [ app_init ] --END-- [ RunTime:0.000543s ]
INFO: [ app_begin ] --START--
INFO: Run Behavior\ReadHtmlCacheBehavior [ RunTime:0.000697s ]
INFO: [ app_begin ] --END-- [ RunTime:0.000831s ]
SQL: SELECT * FROM `jgbs_user` WHERE ( user_id='5' ) LIMIT 1   [ RunTime:0.0004s ]
SQL: SELECT * FROM `jgbs_consult` WHERE ( cst_id='8' )  [ RunTime:0.0003s ]
SQL: select * from jgbs_reply join jgbs_user on jgbs_reply.user_id=jgbs_user.user_id where jgbs_reply.consult_id=8 [ RunTime:0.1059s ]
SQL: select * from jgbs_notice where nt_id > 0  order by nt_id desc limit 1 [ RunTime:0.0002s ]
INFO: [ view_parse ] --START--
INFO: [ template_filter ] --START--
INFO: Run Behavior\ContentReplaceBehavior [ RunTime:0.000099s ]
INFO: [ template_filter ] --END-- [ RunTime:0.000185s ]
INFO: Run Behavior\ParseTemplateBehavior [ RunTime:0.109312s ]
INFO: [ view_parse ] --END-- [ RunTime:0.109530s ]
INFO: [ view_filter ] --START--
INFO: Run Behavior\WriteHtmlCacheBehavior [ RunTime:0.000597s ]
INFO: [ view_filter ] --END-- [ RunTime:0.000677s ]
INFO: [ app_end ] --START--
INFO: Run Behavior\ShowPageTraceBehavior [ RunTime:0.003125s ]
INFO: [ app_end ] --END-- [ RunTime:0.003625s ]

[ 2017-05-16T00:32:01+08:00 ] 127.0.0.1 /index.php/Home/Consultation/send_cid/cid/3
INFO: [ app_init ] --START--
INFO: Run Behavior\BuildLiteBehavior [ RunTime:0.000031s ]
INFO: [ app_init ] --END-- [ RunTime:0.000518s ]
INFO: [ app_begin ] --START--
INFO: Run Behavior\ReadHtmlCacheBehavior [ RunTime:0.000476s ]
INFO: [ app_begin ] --END-- [ RunTime:0.000544s ]
SQL: SELECT * FROM `jgbs_user` WHERE ( user_id='5' ) LIMIT 1   [ RunTime:0.0003s ]
SQL: SELECT * FROM `jgbs_consult` WHERE ( cst_id='3' )  [ RunTime:0.0003s ]
SQL: select * from jgbs_reply join jgbs_user on jgbs_reply.user_id=jgbs_user.user_id where jgbs_reply.consult_id=3 [ RunTime:0.0004s ]
SQL: select * from jgbs_notice where nt_id > 0  order by nt_id desc limit 1 [ RunTime:0.0003s ]
INFO: [ view_parse ] --START--
INFO: [ template_filter ] --START--
INFO: Run Behavior\ContentReplaceBehavior [ RunTime:0.000127s ]
INFO: [ template_filter ] --END-- [ RunTime:0.000222s ]
INFO: Run Behavior\ParseTemplateBehavior [ RunTime:0.082663s ]
INFO: [ view_parse ] --END-- [ RunTime:0.082774s ]
INFO: [ view_filter ] --START--
INFO: Run Behavior\WriteHtmlCacheBehavior [ RunTime:0.000528s ]
INFO: [ view_filter ] --END-- [ RunTime:0.000626s ]
INFO: [ app_end ] --START--
INFO: Run Behavior\ShowPageTraceBehavior [ RunTime:0.000839s ]
INFO: [ app_end ] --END-- [ RunTime:0.000949s ]

[ 2017-05-16T00:32:06+08:00 ] 127.0.0.1 /index.php/Home/Consultation/send_cid/cid/4
INFO: [ app_init ] --START--
INFO: Run Behavior\BuildLiteBehavior [ RunTime:0.000026s ]
INFO: [ app_init ] --END-- [ RunTime:0.000508s ]
INFO: [ app_begin ] --START--
INFO: Run Behavior\ReadHtmlCacheBehavior [ RunTime:0.000654s ]
INFO: [ app_begin ] --END-- [ RunTime:0.000762s ]
SQL: SELECT * FROM `jgbs_user` WHERE ( user_id='5' ) LIMIT 1   [ RunTime:0.0004s ]
SQL: SELECT * FROM `jgbs_consult` WHERE ( cst_id='4' )  [ RunTime:0.0003s ]
SQL: select * from jgbs_reply join jgbs_user on jgbs_reply.user_id=jgbs_user.user_id where jgbs_reply.consult_id=4 [ RunTime:0.0003s ]
SQL: select * from jgbs_notice where nt_id > 0  order by nt_id desc limit 1 [ RunTime:0.0002s ]
INFO: [ view_parse ] --START--
INFO: [ template_filter ] --START--
INFO: Run Behavior\ContentReplaceBehavior [ RunTime:0.000088s ]
INFO: [ template_filter ] --END-- [ RunTime:0.000159s ]
INFO: Run Behavior\ParseTemplateBehavior [ RunTime:0.069379s ]
INFO: [ view_parse ] --END-- [ RunTime:0.069485s ]
INFO: [ view_filter ] --START--
INFO: Run Behavior\WriteHtmlCacheBehavior [ RunTime:0.000553s ]
INFO: [ view_filter ] --END-- [ RunTime:0.000637s ]
INFO: [ app_end ] --START--
INFO: Run Behavior\ShowPageTraceBehavior [ RunTime:0.000966s ]
INFO: [ app_end ] --END-- [ RunTime:0.001085s ]

[ 2017-05-16T00:32:09+08:00 ] 127.0.0.1 /index.php/Home/Consultation/send_cid/cid/1
INFO: [ app_init ] --START--
INFO: Run Behavior\BuildLiteBehavior [ RunTime:0.000028s ]
INFO: [ app_init ] --END-- [ RunTime:0.000442s ]
INFO: [ app_begin ] --START--
INFO: Run Behavior\ReadHtmlCacheBehavior [ RunTime:0.000663s ]
INFO: [ app_begin ] --END-- [ RunTime:0.000776s ]
SQL: SELECT * FROM `jgbs_user` WHERE ( user_id='5' ) LIMIT 1   [ RunTime:0.0004s ]
SQL: SELECT * FROM `jgbs_consult` WHERE ( cst_id='1' )  [ RunTime:0.0004s ]
SQL: select * from jgbs_reply join jgbs_user on jgbs_reply.user_id=jgbs_user.user_id where jgbs_reply.consult_id=1 [ RunTime:0.0003s ]
SQL: select * from jgbs_notice where nt_id > 0  order by nt_id desc limit 1 [ RunTime:0.0004s ]
INFO: [ view_parse ] --START--
INFO: [ template_filter ] --START--
INFO: Run Behavior\ContentReplaceBehavior [ RunTime:0.000118s ]
INFO: [ template_filter ] --END-- [ RunTime:0.000223s ]
INFO: Run Behavior\ParseTemplateBehavior [ RunTime:0.070813s ]
INFO: [ view_parse ] --END-- [ RunTime:0.070929s ]
INFO: [ view_filter ] --START--
INFO: Run Behavior\WriteHtmlCacheBehavior [ RunTime:0.000366s ]
INFO: [ view_filter ] --END-- [ RunTime:0.000428s ]
INFO: [ app_end ] --START--
INFO: Run Behavior\ShowPageTraceBehavior [ RunTime:0.000753s ]
INFO: [ app_end ] --END-- [ RunTime:0.000830s ]

[ 2017-05-16T01:23:05+08:00 ] 127.0.0.1 /index.php/Home/index/index.html
INFO: [ app_init ] --START--
INFO: Run Behavior\BuildLiteBehavior [ RunTime:0.000017s ]
INFO: [ app_init ] --END-- [ RunTime:0.000464s ]
INFO: [ app_begin ] --START--
INFO: Run Behavior\ReadHtmlCacheBehavior [ RunTime:0.000503s ]
INFO: [ app_begin ] --END-- [ RunTime:0.000563s ]
SQL: SELECT * FROM `jgbs_user` WHERE ( user_id='5' ) LIMIT 1   [ RunTime:0.0009s ]
SQL: SELECT COUNT(*) AS tp_count FROM `jgbs_project` WHERE ( pro_type=1 AND pro_examine=1 ) LIMIT 1   [ RunTime:0.0009s ]
SQL: SELECT * FROM `jgbs_project` WHERE ( pro_type=1 AND pro_examine=1 ) LIMIT 3,8   [ RunTime:0.0005s ]
SQL: SELECT COUNT(*) AS tp_count FROM `jgbs_project` WHERE ( pro_type=2 AND pro_examine=1 ) LIMIT 1   [ RunTime:0.0003s ]
SQL: SELECT * FROM `jgbs_project` WHERE ( pro_type=2 AND pro_examine=1 ) LIMIT 2,6   [ RunTime:0.0003s ]
SQL: SELECT COUNT(*) AS tp_count FROM `jgbs_project` WHERE ( pro_type=3 AND pro_examine=1 ) LIMIT 1   [ RunTime:0.0003s ]
SQL: SELECT * FROM `jgbs_project` WHERE ( pro_type=3 AND pro_examine=1 ) LIMIT 3,7   [ RunTime:0.0003s ]
SQL: SELECT COUNT(*) AS tp_count FROM `jgbs_project` WHERE ( pro_type=4 AND pro_examine=1 ) LIMIT 1   [ RunTime:0.0002s ]
SQL: SELECT * FROM `jgbs_project` WHERE ( pro_type=4 AND pro_examine=1 ) LIMIT 2,6   [ RunTime:0.0003s ]
SQL: SELECT COUNT(*) AS tp_count FROM `jgbs_consult` LIMIT 1   [ RunTime:0.0005s ]
SQL: SELECT * FROM `jgbs_consult` LIMIT 0,6   [ RunTime:0.0002s ]
SQL: select * from jgbs_user where user_pro_num > 0  order by user_pro_num desc limit 5 [ RunTime:0.0004s ]
SQL: select * from jgbs_notice where nt_id > 0  order by nt_id desc limit 1 [ RunTime:0.0006s ]
INFO: [ view_parse ] --START--
INFO: [ template_filter ] --START--
INFO: Run Behavior\ContentReplaceBehavior [ RunTime:0.000118s ]
INFO: [ template_filter ] --END-- [ RunTime:0.000186s ]
INFO: Run Behavior\ParseTemplateBehavior [ RunTime:0.140194s ]
INFO: [ view_parse ] --END-- [ RunTime:0.140277s ]
INFO: [ view_filter ] --START--
INFO: Run Behavior\WriteHtmlCacheBehavior [ RunTime:0.000466s ]
INFO: [ view_filter ] --END-- [ RunTime:0.000526s ]
INFO: [ app_end ] --START--
INFO: Run Behavior\ShowPageTraceBehavior [ RunTime:0.001272s ]
INFO: [ app_end ] --END-- [ RunTime:0.001647s ]

